Using pre-set license
Built from '2021.3/staging' branch; Version is '2021.3.24f1 (cf10dcf7010d) revision 13570268'; Using compiler version '192829333'; Build Type 'Release'
OS: 'Windows 11  (10.0.22621) 64bit Professional' Language: 'ko' Physical Memory: 65240 MB
BatchMode: 1, IsHumanControllingUs: 0, StartBugReporterOnCrash: 0, Is64bit: 1, IsPro: 1

COMMAND LINE ARGUMENTS:
C:\Program Files\Unity\Hub\Editor\2021.3.24f1\Editor\Unity.exe
-adb2
-batchMode
-noUpm
-name
AssetImportWorker14
-projectPath
C:/Users/Yerin/Desktop/gitlabUnity/metamap.v.5.6/metamap.v.5/META_MAP
-logFile
Logs/AssetImportWorker14.log
-srvPort
59938
Successfully changed project path to: C:/Users/Yerin/Desktop/gitlabUnity/metamap.v.5.6/metamap.v.5/META_MAP
C:/Users/Yerin/Desktop/gitlabUnity/metamap.v.5.6/metamap.v.5/META_MAP
[UnityMemory] Configuration Parameters - Can be set up in boot.config
    "memorysetup-bucket-allocator-granularity=16"
    "memorysetup-bucket-allocator-bucket-count=8"
    "memorysetup-bucket-allocator-block-size=33554432"
    "memorysetup-bucket-allocator-block-count=8"
    "memorysetup-main-allocator-block-size=16777216"
    "memorysetup-thread-allocator-block-size=16777216"
    "memorysetup-gfx-main-allocator-block-size=16777216"
    "memorysetup-gfx-thread-allocator-block-size=16777216"
    "memorysetup-cache-allocator-block-size=4194304"
    "memorysetup-typetree-allocator-block-size=2097152"
    "memorysetup-profiler-bucket-allocator-granularity=16"
    "memorysetup-profiler-bucket-allocator-bucket-count=8"
    "memorysetup-profiler-bucket-allocator-block-size=33554432"
    "memorysetup-profiler-bucket-allocator-block-count=8"
    "memorysetup-profiler-allocator-block-size=16777216"
    "memorysetup-profiler-editor-allocator-block-size=1048576"
    "memorysetup-temp-allocator-size-main=16777216"
    "memorysetup-job-temp-allocator-block-size=2097152"
    "memorysetup-job-temp-allocator-block-size-background=1048576"
    "memorysetup-job-temp-allocator-reduction-small-platforms=262144"
    "memorysetup-temp-allocator-size-background-worker=32768"
    "memorysetup-temp-allocator-size-job-worker=262144"
    "memorysetup-temp-allocator-size-preload-manager=33554432"
    "memorysetup-temp-allocator-size-nav-mesh-worker=65536"
    "memorysetup-temp-allocator-size-audio-worker=65536"
    "memorysetup-temp-allocator-size-cloud-worker=32768"
    "memorysetup-temp-allocator-size-gi-baking-worker=262144"
    "memorysetup-temp-allocator-size-gfx=262144"
Player connection [35256] Host "[IP] 0.0.0.0 [Port] 0 [Flags] 2 [Guid] 2815586096 [EditorId] 2815586096 [Version] 1048832 [Id] WindowsEditor(7,DESKTOP-HS1RBE5) [Debug] 1 [PackageName] WindowsEditor [ProjectName] Editor" joined multi-casting on [225.0.0.222:54997]...

Player connection [35256] Host "[IP] 0.0.0.0 [Port] 0 [Flags] 2 [Guid] 2815586096 [EditorId] 2815586096 [Version] 1048832 [Id] WindowsEditor(7,DESKTOP-HS1RBE5) [Debug] 1 [PackageName] WindowsEditor [ProjectName] Editor" joined alternative multi-casting on [225.0.0.222:34997]...

Refreshing native plugins compatible for Editor in 157.69 ms, found 3 plugins.
Preloading 0 native plugins for Editor in 0.00 ms.
Initialize engine version: 2021.3.24f1 (cf10dcf7010d)
[Subsystems] Discovering subsystems at path C:/Program Files/Unity/Hub/Editor/2021.3.24f1/Editor/Data/Resources/UnitySubsystems
[Subsystems] Discovering subsystems at path C:/Users/Yerin/Desktop/gitlabUnity/metamap.v.5.6/metamap.v.5/META_MAP/Assets
GfxDevice: creating device client; threaded=0; jobified=0
Direct3D:
    Version:  Direct3D 11.0 [level 11.1]
    Renderer: NVIDIA GeForce RTX 3060 Laptop GPU (ID=0x2520)
    Vendor:   NVIDIA
    VRAM:     6023 MB
    Driver:   30.0.15.1165
Initialize mono
Mono path[0] = 'C:/Program Files/Unity/Hub/Editor/2021.3.24f1/Editor/Data/Managed'
Mono path[1] = 'C:/Program Files/Unity/Hub/Editor/2021.3.24f1/Editor/Data/MonoBleedingEdge/lib/mono/unityjit-win32'
Mono config path = 'C:/Program Files/Unity/Hub/Editor/2021.3.24f1/Editor/Data/MonoBleedingEdge/etc'
Using monoOptions --debugger-agent=transport=dt_socket,embedding=1,server=y,suspend=n,address=127.0.0.1:56304
Begin MonoManager ReloadAssembly
Registering precompiled unity dll's ...
Register platform support module: C:/Program Files/Unity/Hub/Editor/2021.3.24f1/Editor/Data/PlaybackEngines/WebGLSupport/UnityEditor.WebGL.Extensions.dll
Register platform support module: C:/Program Files/Unity/Hub/Editor/2021.3.24f1/Editor/Data/PlaybackEngines/AndroidPlayer/UnityEditor.Android.Extensions.dll
Register platform support module: C:/Program Files/Unity/Hub/Editor/2021.3.24f1/Editor/Data/PlaybackEngines/iOSSupport/UnityEditor.iOS.Extensions.dll
Register platform support module: C:/Program Files/Unity/Hub/Editor/2021.3.24f1/Editor/Data/PlaybackEngines/WindowsStandaloneSupport/UnityEditor.WindowsStandalone.Extensions.dll
Register platform support module: C:/Program Files/Unity/Hub/Editor/2021.3.24f1/Editor/Data/PlaybackEngines/LinuxStandaloneSupport/UnityEditor.LinuxStandalone.Extensions.dll
Registered in 0.006114 seconds.
Native extension for LinuxStandalone target not found
Native extension for WindowsStandalone target not found
[usbmuxd] Start listen thread
[usbmuxd] Listen thread started
[usbmuxd] Send listen message
Native extension for iOS target not found
Native extension for Android target not found
Android Extension - Scanning For ADB Devices 306 ms
Native extension for WebGL target not found
Refreshing native plugins compatible for Editor in 97.82 ms, found 3 plugins.
Preloading 0 native plugins for Editor in 0.00 ms.
Mono: successfully reloaded assembly
- Completed reload, in  1.088 seconds
Domain Reload Profiling:
	ReloadAssembly (1089ms)
		BeginReloadAssembly (100ms)
			ExecutionOrderSort (0ms)
			DisableScriptedObjects (0ms)
			BackupInstance (0ms)
			ReleaseScriptingObjects (0ms)
			CreateAndSetChildDomain (1ms)
		EndReloadAssembly (875ms)
			LoadAssemblies (99ms)
			RebuildTransferFunctionScriptingTraits (0ms)
			SetupTypeCache (146ms)
			ReleaseScriptCaches (0ms)
			RebuildScriptCaches (35ms)
			SetupLoadedEditorAssemblies (643ms)
				LogAssemblyErrors (0ms)
				InitializePlatformSupportModulesInManaged (402ms)
				SetLoadedEditorAssemblies (0ms)
				RefreshPlugins (98ms)
				BeforeProcessingInitializeOnLoad (1ms)
				ProcessInitializeOnLoadAttributes (96ms)
				ProcessInitializeOnLoadMethodAttributes (45ms)
				AfterProcessingInitializeOnLoad (0ms)
				EditorAssembliesLoaded (0ms)
			ExecutionOrderSort2 (0ms)
			AwakeInstancesAfterBackupRestoration (0ms)
Platform modules already initialized, skipping
Registering precompiled user dll's ...
Registered in 0.004204 seconds.
Begin MonoManager ReloadAssembly
Symbol file LoadedFromMemory doesn't match image C:\Users\Yerin\Desktop\gitlabUnity\metamap.v.5.6\metamap.v.5\META_MAP\Library\PackageCache\com.unity.visualscripting@1.8.0\Editor\VisualScripting.Core\Dependencies\YamlDotNet\Unity.VisualScripting.YamlDotNet.dll
Symbol file LoadedFromMemory doesn't match image C:\Users\Yerin\Desktop\gitlabUnity\metamap.v.5.6\metamap.v.5\META_MAP\Library\PackageCache\com.unity.visualscripting@1.8.0\Editor\VisualScripting.Core\Dependencies\DotNetZip\Unity.VisualScripting.IonicZip.dll
Native extension for LinuxStandalone target not found
Native extension for WindowsStandalone target not found
Native extension for iOS target not found
Native extension for Android target not found
Native extension for WebGL target not found
Refreshing native plugins compatible for Editor in 0.61 ms, found 3 plugins.
Preloading 0 native plugins for Editor in 0.00 ms.
Mono: successfully reloaded assembly
- Completed reload, in  1.249 seconds
Domain Reload Profiling:
	ReloadAssembly (1250ms)
		BeginReloadAssembly (142ms)
			ExecutionOrderSort (0ms)
			DisableScriptedObjects (7ms)
			BackupInstance (0ms)
			ReleaseScriptingObjects (0ms)
			CreateAndSetChildDomain (22ms)
		EndReloadAssembly (997ms)
			LoadAssemblies (100ms)
			RebuildTransferFunctionScriptingTraits (0ms)
			SetupTypeCache (281ms)
			ReleaseScriptCaches (1ms)
			RebuildScriptCaches (51ms)
			SetupLoadedEditorAssemblies (555ms)
				LogAssemblyErrors (0ms)
				InitializePlatformSupportModulesInManaged (38ms)
				SetLoadedEditorAssemblies (0ms)
				RefreshPlugins (1ms)
				BeforeProcessingInitializeOnLoad (78ms)
				ProcessInitializeOnLoadAttributes (415ms)
				ProcessInitializeOnLoadMethodAttributes (18ms)
				AfterProcessingInitializeOnLoad (5ms)
				EditorAssembliesLoaded (0ms)
			ExecutionOrderSort2 (0ms)
			AwakeInstancesAfterBackupRestoration (5ms)
Platform modules already initialized, skipping
========================================================================
Worker process is ready to serve import requests
Launched and connected shader compiler UnityShaderCompiler.exe after 0.07 seconds
Refreshing native plugins compatible for Editor in 0.72 ms, found 3 plugins.
Preloading 0 native plugins for Editor in 0.00 ms.
Unloading 4271 Unused Serialized files (Serialized files now loaded: 0)
Unloading 29 unused Assets / (317.5 KB). Loaded Objects now: 4738.
Memory consumption went from 172.8 MB to 172.5 MB.
Total: 3.430500 ms (FindLiveObjects: 0.261600 ms CreateObjectMapping: 0.121100 ms MarkObjects: 2.967100 ms  DeleteObjects: 0.079500 ms)

AssetImportParameters requested are different than current active one (requested -> active):
  custom:video-decoder-ogg-theora: a1e56fd34408186e4bbccfd4996cb3dc -> 
  custom:container-muxer-webm: aa71ff27fc2769a1b78a27578f13a17b -> 
  custom:container-demuxer-webm: 4f35f7cbe854078d1ac9338744f61a02 -> 
  custom:video-encoder-webm-vp8: eb34c28f22e8b96e1ab97ce403110664 -> 
  custom:audio-encoder-webm-vorbis: bf7c407c2cedff20999df2af8eb42d56 -> 
  custom:framework-win-MediaFoundation: 216162199b28c13a410421893ffa2e32 -> 
  custom:SearchIndexIgnoredProperties: e643bd26f0fe6173181afceb89e7c659 -> 
  custom:container-demuxer-ogg: 62fdf1f143b41e24485cea50d1cbac27 -> 
  custom:video-decoder-webm-vp8: 9c59270c3fd7afecdb556c50c9e8de78 -> 
  custom:audio-decoder-ogg-vorbis: bf7c407c2cedff20999df2af8eb42d56 -> 
========================================================================
Received Prepare
Registering precompiled user dll's ...
Registered in 0.004899 seconds.
Begin MonoManager ReloadAssembly
Symbol file LoadedFromMemory doesn't match image C:\Users\Yerin\Desktop\gitlabUnity\metamap.v.5.6\metamap.v.5\META_MAP\Library\PackageCache\com.unity.visualscripting@1.8.0\Editor\VisualScripting.Core\Dependencies\YamlDotNet\Unity.VisualScripting.YamlDotNet.dll
Symbol file LoadedFromMemory doesn't match image C:\Users\Yerin\Desktop\gitlabUnity\metamap.v.5.6\metamap.v.5\META_MAP\Library\PackageCache\com.unity.visualscripting@1.8.0\Editor\VisualScripting.Core\Dependencies\DotNetZip\Unity.VisualScripting.IonicZip.dll
Native extension for LinuxStandalone target not found
Native extension for WindowsStandalone target not found
Native extension for iOS target not found
Native extension for Android target not found
Native extension for WebGL target not found
Refreshing native plugins compatible for Editor in 0.67 ms, found 3 plugins.
Preloading 0 native plugins for Editor in 0.00 ms.
Mono: successfully reloaded assembly
- Completed reload, in  1.441 seconds
Domain Reload Profiling:
	ReloadAssembly (1443ms)
		BeginReloadAssembly (157ms)
			ExecutionOrderSort (0ms)
			DisableScriptedObjects (5ms)
			BackupInstance (0ms)
			ReleaseScriptingObjects (0ms)
			CreateAndSetChildDomain (43ms)
		EndReloadAssembly (1194ms)
			LoadAssemblies (97ms)
			RebuildTransferFunctionScriptingTraits (0ms)
			SetupTypeCache (301ms)
			ReleaseScriptCaches (3ms)
			RebuildScriptCaches (48ms)
			SetupLoadedEditorAssemblies (674ms)
				LogAssemblyErrors (0ms)
				InitializePlatformSupportModulesInManaged (37ms)
				SetLoadedEditorAssemblies (1ms)
				RefreshPlugins (1ms)
				BeforeProcessingInitializeOnLoad (74ms)
				ProcessInitializeOnLoadAttributes (518ms)
				ProcessInitializeOnLoadMethodAttributes (38ms)
				AfterProcessingInitializeOnLoad (6ms)
				EditorAssembliesLoaded (0ms)
			ExecutionOrderSort2 (0ms)
			AwakeInstancesAfterBackupRestoration (22ms)
Platform modules already initialized, skipping
Refreshing native plugins compatible for Editor in 1.54 ms, found 3 plugins.
Preloading 0 native plugins for Editor in 0.00 ms.
Unloading 4195 Unused Serialized files (Serialized files now loaded: 0)
Unloading 23 unused Assets / (309.9 KB). Loaded Objects now: 4741.
Memory consumption went from 167.0 MB to 166.7 MB.
Total: 6.153600 ms (FindLiveObjects: 0.386600 ms CreateObjectMapping: 0.175500 ms MarkObjects: 5.491700 ms  DeleteObjects: 0.097800 ms)

AssetImportParameters requested are different than current active one (requested -> active):
  custom:video-decoder-ogg-theora: a1e56fd34408186e4bbccfd4996cb3dc -> 
  custom:container-muxer-webm: aa71ff27fc2769a1b78a27578f13a17b -> 
  custom:container-demuxer-webm: 4f35f7cbe854078d1ac9338744f61a02 -> 
  custom:video-encoder-webm-vp8: eb34c28f22e8b96e1ab97ce403110664 -> 
  custom:audio-encoder-webm-vorbis: bf7c407c2cedff20999df2af8eb42d56 -> 
  custom:framework-win-MediaFoundation: 216162199b28c13a410421893ffa2e32 -> 
  custom:SearchIndexIgnoredProperties: e643bd26f0fe6173181afceb89e7c659 -> 
  custom:container-demuxer-ogg: 62fdf1f143b41e24485cea50d1cbac27 -> 
  custom:video-decoder-webm-vp8: 9c59270c3fd7afecdb556c50c9e8de78 -> 
  custom:audio-decoder-ogg-vorbis: bf7c407c2cedff20999df2af8eb42d56 -> 
========================================================================
Received Prepare
Registering precompiled user dll's ...
Registered in 0.004569 seconds.
Begin MonoManager ReloadAssembly
Symbol file LoadedFromMemory doesn't match image C:\Users\Yerin\Desktop\gitlabUnity\metamap.v.5.6\metamap.v.5\META_MAP\Library\PackageCache\com.unity.visualscripting@1.8.0\Editor\VisualScripting.Core\Dependencies\YamlDotNet\Unity.VisualScripting.YamlDotNet.dll
Symbol file LoadedFromMemory doesn't match image C:\Users\Yerin\Desktop\gitlabUnity\metamap.v.5.6\metamap.v.5\META_MAP\Library\PackageCache\com.unity.visualscripting@1.8.0\Editor\VisualScripting.Core\Dependencies\DotNetZip\Unity.VisualScripting.IonicZip.dll
Native extension for LinuxStandalone target not found
Native extension for WindowsStandalone target not found
Native extension for iOS target not found
Native extension for Android target not found
Native extension for WebGL target not found
Refreshing native plugins compatible for Editor in 0.79 ms, found 3 plugins.
Preloading 0 native plugins for Editor in 0.00 ms.
Mono: successfully reloaded assembly
- Completed reload, in  1.455 seconds
Domain Reload Profiling:
	ReloadAssembly (1456ms)
		BeginReloadAssembly (153ms)
			ExecutionOrderSort (0ms)
			DisableScriptedObjects (6ms)
			BackupInstance (0ms)
			ReleaseScriptingObjects (0ms)
			CreateAndSetChildDomain (39ms)
		EndReloadAssembly (1208ms)
			LoadAssemblies (96ms)
			RebuildTransferFunctionScriptingTraits (0ms)
			SetupTypeCache (334ms)
			ReleaseScriptCaches (2ms)
			RebuildScriptCaches (42ms)
			SetupLoadedEditorAssemblies (633ms)
				LogAssemblyErrors (0ms)
				InitializePlatformSupportModulesInManaged (39ms)
				SetLoadedEditorAssemblies (0ms)
				RefreshPlugins (1ms)
				BeforeProcessingInitializeOnLoad (79ms)
				ProcessInitializeOnLoadAttributes (460ms)
				ProcessInitializeOnLoadMethodAttributes (46ms)
				AfterProcessingInitializeOnLoad (8ms)
				EditorAssembliesLoaded (0ms)
			ExecutionOrderSort2 (0ms)
			AwakeInstancesAfterBackupRestoration (50ms)
Platform modules already initialized, skipping
Refreshing native plugins compatible for Editor in 3.15 ms, found 3 plugins.
Preloading 0 native plugins for Editor in 0.00 ms.
Unloading 4195 Unused Serialized files (Serialized files now loaded: 0)
Unloading 23 unused Assets / (309.8 KB). Loaded Objects now: 4744.
Memory consumption went from 167.0 MB to 166.7 MB.
Total: 6.045700 ms (FindLiveObjects: 0.394300 ms CreateObjectMapping: 0.190800 ms MarkObjects: 5.356000 ms  DeleteObjects: 0.102700 ms)

AssetImportParameters requested are different than current active one (requested -> active):
  custom:video-decoder-ogg-theora: a1e56fd34408186e4bbccfd4996cb3dc -> 
  custom:container-muxer-webm: aa71ff27fc2769a1b78a27578f13a17b -> 
  custom:container-demuxer-webm: 4f35f7cbe854078d1ac9338744f61a02 -> 
  custom:video-encoder-webm-vp8: eb34c28f22e8b96e1ab97ce403110664 -> 
  custom:audio-encoder-webm-vorbis: bf7c407c2cedff20999df2af8eb42d56 -> 
  custom:framework-win-MediaFoundation: 216162199b28c13a410421893ffa2e32 -> 
  custom:SearchIndexIgnoredProperties: e643bd26f0fe6173181afceb89e7c659 -> 
  custom:container-demuxer-ogg: 62fdf1f143b41e24485cea50d1cbac27 -> 
  custom:video-decoder-webm-vp8: 9c59270c3fd7afecdb556c50c9e8de78 -> 
  custom:audio-decoder-ogg-vorbis: bf7c407c2cedff20999df2af8eb42d56 -> 
========================================================================
Received Import Request.
  Time since last request: 1289152.196599 seconds.
  path: Assets/TextMesh Pro/Resources/Fonts & Materials/LiberationSans SDF - Fallback.asset
  artifactKey: Guid(2e498d1c8094910479dc3e1b768306a4) Importer(815301076,1909f56bfc062723c751e8b465ee728b)
Start importing Assets/TextMesh Pro/Resources/Fonts & Materials/LiberationSans SDF - Fallback.asset using Guid(2e498d1c8094910479dc3e1b768306a4) Importer(815301076,1909f56bfc062723c751e8b465ee728b)  -> (artifact id: '7250760fc44645c8f9311978f3937ad1') in 0.348032 seconds 
========================================================================
Received Import Request.
  Time since last request: 0.781423 seconds.
  path: Assets/Resources/Font/Pretendard-Bold SDF.asset
  artifactKey: Guid(d898c98f483782d4d859fcd204e720ce) Importer(815301076,1909f56bfc062723c751e8b465ee728b)
Start importing Assets/Resources/Font/Pretendard-Bold SDF.asset using Guid(d898c98f483782d4d859fcd204e720ce) Importer(815301076,1909f56bfc062723c751e8b465ee728b)  -> (artifact id: '86922491caaf721868269cadb1a95877') in 0.549423 seconds 
========================================================================
Received Import Request.
  Time since last request: 0.000041 seconds.
  path: Assets/Resources/Font/Pretendard-ExtraLight SDF.asset
  artifactKey: Guid(4748f145567581840b26287693b441b2) Importer(815301076,1909f56bfc062723c751e8b465ee728b)
Start importing Assets/Resources/Font/Pretendard-ExtraLight SDF.asset using Guid(4748f145567581840b26287693b441b2) Importer(815301076,1909f56bfc062723c751e8b465ee728b)  -> (artifact id: '06381efeab1c52338299780ac9071cd7') in 0.522887 seconds 
========================================================================
Received Import Request.
  Time since last request: 0.000082 seconds.
  path: Assets/Resources/Font/Pretendard-Light SDF.asset
  artifactKey: Guid(1ec5d37d4aebb8447bfed01cfcb552d6) Importer(815301076,1909f56bfc062723c751e8b465ee728b)
Start importing Assets/Resources/Font/Pretendard-Light SDF.asset using Guid(1ec5d37d4aebb8447bfed01cfcb552d6) Importer(815301076,1909f56bfc062723c751e8b465ee728b)  -> (artifact id: '545239014f73fae30ae2eed7d681ff11') in 0.474832 seconds 
========================================================================
Received Import Request.
  Time since last request: 0.801859 seconds.
  path: Assets/Resources/Font/Pretendard-SemiBold SDF.asset
  artifactKey: Guid(68b7098cb1c4b2147aedc17382d70dd3) Importer(815301076,1909f56bfc062723c751e8b465ee728b)
Start importing Assets/Resources/Font/Pretendard-SemiBold SDF.asset using Guid(68b7098cb1c4b2147aedc17382d70dd3) Importer(815301076,1909f56bfc062723c751e8b465ee728b)  -> (artifact id: 'fbc538feef483d36c8378e54f017db80') in 0.506270 seconds 
========================================================================
Received Import Request.
  Time since last request: 1200.941800 seconds.
  path: Assets/Resources/Icon/dialmenu-icon/background_active (1).png
  artifactKey: Guid(4f25a44234f217e4487be4d24b59758e) Importer(815301076,1909f56bfc062723c751e8b465ee728b)
Start importing Assets/Resources/Icon/dialmenu-icon/background_active (1).png using Guid(4f25a44234f217e4487be4d24b59758e) Importer(815301076,1909f56bfc062723c751e8b465ee728b)  -> (artifact id: 'e577ba16125b89b6fdc59352697feb52') in 0.021841 seconds 
========================================================================
Received Import Request.
  Time since last request: 0.000026 seconds.
  path: Assets/Resources/Icon/dialmenu-icon/background_active-1.png
  artifactKey: Guid(6fe9312a6975cca41b8565b8f13ce1ce) Importer(815301076,1909f56bfc062723c751e8b465ee728b)
Start importing Assets/Resources/Icon/dialmenu-icon/background_active-1.png using Guid(6fe9312a6975cca41b8565b8f13ce1ce) Importer(815301076,1909f56bfc062723c751e8b465ee728b)  -> (artifact id: 'ab5af7425d2e72fb374bf149211f98a7') in 0.017634 seconds 
========================================================================
Received Import Request.
  Time since last request: 0.000041 seconds.
  path: Assets/Resources/Icon/dialmenu-icon/background_inactive (1).png
  artifactKey: Guid(e3d1cad2b0e5a1c41b785967d9343571) Importer(815301076,1909f56bfc062723c751e8b465ee728b)
Start importing Assets/Resources/Icon/dialmenu-icon/background_inactive (1).png using Guid(e3d1cad2b0e5a1c41b785967d9343571) Importer(815301076,1909f56bfc062723c751e8b465ee728b)  -> (artifact id: 'f4c1e230e12e02c34494a4040412d7f2') in 0.017787 seconds 
========================================================================
Received Import Request.
  Time since last request: 0.000021 seconds.
  path: Assets/Resources/Icon/dialmenu-icon/handle.png
  artifactKey: Guid(a7987fe29fa29d948b13babd3124ded8) Importer(815301076,1909f56bfc062723c751e8b465ee728b)
Start importing Assets/Resources/Icon/dialmenu-icon/handle.png using Guid(a7987fe29fa29d948b13babd3124ded8) Importer(815301076,1909f56bfc062723c751e8b465ee728b)  -> (artifact id: 'cc4231d160e82469145b79b732c7d74a') in 0.013877 seconds 
========================================================================
Received Import Request.
  Time since last request: 25.469071 seconds.
  path: Assets/Resources/Icon/dialmenu-icon/background_active-1.png
  artifactKey: Guid(6fe9312a6975cca41b8565b8f13ce1ce) Importer(815301076,1909f56bfc062723c751e8b465ee728b)
Start importing Assets/Resources/Icon/dialmenu-icon/background_active-1.png using Guid(6fe9312a6975cca41b8565b8f13ce1ce) Importer(815301076,1909f56bfc062723c751e8b465ee728b)  -> (artifact id: 'a48d62e61eac96b12c86b0f667302017') in 0.085339 seconds 
========================================================================
Received Import Request.
  Time since last request: 44.965471 seconds.
  path: Assets/Resources/Icon/dialmenu-icon/main.png
  artifactKey: Guid(37ffb03b42442f440945d0bf1a5239ee) Importer(815301076,1909f56bfc062723c751e8b465ee728b)
Start importing Assets/Resources/Icon/dialmenu-icon/main.png using Guid(37ffb03b42442f440945d0bf1a5239ee) Importer(815301076,1909f56bfc062723c751e8b465ee728b)  -> (artifact id: '118c51e49a3572f48be6cefba6c1703e') in 0.049131 seconds 
========================================================================
Received Import Request.
  Time since last request: 0.000023 seconds.
  path: Assets/Resources/Icon/dialmenu-icon/smart_service.png
  artifactKey: Guid(618b1d87c94f2054193a686b2f95d62b) Importer(815301076,1909f56bfc062723c751e8b465ee728b)
Start importing Assets/Resources/Icon/dialmenu-icon/smart_service.png using Guid(618b1d87c94f2054193a686b2f95d62b) Importer(815301076,1909f56bfc062723c751e8b465ee728b)  -> (artifact id: 'e220d82b5131f200c96789e74a507c90') in 0.033840 seconds 
========================================================================
Received Import Request.
  Time since last request: 6.867191 seconds.
  path: Assets/Resources/Icon/dialmenu-icon/market.png
  artifactKey: Guid(3111ce97fa034104c86ccc68c1fa9a75) Importer(815301076,1909f56bfc062723c751e8b465ee728b)
Start importing Assets/Resources/Icon/dialmenu-icon/market.png using Guid(3111ce97fa034104c86ccc68c1fa9a75) Importer(815301076,1909f56bfc062723c751e8b465ee728b)  -> (artifact id: 'fc9696d32a83b838afaea02da953c8e8') in 0.050175 seconds 
========================================================================
Received Import Request.
  Time since last request: 0.000019 seconds.
  path: Assets/Resources/Icon/dialmenu-icon/smart_service.png
  artifactKey: Guid(618b1d87c94f2054193a686b2f95d62b) Importer(815301076,1909f56bfc062723c751e8b465ee728b)
Start importing Assets/Resources/Icon/dialmenu-icon/smart_service.png using Guid(618b1d87c94f2054193a686b2f95d62b) Importer(815301076,1909f56bfc062723c751e8b465ee728b)  -> (artifact id: 'dc9296a93c1511435053e3807a84c332') in 0.040994 seconds 
Editor requested this worker to shutdown with reason: Scaling down because of idle timeout
AssetImportWorker is now disconnected from the server
Process exiting
Exiting without the bug reporter. Application will terminate with return code 0