Using pre-set license
Built from '2021.3/staging' branch; Version is '2021.3.24f1 (cf10dcf7010d) revision 13570268'; Using compiler version '192829333'; Build Type 'Release'
OS: 'Windows 11  (10.0.22621) 64bit Professional' Language: 'ko' Physical Memory: 65240 MB
BatchMode: 1, IsHumanControllingUs: 0, StartBugReporterOnCrash: 0, Is64bit: 1, IsPro: 1

COMMAND LINE ARGUMENTS:
C:\Program Files\Unity\Hub\Editor\2021.3.24f1\Editor\Unity.exe
-adb2
-batchMode
-noUpm
-name
AssetImportWorker0
-projectPath
C:/Users/pksoy/Desktop/unity/meta0823/metamap.v.5/META_MAP
-logFile
Logs/AssetImportWorker0.log
-srvPort
62693
Successfully changed project path to: C:/Users/pksoy/Desktop/unity/meta0823/metamap.v.5/META_MAP
C:/Users/pksoy/Desktop/unity/meta0823/metamap.v.5/META_MAP
[UnityMemory] Configuration Parameters - Can be set up in boot.config
    "memorysetup-bucket-allocator-granularity=16"
    "memorysetup-bucket-allocator-bucket-count=8"
    "memorysetup-bucket-allocator-block-size=33554432"
    "memorysetup-bucket-allocator-block-count=8"
    "memorysetup-main-allocator-block-size=16777216"
    "memorysetup-thread-allocator-block-size=16777216"
    "memorysetup-gfx-main-allocator-block-size=16777216"
    "memorysetup-gfx-thread-allocator-block-size=16777216"
    "memorysetup-cache-allocator-block-size=4194304"
    "memorysetup-typetree-allocator-block-size=2097152"
    "memorysetup-profiler-bucket-allocator-granularity=16"
    "memorysetup-profiler-bucket-allocator-bucket-count=8"
    "memorysetup-profiler-bucket-allocator-block-size=33554432"
    "memorysetup-profiler-bucket-allocator-block-count=8"
    "memorysetup-profiler-allocator-block-size=16777216"
    "memorysetup-profiler-editor-allocator-block-size=1048576"
    "memorysetup-temp-allocator-size-main=16777216"
    "memorysetup-job-temp-allocator-block-size=2097152"
    "memorysetup-job-temp-allocator-block-size-background=1048576"
    "memorysetup-job-temp-allocator-reduction-small-platforms=262144"
    "memorysetup-temp-allocator-size-background-worker=32768"
    "memorysetup-temp-allocator-size-job-worker=262144"
    "memorysetup-temp-allocator-size-preload-manager=33554432"
    "memorysetup-temp-allocator-size-nav-mesh-worker=65536"
    "memorysetup-temp-allocator-size-audio-worker=65536"
    "memorysetup-temp-allocator-size-cloud-worker=32768"
    "memorysetup-temp-allocator-size-gi-baking-worker=262144"
    "memorysetup-temp-allocator-size-gfx=262144"
Player connection [13256] Host "[IP] 192.168.1.99 [Port] 0 [Flags] 2 [Guid] 3885229419 [EditorId] 3885229419 [Version] 1048832 [Id] WindowsEditor(7,DESKTOP-M7KDN41) [Debug] 1 [PackageName] WindowsEditor [ProjectName] Editor" joined multi-casting on [225.0.0.222:54997]...

Player connection [13256] Host "[IP] 192.168.1.99 [Port] 0 [Flags] 2 [Guid] 3885229419 [EditorId] 3885229419 [Version] 1048832 [Id] WindowsEditor(7,DESKTOP-M7KDN41) [Debug] 1 [PackageName] WindowsEditor [ProjectName] Editor" joined alternative multi-casting on [225.0.0.222:34997]...

Refreshing native plugins compatible for Editor in 77.78 ms, found 3 plugins.
Preloading 0 native plugins for Editor in 0.00 ms.
Initialize engine version: 2021.3.24f1 (cf10dcf7010d)
[Subsystems] Discovering subsystems at path C:/Program Files/Unity/Hub/Editor/2021.3.24f1/Editor/Data/Resources/UnitySubsystems
[Subsystems] Discovering subsystems at path C:/Users/pksoy/Desktop/unity/meta0823/metamap.v.5/META_MAP/Assets
GfxDevice: creating device client; threaded=0; jobified=0
Direct3D:
    Version:  Direct3D 11.0 [level 11.1]
    Renderer: NVIDIA GeForce RTX 3060 Laptop GPU (ID=0x2520)
    Vendor:   NVIDIA
    VRAM:     6023 MB
    Driver:   30.0.15.1165
Initialize mono
Mono path[0] = 'C:/Program Files/Unity/Hub/Editor/2021.3.24f1/Editor/Data/Managed'
Mono path[1] = 'C:/Program Files/Unity/Hub/Editor/2021.3.24f1/Editor/Data/MonoBleedingEdge/lib/mono/unityjit-win32'
Mono config path = 'C:/Program Files/Unity/Hub/Editor/2021.3.24f1/Editor/Data/MonoBleedingEdge/etc'
Using monoOptions --debugger-agent=transport=dt_socket,embedding=1,server=y,suspend=n,address=127.0.0.1:56276
Begin MonoManager ReloadAssembly
Registering precompiled unity dll's ...
Register platform support module: C:/Program Files/Unity/Hub/Editor/2021.3.24f1/Editor/Data/PlaybackEngines/WebGLSupport/UnityEditor.WebGL.Extensions.dll
Register platform support module: C:/Program Files/Unity/Hub/Editor/2021.3.24f1/Editor/Data/PlaybackEngines/AndroidPlayer/UnityEditor.Android.Extensions.dll
Register platform support module: C:/Program Files/Unity/Hub/Editor/2021.3.24f1/Editor/Data/PlaybackEngines/WindowsStandaloneSupport/UnityEditor.WindowsStandalone.Extensions.dll
Register platform support module: C:/Program Files/Unity/Hub/Editor/2021.3.24f1/Editor/Data/PlaybackEngines/LinuxStandaloneSupport/UnityEditor.LinuxStandalone.Extensions.dll
Registered in 0.004712 seconds.
Native extension for LinuxStandalone target not found
Native extension for WindowsStandalone target not found
Native extension for Android target not found
Android Extension - Scanning For ADB Devices 197 ms
Native extension for WebGL target not found
Refreshing native plugins compatible for Editor in 63.46 ms, found 3 plugins.
Preloading 0 native plugins for Editor in 0.00 ms.
Mono: successfully reloaded assembly
- Completed reload, in  0.736 seconds
Domain Reload Profiling:
	ReloadAssembly (737ms)
		BeginReloadAssembly (81ms)
			ExecutionOrderSort (0ms)
			DisableScriptedObjects (0ms)
			BackupInstance (0ms)
			ReleaseScriptingObjects (0ms)
			CreateAndSetChildDomain (0ms)
		EndReloadAssembly (574ms)
			LoadAssemblies (81ms)
			RebuildTransferFunctionScriptingTraits (0ms)
			SetupTypeCache (104ms)
			ReleaseScriptCaches (0ms)
			RebuildScriptCaches (20ms)
			SetupLoadedEditorAssemblies (409ms)
				LogAssemblyErrors (0ms)
				InitializePlatformSupportModulesInManaged (254ms)
				SetLoadedEditorAssemblies (0ms)
				RefreshPlugins (64ms)
				BeforeProcessingInitializeOnLoad (1ms)
				ProcessInitializeOnLoadAttributes (60ms)
				ProcessInitializeOnLoadMethodAttributes (31ms)
				AfterProcessingInitializeOnLoad (0ms)
				EditorAssembliesLoaded (0ms)
			ExecutionOrderSort2 (0ms)
			AwakeInstancesAfterBackupRestoration (0ms)
Platform modules already initialized, skipping
Registering precompiled user dll's ...
Registered in 0.003242 seconds.
Begin MonoManager ReloadAssembly
Symbol file LoadedFromMemory doesn't match image C:\Users\pksoy\Desktop\unity\meta0823\metamap.v.5\META_MAP\Library\PackageCache\com.unity.visualscripting@1.8.0\Editor\VisualScripting.Core\Dependencies\YamlDotNet\Unity.VisualScripting.YamlDotNet.dll
Symbol file LoadedFromMemory doesn't match image C:\Users\pksoy\Desktop\unity\meta0823\metamap.v.5\META_MAP\Library\PackageCache\com.unity.visualscripting@1.8.0\Editor\VisualScripting.Core\Dependencies\DotNetZip\Unity.VisualScripting.IonicZip.dll
Native extension for LinuxStandalone target not found
Native extension for WindowsStandalone target not found
Native extension for Android target not found
Native extension for WebGL target not found
Refreshing native plugins compatible for Editor in 0.49 ms, found 3 plugins.
Preloading 0 native plugins for Editor in 0.00 ms.
Mono: successfully reloaded assembly
- Completed reload, in  0.931 seconds
Domain Reload Profiling:
	ReloadAssembly (932ms)
		BeginReloadAssembly (86ms)
			ExecutionOrderSort (0ms)
			DisableScriptedObjects (4ms)
			BackupInstance (0ms)
			ReleaseScriptingObjects (0ms)
			CreateAndSetChildDomain (15ms)
		EndReloadAssembly (771ms)
			LoadAssemblies (71ms)
			RebuildTransferFunctionScriptingTraits (0ms)
			SetupTypeCache (325ms)
			ReleaseScriptCaches (0ms)
			RebuildScriptCaches (45ms)
			SetupLoadedEditorAssemblies (298ms)
				LogAssemblyErrors (0ms)
				InitializePlatformSupportModulesInManaged (14ms)
				SetLoadedEditorAssemblies (0ms)
				RefreshPlugins (1ms)
				BeforeProcessingInitializeOnLoad (58ms)
				ProcessInitializeOnLoadAttributes (163ms)
				ProcessInitializeOnLoadMethodAttributes (58ms)
				AfterProcessingInitializeOnLoad (3ms)
				EditorAssembliesLoaded (0ms)
			ExecutionOrderSort2 (0ms)
			AwakeInstancesAfterBackupRestoration (4ms)
Platform modules already initialized, skipping
========================================================================
Worker process is ready to serve import requests
Launched and connected shader compiler UnityShaderCompiler.exe after 0.06 seconds
Refreshing native plugins compatible for Editor in 0.93 ms, found 3 plugins.
Preloading 0 native plugins for Editor in 0.00 ms.
Unloading 4267 Unused Serialized files (Serialized files now loaded: 0)
Unloading 30 unused Assets / (344.5 KB). Loaded Objects now: 4728.
Memory consumption went from 169.5 MB to 169.2 MB.
Total: 4.831300 ms (FindLiveObjects: 0.329100 ms CreateObjectMapping: 0.268500 ms MarkObjects: 4.058200 ms  DeleteObjects: 0.173900 ms)

AssetImportParameters requested are different than current active one (requested -> active):
  custom:video-decoder-ogg-theora: a1e56fd34408186e4bbccfd4996cb3dc -> 
  custom:container-muxer-webm: aa71ff27fc2769a1b78a27578f13a17b -> 
  custom:container-demuxer-webm: 4f35f7cbe854078d1ac9338744f61a02 -> 
  custom:video-encoder-webm-vp8: eb34c28f22e8b96e1ab97ce403110664 -> 
  custom:audio-encoder-webm-vorbis: bf7c407c2cedff20999df2af8eb42d56 -> 
  custom:framework-win-MediaFoundation: 216162199b28c13a410421893ffa2e32 -> 
  custom:container-demuxer-ogg: 62fdf1f143b41e24485cea50d1cbac27 -> 
  custom:video-decoder-webm-vp8: 9c59270c3fd7afecdb556c50c9e8de78 -> 
  custom:audio-decoder-ogg-vorbis: bf7c407c2cedff20999df2af8eb42d56 -> 
========================================================================
Received Import Request.
  Time since last request: 1113793.315314 seconds.
  path: Assets/M-KIOSK.fbx
  artifactKey: Guid(6bf08698f4373334db20d3b024d59057) Importer(815301076,1909f56bfc062723c751e8b465ee728b)
Start importing Assets/M-KIOSK.fbx using Guid(6bf08698f4373334db20d3b024d59057) Importer(815301076,1909f56bfc062723c751e8b465ee728b)  -> (artifact id: '9337460efcc2442a9eeab3e38be7e9e1') in 1.115167 seconds 
========================================================================
Received Import Request.
  Time since last request: 0.000028 seconds.
  path: Assets/RIVERSIDE PLANE.fbx
  artifactKey: Guid(e5ae92b1094842b4396c6e7d99ec93d8) Importer(815301076,1909f56bfc062723c751e8b465ee728b)
Start importing Assets/RIVERSIDE PLANE.fbx using Guid(e5ae92b1094842b4396c6e7d99ec93d8) Importer(815301076,1909f56bfc062723c751e8b465ee728b)  -> (artifact id: '2a3a230878c02beb9fef688dc8d73ef4') in 0.063052 seconds 
========================================================================
Received Import Request.
  Time since last request: 813.028604 seconds.
  path: Assets/Scenes
  artifactKey: Guid(6ea315d0fd7389c41b19996891e99ae3) Importer(815301076,1909f56bfc062723c751e8b465ee728b)
Start importing Assets/Scenes using Guid(6ea315d0fd7389c41b19996891e99ae3) Importer(815301076,1909f56bfc062723c751e8b465ee728b)  -> (artifact id: 'bc172811d573b296104adb4d2728db37') in 0.033848 seconds 
========================================================================
Received Import Request.
  Time since last request: 0.876336 seconds.
  path: Assets/Scenes/meta0822.unity
  artifactKey: Guid(ce484d71c247a21438889bbfef02c1ce) Importer(815301076,1909f56bfc062723c751e8b465ee728b)
Start importing Assets/Scenes/meta0822.unity using Guid(ce484d71c247a21438889bbfef02c1ce) Importer(815301076,1909f56bfc062723c751e8b465ee728b)  -> (artifact id: '82d05a64527a2fe7933ebf0a316c6d31') in 0.017692 seconds 
========================================================================
Received Import Request.
  Time since last request: 39.668602 seconds.
  path: Assets/untitled.fbx
  artifactKey: Guid(0ae4f8b57bb00684bafabe9f00bb7e52) Importer(815301076,1909f56bfc062723c751e8b465ee728b)
Start importing Assets/untitled.fbx using Guid(0ae4f8b57bb00684bafabe9f00bb7e52) Importer(815301076,1909f56bfc062723c751e8b465ee728b)  -> (artifact id: '67dea6d5e9586a9bb4d8b8645b7e5b1b') in 0.030090 seconds 
========================================================================
Received Import Request.
  Time since last request: 22.235291 seconds.
  path: Assets/Resources/Icon/loopLoading.png
  artifactKey: Guid(80575d13ff6b9744ab4057d0895ccc47) Importer(815301076,1909f56bfc062723c751e8b465ee728b)
Start importing Assets/Resources/Icon/loopLoading.png using Guid(80575d13ff6b9744ab4057d0895ccc47) Importer(815301076,1909f56bfc062723c751e8b465ee728b)  -> (artifact id: '96a1f01d9a329205b56556d77174f552') in 0.068876 seconds 
========================================================================
Received Import Request.
  Time since last request: 0.697959 seconds.
  path: Assets/Resources/Icon/Logo_icon/gractorlogo_adballoon_navy.png
  artifactKey: Guid(294ae0b75269a9b49bb174d55e1b607e) Importer(815301076,1909f56bfc062723c751e8b465ee728b)
Start importing Assets/Resources/Icon/Logo_icon/gractorlogo_adballoon_navy.png using Guid(294ae0b75269a9b49bb174d55e1b607e) Importer(815301076,1909f56bfc062723c751e8b465ee728b)  -> (artifact id: '08c2cee4bf86b0a54cb76a3ac68d9be3') in 0.067130 seconds 
========================================================================
Received Import Request.
  Time since last request: 0.000030 seconds.
  path: Assets/Resources/Icon/Logo_icon/사인보드 배너.png
  artifactKey: Guid(b57e62db9b8c95241a60e2ae54113130) Importer(815301076,1909f56bfc062723c751e8b465ee728b)
Start importing Assets/Resources/Icon/Logo_icon/사인보드 배너.png using Guid(b57e62db9b8c95241a60e2ae54113130) Importer(815301076,1909f56bfc062723c751e8b465ee728b)  -> (artifact id: 'bf8c3b57249204ff2c72c72ccfb74771') in 0.100528 seconds 
========================================================================
Received Import Request.
  Time since last request: 0.000020 seconds.
  path: Assets/Resources/Icon/Logo_icon/thumb-Uijeongbu Meta side_logo.png
  artifactKey: Guid(3dd311573e688294192bb07eff09f58f) Importer(815301076,1909f56bfc062723c751e8b465ee728b)
Start importing Assets/Resources/Icon/Logo_icon/thumb-Uijeongbu Meta side_logo.png using Guid(3dd311573e688294192bb07eff09f58f) Importer(815301076,1909f56bfc062723c751e8b465ee728b)  -> (artifact id: '2350fde14afbfcb69206dc35fb8eda4d') in 0.033081 seconds 
========================================================================
Received Import Request.
  Time since last request: 0.000022 seconds.
  path: Assets/Resources/Icon/Logo_icon/벌룬 배너2.png
  artifactKey: Guid(33c2d37127f4adf49ac2f3a89b22d591) Importer(815301076,1909f56bfc062723c751e8b465ee728b)
Start importing Assets/Resources/Icon/Logo_icon/벌룬 배너2.png using Guid(33c2d37127f4adf49ac2f3a89b22d591) Importer(815301076,1909f56bfc062723c751e8b465ee728b)  -> (artifact id: '92d8962db011a1576f583f41f3ebcec8') in 0.060793 seconds 
========================================================================
Received Import Request.
  Time since last request: 0.000028 seconds.
  path: Assets/Resources/Icon/Logo_icon/gractorlogo_bigAdballoonLogo.png
  artifactKey: Guid(58d6ae0cc9c9ba74baddfac8230b6579) Importer(815301076,1909f56bfc062723c751e8b465ee728b)
Start importing Assets/Resources/Icon/Logo_icon/gractorlogo_bigAdballoonLogo.png using Guid(58d6ae0cc9c9ba74baddfac8230b6579) Importer(815301076,1909f56bfc062723c751e8b465ee728b)  -> (artifact id: '3729097ab885d75884295926895cf0db') in 0.064185 seconds 
========================================================================
Received Import Request.
  Time since last request: 0.000021 seconds.
  path: Assets/Resources/Icon/Logo_icon/META_LOGO.png
  artifactKey: Guid(0c8bc0c2fbc4dbf41922bd257930e9c9) Importer(815301076,1909f56bfc062723c751e8b465ee728b)
Start importing Assets/Resources/Icon/Logo_icon/META_LOGO.png using Guid(0c8bc0c2fbc4dbf41922bd257930e9c9) Importer(815301076,1909f56bfc062723c751e8b465ee728b)  -> (artifact id: 'cf16474e16a8510ef3e2da79a0fca71f') in 0.051581 seconds 
========================================================================
Received Import Request.
  Time since last request: 0.000024 seconds.
  path: Assets/Resources/Icon/Logo_icon/벌룬 배너1-1.png
  artifactKey: Guid(06cd23056aff52940a96f179c036e78e) Importer(815301076,1909f56bfc062723c751e8b465ee728b)
Start importing Assets/Resources/Icon/Logo_icon/벌룬 배너1-1.png using Guid(06cd23056aff52940a96f179c036e78e) Importer(815301076,1909f56bfc062723c751e8b465ee728b)  -> (artifact id: '2543d60633b763ca1c6f185ffa3905e5') in 0.065039 seconds 
========================================================================
Received Import Request.
  Time since last request: 0.000051 seconds.
  path: Assets/Resources/Icon/Logo_icon/벌룬 배너1.png
  artifactKey: Guid(a1b48e21ecccd254fac7be6f3933c7a2) Importer(815301076,1909f56bfc062723c751e8b465ee728b)
Start importing Assets/Resources/Icon/Logo_icon/벌룬 배너1.png using Guid(a1b48e21ecccd254fac7be6f3933c7a2) Importer(815301076,1909f56bfc062723c751e8b465ee728b)  -> (artifact id: '715d2a8bfde020d03be56a3af87f1f2e') in 0.065043 seconds 
========================================================================
Received Import Request.
  Time since last request: 0.000020 seconds.
  path: Assets/Resources/Icon/Logo_icon/Uijeongbu Riverside.png
  artifactKey: Guid(1757f5c9a525db144856fb7ceee4ad92) Importer(815301076,1909f56bfc062723c751e8b465ee728b)
Start importing Assets/Resources/Icon/Logo_icon/Uijeongbu Riverside.png using Guid(1757f5c9a525db144856fb7ceee4ad92) Importer(815301076,1909f56bfc062723c751e8b465ee728b)  -> (artifact id: '10100264720e7dcc0c1c88ab4ba84e06') in 0.026357 seconds 
========================================================================
Received Import Request.
  Time since last request: 0.752026 seconds.
  path: Assets/Resources/Icon/Logo_icon/Materials/gractorlogo_adballoon_navy.mat
  artifactKey: Guid(eac419d975198cd4898b0c1d88ff4065) Importer(815301076,1909f56bfc062723c751e8b465ee728b)
Start importing Assets/Resources/Icon/Logo_icon/Materials/gractorlogo_adballoon_navy.mat using Guid(eac419d975198cd4898b0c1d88ff4065) Importer(815301076,1909f56bfc062723c751e8b465ee728b)  -> (artifact id: 'ee3763a520394594872f00b3fdb444c4') in 0.024743 seconds 
========================================================================
Received Import Request.
  Time since last request: 0.000019 seconds.
  path: Assets/Resources/Icon/Logo_icon/Materials/gractorlogo_bigAdballoonLogo.mat
  artifactKey: Guid(2c627811a39516a448d717afa4746558) Importer(815301076,1909f56bfc062723c751e8b465ee728b)
Start importing Assets/Resources/Icon/Logo_icon/Materials/gractorlogo_bigAdballoonLogo.mat using Guid(2c627811a39516a448d717afa4746558) Importer(815301076,1909f56bfc062723c751e8b465ee728b)  -> (artifact id: 'b281637978570493904553c259e31c74') in 0.207693 seconds 
========================================================================
Received Import Request.
  Time since last request: 0.000024 seconds.
  path: Assets/Resources/Icon/Logo_icon/Materials/사인보드 배너(그렉터로고).mat
  artifactKey: Guid(f37fe0c261da56a4aab70febdd3f8920) Importer(815301076,1909f56bfc062723c751e8b465ee728b)
Start importing Assets/Resources/Icon/Logo_icon/Materials/사인보드 배너(그렉터로고).mat using Guid(f37fe0c261da56a4aab70febdd3f8920) Importer(815301076,1909f56bfc062723c751e8b465ee728b)  -> (artifact id: '217f06c02c08e434c6d172107bad15d7') in 0.022320 seconds 
========================================================================
Received Import Request.
  Time since last request: 0.000036 seconds.
  path: Assets/Resources/Icon/Logo_icon/Materials/벌룬 배너1-1.mat
  artifactKey: Guid(0621c5fe004072e438a1b1acc025bd32) Importer(815301076,1909f56bfc062723c751e8b465ee728b)
Start importing Assets/Resources/Icon/Logo_icon/Materials/벌룬 배너1-1.mat using Guid(0621c5fe004072e438a1b1acc025bd32) Importer(815301076,1909f56bfc062723c751e8b465ee728b)  -> (artifact id: 'd87abdbb053be61fd6274e4a78bba19c') in 0.022177 seconds 
Editor requested this worker to shutdown with reason: Scaling down because of idle timeout
AssetImportWorker is now disconnected from the server
Process exiting
Exiting without the bug reporter. Application will terminate with return code 0