Using pre-set license
Built from '2021.3/staging' branch; Version is '2021.3.24f1 (cf10dcf7010d) revision 13570268'; Using compiler version '192829333'; Build Type 'Release'
OS: 'Windows 11  (10.0.22621) 64bit Professional' Language: 'ko' Physical Memory: 65240 MB
BatchMode: 1, IsHumanControllingUs: 0, StartBugReporterOnCrash: 0, Is64bit: 1, IsPro: 1

COMMAND LINE ARGUMENTS:
C:\Program Files\Unity\Hub\Editor\2021.3.24f1\Editor\Unity.exe
-adb2
-batchMode
-noUpm
-name
AssetImportWorker11
-projectPath
C:/Users/pksoy/Desktop/unity/meta0825/metamap.v.5/META_MAP
-logFile
Logs/AssetImportWorker11.log
-srvPort
56445
Successfully changed project path to: C:/Users/pksoy/Desktop/unity/meta0825/metamap.v.5/META_MAP
C:/Users/pksoy/Desktop/unity/meta0825/metamap.v.5/META_MAP
[UnityMemory] Configuration Parameters - Can be set up in boot.config
    "memorysetup-bucket-allocator-granularity=16"
    "memorysetup-bucket-allocator-bucket-count=8"
    "memorysetup-bucket-allocator-block-size=33554432"
    "memorysetup-bucket-allocator-block-count=8"
    "memorysetup-main-allocator-block-size=16777216"
    "memorysetup-thread-allocator-block-size=16777216"
    "memorysetup-gfx-main-allocator-block-size=16777216"
    "memorysetup-gfx-thread-allocator-block-size=16777216"
    "memorysetup-cache-allocator-block-size=4194304"
    "memorysetup-typetree-allocator-block-size=2097152"
    "memorysetup-profiler-bucket-allocator-granularity=16"
    "memorysetup-profiler-bucket-allocator-bucket-count=8"
    "memorysetup-profiler-bucket-allocator-block-size=33554432"
    "memorysetup-profiler-bucket-allocator-block-count=8"
    "memorysetup-profiler-allocator-block-size=16777216"
    "memorysetup-profiler-editor-allocator-block-size=1048576"
    "memorysetup-temp-allocator-size-main=16777216"
    "memorysetup-job-temp-allocator-block-size=2097152"
    "memorysetup-job-temp-allocator-block-size-background=1048576"
    "memorysetup-job-temp-allocator-reduction-small-platforms=262144"
    "memorysetup-temp-allocator-size-background-worker=32768"
    "memorysetup-temp-allocator-size-job-worker=262144"
    "memorysetup-temp-allocator-size-preload-manager=33554432"
    "memorysetup-temp-allocator-size-nav-mesh-worker=65536"
    "memorysetup-temp-allocator-size-audio-worker=65536"
    "memorysetup-temp-allocator-size-cloud-worker=32768"
    "memorysetup-temp-allocator-size-gi-baking-worker=262144"
    "memorysetup-temp-allocator-size-gfx=262144"
Player connection [12428] Host "[IP] 192.168.1.99 [Port] 0 [Flags] 2 [Guid] 3758617548 [EditorId] 3758617548 [Version] 1048832 [Id] WindowsEditor(7,DESKTOP-M7KDN41) [Debug] 1 [PackageName] WindowsEditor [ProjectName] Editor" joined multi-casting on [225.0.0.222:54997]...

Player connection [12428] Host "[IP] 192.168.1.99 [Port] 0 [Flags] 2 [Guid] 3758617548 [EditorId] 3758617548 [Version] 1048832 [Id] WindowsEditor(7,DESKTOP-M7KDN41) [Debug] 1 [PackageName] WindowsEditor [ProjectName] Editor" joined alternative multi-casting on [225.0.0.222:34997]...

Refreshing native plugins compatible for Editor in 66.42 ms, found 3 plugins.
Preloading 0 native plugins for Editor in 0.00 ms.
Initialize engine version: 2021.3.24f1 (cf10dcf7010d)
[Subsystems] Discovering subsystems at path C:/Program Files/Unity/Hub/Editor/2021.3.24f1/Editor/Data/Resources/UnitySubsystems
[Subsystems] Discovering subsystems at path C:/Users/pksoy/Desktop/unity/meta0825/metamap.v.5/META_MAP/Assets
GfxDevice: creating device client; threaded=0; jobified=0
Direct3D:
    Version:  Direct3D 11.0 [level 11.1]
    Renderer: NVIDIA GeForce RTX 3060 Laptop GPU (ID=0x2520)
    Vendor:   NVIDIA
    VRAM:     6023 MB
    Driver:   30.0.15.1165
Initialize mono
Mono path[0] = 'C:/Program Files/Unity/Hub/Editor/2021.3.24f1/Editor/Data/Managed'
Mono path[1] = 'C:/Program Files/Unity/Hub/Editor/2021.3.24f1/Editor/Data/MonoBleedingEdge/lib/mono/unityjit-win32'
Mono config path = 'C:/Program Files/Unity/Hub/Editor/2021.3.24f1/Editor/Data/MonoBleedingEdge/etc'
Using monoOptions --debugger-agent=transport=dt_socket,embedding=1,server=y,suspend=n,address=127.0.0.1:56116
Begin MonoManager ReloadAssembly
Registering precompiled unity dll's ...
Register platform support module: C:/Program Files/Unity/Hub/Editor/2021.3.24f1/Editor/Data/PlaybackEngines/WebGLSupport/UnityEditor.WebGL.Extensions.dll
Register platform support module: C:/Program Files/Unity/Hub/Editor/2021.3.24f1/Editor/Data/PlaybackEngines/AndroidPlayer/UnityEditor.Android.Extensions.dll
Register platform support module: C:/Program Files/Unity/Hub/Editor/2021.3.24f1/Editor/Data/PlaybackEngines/WindowsStandaloneSupport/UnityEditor.WindowsStandalone.Extensions.dll
Register platform support module: C:/Program Files/Unity/Hub/Editor/2021.3.24f1/Editor/Data/PlaybackEngines/LinuxStandaloneSupport/UnityEditor.LinuxStandalone.Extensions.dll
Registered in 0.003237 seconds.
Native extension for LinuxStandalone target not found
Native extension for WindowsStandalone target not found
Native extension for Android target not found
Android Extension - Scanning For ADB Devices 197 ms
Native extension for WebGL target not found
Refreshing native plugins compatible for Editor in 57.55 ms, found 3 plugins.
Preloading 0 native plugins for Editor in 0.00 ms.
Mono: successfully reloaded assembly
- Completed reload, in  0.644 seconds
Domain Reload Profiling:
	ReloadAssembly (644ms)
		BeginReloadAssembly (55ms)
			ExecutionOrderSort (0ms)
			DisableScriptedObjects (0ms)
			BackupInstance (0ms)
			ReleaseScriptingObjects (0ms)
			CreateAndSetChildDomain (1ms)
		EndReloadAssembly (525ms)
			LoadAssemblies (54ms)
			RebuildTransferFunctionScriptingTraits (0ms)
			SetupTypeCache (76ms)
			ReleaseScriptCaches (0ms)
			RebuildScriptCaches (19ms)
			SetupLoadedEditorAssemblies (392ms)
				LogAssemblyErrors (0ms)
				InitializePlatformSupportModulesInManaged (247ms)
				SetLoadedEditorAssemblies (0ms)
				RefreshPlugins (58ms)
				BeforeProcessingInitializeOnLoad (1ms)
				ProcessInitializeOnLoadAttributes (57ms)
				ProcessInitializeOnLoadMethodAttributes (30ms)
				AfterProcessingInitializeOnLoad (0ms)
				EditorAssembliesLoaded (0ms)
			ExecutionOrderSort2 (0ms)
			AwakeInstancesAfterBackupRestoration (0ms)
Platform modules already initialized, skipping
Registering precompiled user dll's ...
Registered in 0.003250 seconds.
Begin MonoManager ReloadAssembly
Symbol file LoadedFromMemory doesn't match image C:\Users\pksoy\Desktop\unity\meta0825\metamap.v.5\META_MAP\Library\PackageCache\com.unity.visualscripting@1.8.0\Editor\VisualScripting.Core\Dependencies\YamlDotNet\Unity.VisualScripting.YamlDotNet.dll
Symbol file LoadedFromMemory doesn't match image C:\Users\pksoy\Desktop\unity\meta0825\metamap.v.5\META_MAP\Library\PackageCache\com.unity.visualscripting@1.8.0\Editor\VisualScripting.Core\Dependencies\DotNetZip\Unity.VisualScripting.IonicZip.dll
Native extension for LinuxStandalone target not found
Native extension for WindowsStandalone target not found
Native extension for Android target not found
Native extension for WebGL target not found
Refreshing native plugins compatible for Editor in 0.52 ms, found 3 plugins.
Preloading 0 native plugins for Editor in 0.00 ms.
Mono: successfully reloaded assembly
- Completed reload, in 13.660 seconds
Domain Reload Profiling:
	ReloadAssembly (13660ms)
		BeginReloadAssembly (82ms)
			ExecutionOrderSort (0ms)
			DisableScriptedObjects (4ms)
			BackupInstance (0ms)
			ReleaseScriptingObjects (0ms)
			CreateAndSetChildDomain (16ms)
		EndReloadAssembly (13353ms)
			LoadAssemblies (11003ms)
			RebuildTransferFunctionScriptingTraits (0ms)
			SetupTypeCache (1795ms)
			ReleaseScriptCaches (0ms)
			RebuildScriptCaches (41ms)
			SetupLoadedEditorAssemblies (493ms)
				LogAssemblyErrors (0ms)
				InitializePlatformSupportModulesInManaged (15ms)
				SetLoadedEditorAssemblies (0ms)
				RefreshPlugins (1ms)
				BeforeProcessingInitializeOnLoad (58ms)
				ProcessInitializeOnLoadAttributes (400ms)
				ProcessInitializeOnLoadMethodAttributes (14ms)
				AfterProcessingInitializeOnLoad (5ms)
				EditorAssembliesLoaded (0ms)
			ExecutionOrderSort2 (0ms)
			AwakeInstancesAfterBackupRestoration (4ms)
Platform modules already initialized, skipping
========================================================================
Worker process is ready to serve import requests
Launched and connected shader compiler UnityShaderCompiler.exe after 0.04 seconds
Refreshing native plugins compatible for Editor in 0.69 ms, found 3 plugins.
Preloading 0 native plugins for Editor in 0.00 ms.
Unloading 4271 Unused Serialized files (Serialized files now loaded: 0)
Unloading 30 unused Assets / (344.7 KB). Loaded Objects now: 4735.
Memory consumption went from 171.7 MB to 171.3 MB.
Total: 2.989700 ms (FindLiveObjects: 0.279900 ms CreateObjectMapping: 0.126700 ms MarkObjects: 2.468300 ms  DeleteObjects: 0.114300 ms)

AssetImportParameters requested are different than current active one (requested -> active):
  custom:video-decoder-ogg-theora: a1e56fd34408186e4bbccfd4996cb3dc -> 
  custom:container-muxer-webm: aa71ff27fc2769a1b78a27578f13a17b -> 
  custom:container-demuxer-webm: 4f35f7cbe854078d1ac9338744f61a02 -> 
  custom:video-encoder-webm-vp8: eb34c28f22e8b96e1ab97ce403110664 -> 
  custom:audio-encoder-webm-vorbis: bf7c407c2cedff20999df2af8eb42d56 -> 
  custom:framework-win-MediaFoundation: 216162199b28c13a410421893ffa2e32 -> 
  custom:container-demuxer-ogg: 62fdf1f143b41e24485cea50d1cbac27 -> 
  custom:video-decoder-webm-vp8: 9c59270c3fd7afecdb556c50c9e8de78 -> 
  custom:audio-decoder-ogg-vorbis: bf7c407c2cedff20999df2af8eb42d56 -> 
========================================================================
Received Import Request.
  Time since last request: 1269550.134471 seconds.
  path: Assets/Resources/Map/mainmap2mat/A-GRAY.mat
  artifactKey: Guid(25c65a3fb354f464681d5450ecfee879) Importer(815301076,1909f56bfc062723c751e8b465ee728b)
Start importing Assets/Resources/Map/mainmap2mat/A-GRAY.mat using Guid(25c65a3fb354f464681d5450ecfee879) Importer(815301076,1909f56bfc062723c751e8b465ee728b)  -> (artifact id: '64f81cfee0bb43fa91129401085f2997') in 0.149467 seconds 
========================================================================
Received Import Request.
  Time since last request: 0.000027 seconds.
  path: Assets/Resources/Map/mainmap2mat/M-GRAY.mat
  artifactKey: Guid(2d0a057dfb45e114d9fdbb9264303d63) Importer(815301076,1909f56bfc062723c751e8b465ee728b)
Start importing Assets/Resources/Map/mainmap2mat/M-GRAY.mat using Guid(2d0a057dfb45e114d9fdbb9264303d63) Importer(815301076,1909f56bfc062723c751e8b465ee728b)  -> (artifact id: 'c29272cba65aafa733d5efbce5848fc2') in 0.026553 seconds 
========================================================================
Received Import Request.
  Time since last request: 0.000034 seconds.
  path: Assets/Resources/Map/mainmap2mat/RED.mat
  artifactKey: Guid(c47bb33fa1f550543865f0aced916d91) Importer(815301076,1909f56bfc062723c751e8b465ee728b)
Start importing Assets/Resources/Map/mainmap2mat/RED.mat using Guid(c47bb33fa1f550543865f0aced916d91) Importer(815301076,1909f56bfc062723c751e8b465ee728b)  -> (artifact id: '2343dac7f308d9303e33d0a0d67b2840') in 0.016275 seconds 
========================================================================
Received Import Request.
  Time since last request: 0.000023 seconds.
  path: Assets/Resources/Map/mainmap2mat/S-GRAY4.mat
  artifactKey: Guid(ba560109d5ff3c744bd21fdad5c1488c) Importer(815301076,1909f56bfc062723c751e8b465ee728b)
Start importing Assets/Resources/Map/mainmap2mat/S-GRAY4.mat using Guid(ba560109d5ff3c744bd21fdad5c1488c) Importer(815301076,1909f56bfc062723c751e8b465ee728b)  -> (artifact id: 'b8170e0d8aeb4f460deb81d104eb8c3e') in 0.017216 seconds 
========================================================================
Received Import Request.
  Time since last request: 0.000022 seconds.
  path: Assets/Resources/Map/mainmap2mat/S-GRAY4.001.mat
  artifactKey: Guid(2107a7709eafbe846aa043a022200909) Importer(815301076,1909f56bfc062723c751e8b465ee728b)
Start importing Assets/Resources/Map/mainmap2mat/S-GRAY4.001.mat using Guid(2107a7709eafbe846aa043a022200909) Importer(815301076,1909f56bfc062723c751e8b465ee728b)  -> (artifact id: 'a900db16931bd89f9295042f8a1b6fc0') in 0.017609 seconds 
========================================================================
Received Import Request.
  Time since last request: 0.000021 seconds.
  path: Assets/Resources/Map/mainmap2mat/RED.001.mat
  artifactKey: Guid(c552eeb08b4af144fa150bf51e3d552a) Importer(815301076,1909f56bfc062723c751e8b465ee728b)
Start importing Assets/Resources/Map/mainmap2mat/RED.001.mat using Guid(c552eeb08b4af144fa150bf51e3d552a) Importer(815301076,1909f56bfc062723c751e8b465ee728b)  -> (artifact id: 'b59c27db5fdf523ab6079327039f48be') in 0.019016 seconds 
========================================================================
Received Import Request.
  Time since last request: 0.000021 seconds.
  path: Assets/Resources/Map/mainmap2mat/G-GRAY2.mat
  artifactKey: Guid(58be3ada5c4a1444b8b6b5d045d32fa3) Importer(815301076,1909f56bfc062723c751e8b465ee728b)
Start importing Assets/Resources/Map/mainmap2mat/G-GRAY2.mat using Guid(58be3ada5c4a1444b8b6b5d045d32fa3) Importer(815301076,1909f56bfc062723c751e8b465ee728b)  -> (artifact id: 'd1c2cd418ff61b435d32412d446f0ad1') in 0.019344 seconds 
========================================================================
Received Import Request.
  Time since last request: 0.000021 seconds.
  path: Assets/Resources/Map/mainmap2mat/K-GRAY.mat
  artifactKey: Guid(01795fc5a2dcb32498b45de24627b169) Importer(815301076,1909f56bfc062723c751e8b465ee728b)
Start importing Assets/Resources/Map/mainmap2mat/K-GRAY.mat using Guid(01795fc5a2dcb32498b45de24627b169) Importer(815301076,1909f56bfc062723c751e8b465ee728b)  -> (artifact id: 'b63aee38bc2d0ab505a433463b6fe4f9') in 0.029670 seconds 
========================================================================
Received Import Request.
  Time since last request: 0.000115 seconds.
  path: Assets/Resources/Map/mainmap2mat/GRAY.mat
  artifactKey: Guid(27d8d82a0631ab14487092cf66b27e08) Importer(815301076,1909f56bfc062723c751e8b465ee728b)
Start importing Assets/Resources/Map/mainmap2mat/GRAY.mat using Guid(27d8d82a0631ab14487092cf66b27e08) Importer(815301076,1909f56bfc062723c751e8b465ee728b)  -> (artifact id: 'b7aef469b2ebf68cc6a75da1bd28222f') in 0.017737 seconds 
========================================================================
Received Import Request.
  Time since last request: 0.000019 seconds.
  path: Assets/Resources/Map/mainmap2mat/G-GREEN.mat
  artifactKey: Guid(629b9bf9833c5054aa3431c01cbf587b) Importer(815301076,1909f56bfc062723c751e8b465ee728b)
Start importing Assets/Resources/Map/mainmap2mat/G-GREEN.mat using Guid(629b9bf9833c5054aa3431c01cbf587b) Importer(815301076,1909f56bfc062723c751e8b465ee728b)  -> (artifact id: '10184fd781f4b457f2fbb1bc8466ab9c') in 0.019103 seconds 
========================================================================
Received Import Request.
  Time since last request: 0.000019 seconds.
  path: Assets/Resources/Map/mainmap2mat/M-IVORY2.mat
  artifactKey: Guid(06bde15f8e45e4546ae4e86af7b72f5e) Importer(815301076,1909f56bfc062723c751e8b465ee728b)
Start importing Assets/Resources/Map/mainmap2mat/M-IVORY2.mat using Guid(06bde15f8e45e4546ae4e86af7b72f5e) Importer(815301076,1909f56bfc062723c751e8b465ee728b)  -> (artifact id: '1362005ac1834834b9092f14845ccaf7') in 0.017974 seconds 
========================================================================
Received Import Request.
  Time since last request: 0.000028 seconds.
  path: Assets/Resources/Map/mainmap2mat/CAR-BLUE.001.mat
  artifactKey: Guid(c3da16ef2ec0cc2489a644d2a3c75cd1) Importer(815301076,1909f56bfc062723c751e8b465ee728b)
Start importing Assets/Resources/Map/mainmap2mat/CAR-BLUE.001.mat using Guid(c3da16ef2ec0cc2489a644d2a3c75cd1) Importer(815301076,1909f56bfc062723c751e8b465ee728b)  -> (artifact id: '44423c87208091541730b1ec020021ee') in 0.019056 seconds 
========================================================================
Received Import Request.
  Time since last request: 0.000035 seconds.
  path: Assets/Resources/Map/mainmap2mat/R-BLUE.mat
  artifactKey: Guid(889bf56ca71ad85469c239373928e462) Importer(815301076,1909f56bfc062723c751e8b465ee728b)
Start importing Assets/Resources/Map/mainmap2mat/R-BLUE.mat using Guid(889bf56ca71ad85469c239373928e462) Importer(815301076,1909f56bfc062723c751e8b465ee728b)  -> (artifact id: '8753b0dc628a895f48a5852aae5cf709') in 0.017812 seconds 
========================================================================
Received Import Request.
  Time since last request: 0.000020 seconds.
  path: Assets/Resources/Map/mainmap2mat/BLACK.001.mat
  artifactKey: Guid(776a3df5ec355fd47ae23d55db345d8a) Importer(815301076,1909f56bfc062723c751e8b465ee728b)
Start importing Assets/Resources/Map/mainmap2mat/BLACK.001.mat using Guid(776a3df5ec355fd47ae23d55db345d8a) Importer(815301076,1909f56bfc062723c751e8b465ee728b)  -> (artifact id: 'a67bfe98270c8699aa3ac56f4266d86d') in 0.016236 seconds 
========================================================================
Received Import Request.
  Time since last request: 0.000024 seconds.
  path: Assets/Resources/Map/mainmap2mat/BODY02.mat
  artifactKey: Guid(a34495da8cbf2f842852bde6815f0998) Importer(815301076,1909f56bfc062723c751e8b465ee728b)
Start importing Assets/Resources/Map/mainmap2mat/BODY02.mat using Guid(a34495da8cbf2f842852bde6815f0998) Importer(815301076,1909f56bfc062723c751e8b465ee728b)  -> (artifact id: '5daa23e6dc91501fd8cf29408a77c5ce') in 0.018246 seconds 
========================================================================
Received Import Request.
  Time since last request: 0.000023 seconds.
  path: Assets/Resources/Map/mainmap2mat/SP-GRAY2.mat
  artifactKey: Guid(f9abaebe37e0e1d4eae0440831b6c12a) Importer(815301076,1909f56bfc062723c751e8b465ee728b)
Start importing Assets/Resources/Map/mainmap2mat/SP-GRAY2.mat using Guid(f9abaebe37e0e1d4eae0440831b6c12a) Importer(815301076,1909f56bfc062723c751e8b465ee728b)  -> (artifact id: '694a8a3276d031e591b6c5930da53ef0') in 0.020677 seconds 
========================================================================
Received Import Request.
  Time since last request: 0.000042 seconds.
  path: Assets/Resources/Map/mainmap2mat/SP-PINK.mat
  artifactKey: Guid(4159c1aa30c710f4ea35c03ea9c66e9b) Importer(815301076,1909f56bfc062723c751e8b465ee728b)
Start importing Assets/Resources/Map/mainmap2mat/SP-PINK.mat using Guid(4159c1aa30c710f4ea35c03ea9c66e9b) Importer(815301076,1909f56bfc062723c751e8b465ee728b)  -> (artifact id: '8786cd0a7a3636bfe8335a513ff50efa') in 0.016339 seconds 
========================================================================
Received Import Request.
  Time since last request: 0.000020 seconds.
  path: Assets/Resources/Map/mainmap2mat/L-GRAY.mat
  artifactKey: Guid(9634f5f4add605044bc50b3590e844ee) Importer(815301076,1909f56bfc062723c751e8b465ee728b)
Start importing Assets/Resources/Map/mainmap2mat/L-GRAY.mat using Guid(9634f5f4add605044bc50b3590e844ee) Importer(815301076,1909f56bfc062723c751e8b465ee728b)  -> (artifact id: 'eb785a00f9c73d589f29b6b795218749') in 0.021026 seconds 
========================================================================
Received Import Request.
  Time since last request: 0.000023 seconds.
  path: Assets/Resources/Map/mainmap2mat/M-BROWN.mat
  artifactKey: Guid(04c56cc2cf5d5824d830113154292034) Importer(815301076,1909f56bfc062723c751e8b465ee728b)
Start importing Assets/Resources/Map/mainmap2mat/M-BROWN.mat using Guid(04c56cc2cf5d5824d830113154292034) Importer(815301076,1909f56bfc062723c751e8b465ee728b)  -> (artifact id: '963e68c9bcd26c35b55ddfdbb99e0082') in 0.017935 seconds 
========================================================================
Received Import Request.
  Time since last request: 0.000021 seconds.
  path: Assets/Resources/Map/mainmap2mat/B-BROWN.mat
  artifactKey: Guid(4730551b2039ef740af45d578de8eda2) Importer(815301076,1909f56bfc062723c751e8b465ee728b)
Start importing Assets/Resources/Map/mainmap2mat/B-BROWN.mat using Guid(4730551b2039ef740af45d578de8eda2) Importer(815301076,1909f56bfc062723c751e8b465ee728b)  -> (artifact id: 'f70f1cc4572e851d2fd5a67c3b6b141b') in 0.016318 seconds 
========================================================================
Received Import Request.
  Time since last request: 0.000023 seconds.
  path: Assets/Resources/Map/mainmap2mat/GROUND.mat
  artifactKey: Guid(7447de2f7c95cad4fbe78a4a7a5cbb2f) Importer(815301076,1909f56bfc062723c751e8b465ee728b)
Start importing Assets/Resources/Map/mainmap2mat/GROUND.mat using Guid(7447de2f7c95cad4fbe78a4a7a5cbb2f) Importer(815301076,1909f56bfc062723c751e8b465ee728b)  -> (artifact id: 'ac2cfff94e9f8b0795e8266aaf5703ae') in 0.020666 seconds 
========================================================================
Received Import Request.
  Time since last request: 0.000029 seconds.
  path: Assets/Resources/Map/mainmap2mat/GREEN.mat
  artifactKey: Guid(5ea2bf4a41d371147af54832063b91f4) Importer(815301076,1909f56bfc062723c751e8b465ee728b)
Start importing Assets/Resources/Map/mainmap2mat/GREEN.mat using Guid(5ea2bf4a41d371147af54832063b91f4) Importer(815301076,1909f56bfc062723c751e8b465ee728b)  -> (artifact id: '3db8d9abf3679305b3fed15918bd1f57') in 0.017655 seconds 
========================================================================
Received Import Request.
  Time since last request: 0.000043 seconds.
  path: Assets/Resources/Map/mainmap2mat/M-GREEN02.mat
  artifactKey: Guid(8a3730e260b16064ab7403b3a5bc38d8) Importer(815301076,1909f56bfc062723c751e8b465ee728b)
Start importing Assets/Resources/Map/mainmap2mat/M-GREEN02.mat using Guid(8a3730e260b16064ab7403b3a5bc38d8) Importer(815301076,1909f56bfc062723c751e8b465ee728b)  -> (artifact id: 'aa90b9fc6f55d0f4d8b2fb2d698d886b') in 0.019948 seconds 
========================================================================
Received Import Request.
  Time since last request: 0.000030 seconds.
  path: Assets/Resources/Map/mainmap2mat/G-GRAY.mat
  artifactKey: Guid(c3b9a61ba9ff3e445ae8add673c134aa) Importer(815301076,1909f56bfc062723c751e8b465ee728b)
Start importing Assets/Resources/Map/mainmap2mat/G-GRAY.mat using Guid(c3b9a61ba9ff3e445ae8add673c134aa) Importer(815301076,1909f56bfc062723c751e8b465ee728b)  -> (artifact id: '25afc887745009c95d2393b9fc3325bd') in 0.020316 seconds 
========================================================================
Received Import Request.
  Time since last request: 0.000061 seconds.
  path: Assets/Resources/Map/mainmap2mat/M-BLUE.mat
  artifactKey: Guid(c0be85e772a8d094aab55910d826ba55) Importer(815301076,1909f56bfc062723c751e8b465ee728b)
Start importing Assets/Resources/Map/mainmap2mat/M-BLUE.mat using Guid(c0be85e772a8d094aab55910d826ba55) Importer(815301076,1909f56bfc062723c751e8b465ee728b)  -> (artifact id: '3669f0b3c6b230a696400ee26f81f758') in 0.020462 seconds 
========================================================================
Received Import Request.
  Time since last request: 0.000033 seconds.
  path: Assets/Resources/Map/mainmap2mat/M-GREEN.mat
  artifactKey: Guid(ec3af548a0d544e4cbcb391ef33f0a3e) Importer(815301076,1909f56bfc062723c751e8b465ee728b)
Start importing Assets/Resources/Map/mainmap2mat/M-GREEN.mat using Guid(ec3af548a0d544e4cbcb391ef33f0a3e) Importer(815301076,1909f56bfc062723c751e8b465ee728b)  -> (artifact id: 'db1371af4d7002540fdd43bc833c6e1d') in 0.019198 seconds 
========================================================================
Received Import Request.
  Time since last request: 0.000024 seconds.
  path: Assets/Resources/Map/mainmap2mat/M-IVORY3.mat
  artifactKey: Guid(c754ce25c3e6c1f4ea20b7cb0e3b7b10) Importer(815301076,1909f56bfc062723c751e8b465ee728b)
Start importing Assets/Resources/Map/mainmap2mat/M-IVORY3.mat using Guid(c754ce25c3e6c1f4ea20b7cb0e3b7b10) Importer(815301076,1909f56bfc062723c751e8b465ee728b)  -> (artifact id: 'b96065afc13c52966aa2799345eaf199') in 0.017015 seconds 
========================================================================
Received Import Request.
  Time since last request: 0.000024 seconds.
  path: Assets/Resources/Map/mainmap2mat/B-YELLOW.mat
  artifactKey: Guid(84ba2585929c0764d8e7a2bc913ea75b) Importer(815301076,1909f56bfc062723c751e8b465ee728b)
Start importing Assets/Resources/Map/mainmap2mat/B-YELLOW.mat using Guid(84ba2585929c0764d8e7a2bc913ea75b) Importer(815301076,1909f56bfc062723c751e8b465ee728b)  -> (artifact id: 'd4bae7361753bdd11d6b22d2807f7501') in 0.019342 seconds 
========================================================================
Received Import Request.
  Time since last request: 0.000023 seconds.
  path: Assets/Resources/Map/mainmap2mat/SP-BLACK.mat
  artifactKey: Guid(98d59d3e8fd604049ae621cb76a5c4d1) Importer(815301076,1909f56bfc062723c751e8b465ee728b)
Start importing Assets/Resources/Map/mainmap2mat/SP-BLACK.mat using Guid(98d59d3e8fd604049ae621cb76a5c4d1) Importer(815301076,1909f56bfc062723c751e8b465ee728b)  -> (artifact id: 'ea61ff1900fbd7a5b8aa711232e54926') in 0.021280 seconds 
========================================================================
Received Import Request.
  Time since last request: 0.000026 seconds.
  path: Assets/Resources/Map/mainmap2mat/CAR_PINK.mat
  artifactKey: Guid(f858d37926311f94fbf10d025119e2ed) Importer(815301076,1909f56bfc062723c751e8b465ee728b)
Start importing Assets/Resources/Map/mainmap2mat/CAR_PINK.mat using Guid(f858d37926311f94fbf10d025119e2ed) Importer(815301076,1909f56bfc062723c751e8b465ee728b)  -> (artifact id: '95f7952e9936d35afa2f5e535f7a2285') in 0.018519 seconds 
========================================================================
Received Import Request.
  Time since last request: 0.000019 seconds.
  path: Assets/Resources/Map/mainmap2mat/G-GREEN3.mat
  artifactKey: Guid(71dead9c56f678145aa9bd6a2b9e59fa) Importer(815301076,1909f56bfc062723c751e8b465ee728b)
Start importing Assets/Resources/Map/mainmap2mat/G-GREEN3.mat using Guid(71dead9c56f678145aa9bd6a2b9e59fa) Importer(815301076,1909f56bfc062723c751e8b465ee728b)  -> (artifact id: 'fe9b129916064c594f6c2c71d9f4958a') in 0.019437 seconds 
========================================================================
Received Import Request.
  Time since last request: 0.000028 seconds.
  path: Assets/Resources/Map/mainmap2mat/S-GRAY2.mat
  artifactKey: Guid(9b9695698ed34a44aaf1c0fd6181c5b8) Importer(815301076,1909f56bfc062723c751e8b465ee728b)
Start importing Assets/Resources/Map/mainmap2mat/S-GRAY2.mat using Guid(9b9695698ed34a44aaf1c0fd6181c5b8) Importer(815301076,1909f56bfc062723c751e8b465ee728b)  -> (artifact id: '8a5bf52c1a2ae237639a8cf6a3171d7f') in 0.017036 seconds 
========================================================================
Received Import Request.
  Time since last request: 0.000037 seconds.
  path: Assets/Resources/Map/mainmap2mat/CAR_YELLOW.mat
  artifactKey: Guid(3fd388d2875497646ae7e17936d6ead2) Importer(815301076,1909f56bfc062723c751e8b465ee728b)
Start importing Assets/Resources/Map/mainmap2mat/CAR_YELLOW.mat using Guid(3fd388d2875497646ae7e17936d6ead2) Importer(815301076,1909f56bfc062723c751e8b465ee728b)  -> (artifact id: '07df6411f9720c841186556376050c80') in 0.018414 seconds 
Editor requested this worker to shutdown with reason: Scaling down because of idle timeout
AssetImportWorker is now disconnected from the server
Process exiting
Exiting without the bug reporter. Application will terminate with return code 0