Using pre-set license
Built from '2021.3/staging' branch; Version is '2021.3.24f1 (cf10dcf7010d) revision 13570268'; Using compiler version '192829333'; Build Type 'Release'
OS: 'Windows 11  (10.0.22621) 64bit Professional' Language: 'ko' Physical Memory: 65240 MB
BatchMode: 1, IsHumanControllingUs: 0, StartBugReporterOnCrash: 0, Is64bit: 1, IsPro: 1

COMMAND LINE ARGUMENTS:
C:\Program Files\Unity\Hub\Editor\2021.3.24f1\Editor\Unity.exe
-adb2
-batchMode
-noUpm
-name
AssetImportWorker2
-projectPath
C:/Users/Yerin/Desktop/gitlabUnity/metamap.v.5/metamap.v.5/META_MAP
-logFile
Logs/AssetImportWorker2.log
-srvPort
60155
Successfully changed project path to: C:/Users/Yerin/Desktop/gitlabUnity/metamap.v.5/metamap.v.5/META_MAP
C:/Users/Yerin/Desktop/gitlabUnity/metamap.v.5/metamap.v.5/META_MAP
[UnityMemory] Configuration Parameters - Can be set up in boot.config
    "memorysetup-bucket-allocator-granularity=16"
    "memorysetup-bucket-allocator-bucket-count=8"
    "memorysetup-bucket-allocator-block-size=33554432"
    "memorysetup-bucket-allocator-block-count=8"
    "memorysetup-main-allocator-block-size=16777216"
    "memorysetup-thread-allocator-block-size=16777216"
    "memorysetup-gfx-main-allocator-block-size=16777216"
    "memorysetup-gfx-thread-allocator-block-size=16777216"
    "memorysetup-cache-allocator-block-size=4194304"
    "memorysetup-typetree-allocator-block-size=2097152"
    "memorysetup-profiler-bucket-allocator-granularity=16"
    "memorysetup-profiler-bucket-allocator-bucket-count=8"
    "memorysetup-profiler-bucket-allocator-block-size=33554432"
    "memorysetup-profiler-bucket-allocator-block-count=8"
    "memorysetup-profiler-allocator-block-size=16777216"
    "memorysetup-profiler-editor-allocator-block-size=1048576"
    "memorysetup-temp-allocator-size-main=16777216"
    "memorysetup-job-temp-allocator-block-size=2097152"
    "memorysetup-job-temp-allocator-block-size-background=1048576"
    "memorysetup-job-temp-allocator-reduction-small-platforms=262144"
    "memorysetup-temp-allocator-size-background-worker=32768"
    "memorysetup-temp-allocator-size-job-worker=262144"
    "memorysetup-temp-allocator-size-preload-manager=33554432"
    "memorysetup-temp-allocator-size-nav-mesh-worker=65536"
    "memorysetup-temp-allocator-size-audio-worker=65536"
    "memorysetup-temp-allocator-size-cloud-worker=32768"
    "memorysetup-temp-allocator-size-gi-baking-worker=262144"
    "memorysetup-temp-allocator-size-gfx=262144"
Player connection [29416] Host "[IP] 192.168.1.5 [Port] 0 [Flags] 2 [Guid] 3673122550 [EditorId] 3673122550 [Version] 1048832 [Id] WindowsEditor(7,DESKTOP-HS1RBE5) [Debug] 1 [PackageName] WindowsEditor [ProjectName] Editor" joined multi-casting on [225.0.0.222:54997]...

Player connection [29416] Host "[IP] 192.168.1.5 [Port] 0 [Flags] 2 [Guid] 3673122550 [EditorId] 3673122550 [Version] 1048832 [Id] WindowsEditor(7,DESKTOP-HS1RBE5) [Debug] 1 [PackageName] WindowsEditor [ProjectName] Editor" joined alternative multi-casting on [225.0.0.222:34997]...

Refreshing native plugins compatible for Editor in 56.96 ms, found 3 plugins.
Preloading 0 native plugins for Editor in 0.00 ms.
Initialize engine version: 2021.3.24f1 (cf10dcf7010d)
[Subsystems] Discovering subsystems at path C:/Program Files/Unity/Hub/Editor/2021.3.24f1/Editor/Data/Resources/UnitySubsystems
[Subsystems] Discovering subsystems at path C:/Users/Yerin/Desktop/gitlabUnity/metamap.v.5/metamap.v.5/META_MAP/Assets
GfxDevice: creating device client; threaded=0; jobified=0
Direct3D:
    Version:  Direct3D 11.0 [level 11.1]
    Renderer: NVIDIA GeForce RTX 3060 Laptop GPU (ID=0x2520)
    Vendor:   NVIDIA
    VRAM:     6023 MB
    Driver:   30.0.15.1165
Initialize mono
Mono path[0] = 'C:/Program Files/Unity/Hub/Editor/2021.3.24f1/Editor/Data/Managed'
Mono path[1] = 'C:/Program Files/Unity/Hub/Editor/2021.3.24f1/Editor/Data/MonoBleedingEdge/lib/mono/unityjit-win32'
Mono config path = 'C:/Program Files/Unity/Hub/Editor/2021.3.24f1/Editor/Data/MonoBleedingEdge/etc'
Using monoOptions --debugger-agent=transport=dt_socket,embedding=1,server=y,suspend=n,address=127.0.0.1:56700
Begin MonoManager ReloadAssembly
Registering precompiled unity dll's ...
Register platform support module: C:/Program Files/Unity/Hub/Editor/2021.3.24f1/Editor/Data/PlaybackEngines/WebGLSupport/UnityEditor.WebGL.Extensions.dll
Register platform support module: C:/Program Files/Unity/Hub/Editor/2021.3.24f1/Editor/Data/PlaybackEngines/AndroidPlayer/UnityEditor.Android.Extensions.dll
Register platform support module: C:/Program Files/Unity/Hub/Editor/2021.3.24f1/Editor/Data/PlaybackEngines/WindowsStandaloneSupport/UnityEditor.WindowsStandalone.Extensions.dll
Register platform support module: C:/Program Files/Unity/Hub/Editor/2021.3.24f1/Editor/Data/PlaybackEngines/LinuxStandaloneSupport/UnityEditor.LinuxStandalone.Extensions.dll
Registered in 0.003276 seconds.
Native extension for LinuxStandalone target not found
Native extension for WindowsStandalone target not found
Native extension for Android target not found
Android Extension - Scanning For ADB Devices 164 ms
Native extension for WebGL target not found
Refreshing native plugins compatible for Editor in 60.45 ms, found 3 plugins.
Preloading 0 native plugins for Editor in 0.00 ms.
Mono: successfully reloaded assembly
- Completed reload, in  0.614 seconds
Domain Reload Profiling:
	ReloadAssembly (614ms)
		BeginReloadAssembly (56ms)
			ExecutionOrderSort (0ms)
			DisableScriptedObjects (0ms)
			BackupInstance (0ms)
			ReleaseScriptingObjects (0ms)
			CreateAndSetChildDomain (1ms)
		EndReloadAssembly (494ms)
			LoadAssemblies (55ms)
			RebuildTransferFunctionScriptingTraits (0ms)
			SetupTypeCache (73ms)
			ReleaseScriptCaches (0ms)
			RebuildScriptCaches (21ms)
			SetupLoadedEditorAssemblies (365ms)
				LogAssemblyErrors (0ms)
				InitializePlatformSupportModulesInManaged (213ms)
				SetLoadedEditorAssemblies (0ms)
				RefreshPlugins (61ms)
				BeforeProcessingInitializeOnLoad (1ms)
				ProcessInitializeOnLoadAttributes (61ms)
				ProcessInitializeOnLoadMethodAttributes (30ms)
				AfterProcessingInitializeOnLoad (0ms)
				EditorAssembliesLoaded (0ms)
			ExecutionOrderSort2 (0ms)
			AwakeInstancesAfterBackupRestoration (0ms)
Platform modules already initialized, skipping
Registering precompiled user dll's ...
Registered in 0.002993 seconds.
Begin MonoManager ReloadAssembly
Symbol file LoadedFromMemory doesn't match image C:\Users\Yerin\Desktop\gitlabUnity\metamap.v.5\metamap.v.5\META_MAP\Library\PackageCache\com.unity.visualscripting@1.8.0\Editor\VisualScripting.Core\Dependencies\YamlDotNet\Unity.VisualScripting.YamlDotNet.dll
Symbol file LoadedFromMemory doesn't match image C:\Users\Yerin\Desktop\gitlabUnity\metamap.v.5\metamap.v.5\META_MAP\Library\PackageCache\com.unity.visualscripting@1.8.0\Editor\VisualScripting.Core\Dependencies\DotNetZip\Unity.VisualScripting.IonicZip.dll
Native extension for LinuxStandalone target not found
Native extension for WindowsStandalone target not found
Native extension for Android target not found
Native extension for WebGL target not found
Refreshing native plugins compatible for Editor in 0.50 ms, found 3 plugins.
Preloading 0 native plugins for Editor in 0.00 ms.
Mono: successfully reloaded assembly
- Completed reload, in  0.894 seconds
Domain Reload Profiling:
	ReloadAssembly (895ms)
		BeginReloadAssembly (79ms)
			ExecutionOrderSort (0ms)
			DisableScriptedObjects (4ms)
			BackupInstance (0ms)
			ReleaseScriptingObjects (0ms)
			CreateAndSetChildDomain (14ms)
		EndReloadAssembly (744ms)
			LoadAssemblies (63ms)
			RebuildTransferFunctionScriptingTraits (0ms)
			SetupTypeCache (204ms)
			ReleaseScriptCaches (1ms)
			RebuildScriptCaches (39ms)
			SetupLoadedEditorAssemblies (409ms)
				LogAssemblyErrors (0ms)
				InitializePlatformSupportModulesInManaged (20ms)
				SetLoadedEditorAssemblies (0ms)
				RefreshPlugins (1ms)
				BeforeProcessingInitializeOnLoad (62ms)
				ProcessInitializeOnLoadAttributes (307ms)
				ProcessInitializeOnLoadMethodAttributes (15ms)
				AfterProcessingInitializeOnLoad (4ms)
				EditorAssembliesLoaded (0ms)
			ExecutionOrderSort2 (0ms)
			AwakeInstancesAfterBackupRestoration (4ms)
Platform modules already initialized, skipping
========================================================================
Worker process is ready to serve import requests
Launched and connected shader compiler UnityShaderCompiler.exe after 0.03 seconds
Refreshing native plugins compatible for Editor in 0.55 ms, found 3 plugins.
Preloading 0 native plugins for Editor in 0.00 ms.
Unloading 4125 Unused Serialized files (Serialized files now loaded: 0)
Unloading 26 unused Assets / (56.1 KB). Loaded Objects now: 4589.
Memory consumption went from 148.9 MB to 148.8 MB.
Total: 2.898400 ms (FindLiveObjects: 0.235800 ms CreateObjectMapping: 0.111800 ms MarkObjects: 2.497200 ms  DeleteObjects: 0.052700 ms)

AssetImportParameters requested are different than current active one (requested -> active):
  custom:video-decoder-ogg-theora: a1e56fd34408186e4bbccfd4996cb3dc -> 
  custom:container-muxer-webm: aa71ff27fc2769a1b78a27578f13a17b -> 
  custom:container-demuxer-webm: 4f35f7cbe854078d1ac9338744f61a02 -> 
  custom:video-encoder-webm-vp8: eb34c28f22e8b96e1ab97ce403110664 -> 
  custom:audio-encoder-webm-vorbis: bf7c407c2cedff20999df2af8eb42d56 -> 
  custom:framework-win-MediaFoundation: 216162199b28c13a410421893ffa2e32 -> 
  custom:container-demuxer-ogg: 62fdf1f143b41e24485cea50d1cbac27 -> 
  custom:video-decoder-webm-vp8: 9c59270c3fd7afecdb556c50c9e8de78 -> 
  custom:audio-decoder-ogg-vorbis: bf7c407c2cedff20999df2af8eb42d56 -> 
========================================================================
Received Import Request.
  Time since last request: 1977512.770652 seconds.
  path: Assets/UI Toolkit/tableRowContents.uxml
  artifactKey: Guid(007a224a4df8c9048b8c25abd296dee6) Importer(815301076,1909f56bfc062723c751e8b465ee728b)
Start importing Assets/UI Toolkit/tableRowContents.uxml using Guid(007a224a4df8c9048b8c25abd296dee6) Importer(815301076,1909f56bfc062723c751e8b465ee728b)  -> (artifact id: 'fd907162967a44f2fccaf7e8760fe524') in 0.026168 seconds 
========================================================================
Received Import Request.
  Time since last request: 0.000021 seconds.
  path: Assets/UI Toolkit/CMS_contentsBox.uxml
  artifactKey: Guid(1f6eb493bb83a2942ba304a98e880c04) Importer(815301076,1909f56bfc062723c751e8b465ee728b)
Start importing Assets/UI Toolkit/CMS_contentsBox.uxml using Guid(1f6eb493bb83a2942ba304a98e880c04) Importer(815301076,1909f56bfc062723c751e8b465ee728b)  -> (artifact id: 'bd325ff10a540f5641363f420f10ce21') in 0.033040 seconds 
========================================================================
Received Import Request.
  Time since last request: 54.923303 seconds.
  path: Assets/Resources/Icon/loopLoading.png
  artifactKey: Guid(80575d13ff6b9744ab4057d0895ccc47) Importer(815301076,1909f56bfc062723c751e8b465ee728b)
Start importing Assets/Resources/Icon/loopLoading.png using Guid(80575d13ff6b9744ab4057d0895ccc47) Importer(815301076,1909f56bfc062723c751e8b465ee728b)  -> (artifact id: '3283713f16f4e582d7b5761c90b38988') in 0.073957 seconds 
========================================================================
Received Import Request.
  Time since last request: 2.292035 seconds.
  path: Assets/Resources/Icon/CMS_contents
  artifactKey: Guid(34b7467134bc79e4f87ea9283ec744f0) Importer(815301076,1909f56bfc062723c751e8b465ee728b)
Start importing Assets/Resources/Icon/CMS_contents using Guid(34b7467134bc79e4f87ea9283ec744f0) Importer(815301076,1909f56bfc062723c751e8b465ee728b)  -> (artifact id: '168a997396b656c39678f1c2a6f10391') in 0.015338 seconds 
========================================================================
Received Import Request.
  Time since last request: 0.097645 seconds.
  path: Assets/Resources/Icon/CMS_contents/check box_active.png
  artifactKey: Guid(a5906f66956e6d84f960e2b000e00d9d) Importer(815301076,1909f56bfc062723c751e8b465ee728b)
Start importing Assets/Resources/Icon/CMS_contents/check box_active.png using Guid(a5906f66956e6d84f960e2b000e00d9d) Importer(815301076,1909f56bfc062723c751e8b465ee728b)  -> (artifact id: '68c9999b6ea0d69e956eec0ee571d5c2') in 0.064707 seconds 
========================================================================
Received Import Request.
  Time since last request: 6.218401 seconds.
  path: Assets/Resources/Icon/CMS_contents/Vector 780.png
  artifactKey: Guid(d6761086a7cc99d478f09613d57455de) Importer(815301076,1909f56bfc062723c751e8b465ee728b)
Start importing Assets/Resources/Icon/CMS_contents/Vector 780.png using Guid(d6761086a7cc99d478f09613d57455de) Importer(815301076,1909f56bfc062723c751e8b465ee728b)  -> (artifact id: 'bfd5e1e471409412380483072fc9a3e2') in 0.030831 seconds 
========================================================================
Received Import Request.
  Time since last request: 6.251634 seconds.
  path: Assets/Resources/Icon/CMS_contents/Vector 780.png
  artifactKey: Guid(d6761086a7cc99d478f09613d57455de) Importer(815301076,1909f56bfc062723c751e8b465ee728b)
Start importing Assets/Resources/Icon/CMS_contents/Vector 780.png using Guid(d6761086a7cc99d478f09613d57455de) Importer(815301076,1909f56bfc062723c751e8b465ee728b)  -> (artifact id: 'ee7f2dc21825112330629047e0554e3b') in 0.042589 seconds 
========================================================================
Received Import Request.
  Time since last request: 59.739493 seconds.
  path: Assets/Resources/Icon/CMS_contents/check box_active (1).png
  artifactKey: Guid(b68ecf82306c6b14b95741cbee226777) Importer(815301076,1909f56bfc062723c751e8b465ee728b)
Start importing Assets/Resources/Icon/CMS_contents/check box_active (1).png using Guid(b68ecf82306c6b14b95741cbee226777) Importer(815301076,1909f56bfc062723c751e8b465ee728b)  -> (artifact id: '67833848234cec0f27d4f2c13d63574c') in 0.019688 seconds 
========================================================================
Received Import Request.
  Time since last request: 3.552713 seconds.
  path: Assets/Resources/Icon/CMS_contents/check box_active (1).png
  artifactKey: Guid(b68ecf82306c6b14b95741cbee226777) Importer(815301076,1909f56bfc062723c751e8b465ee728b)
Start importing Assets/Resources/Icon/CMS_contents/check box_active (1).png using Guid(b68ecf82306c6b14b95741cbee226777) Importer(815301076,1909f56bfc062723c751e8b465ee728b)  -> (artifact id: 'ce7d4a6085182ed61e6972c47219d05a') in 0.078978 seconds 
========================================================================
Received Import Request.
  Time since last request: 4.789804 seconds.
  path: Assets/UI Toolkit
  artifactKey: Guid(79ed50a171a84e847b67081d82c7f330) Importer(815301076,1909f56bfc062723c751e8b465ee728b)
Start importing Assets/UI Toolkit using Guid(79ed50a171a84e847b67081d82c7f330) Importer(815301076,1909f56bfc062723c751e8b465ee728b)  -> (artifact id: 'b242d39a669f59096e77d248d01479d8') in 0.018371 seconds 
========================================================================
Received Import Request.
  Time since last request: 150.209966 seconds.
  path: Assets/Resources/Icon/CMS_contents/check box_active 1.png
  artifactKey: Guid(f07f3f18e4dedba47a0a45ecb64234dc) Importer(815301076,1909f56bfc062723c751e8b465ee728b)
Start importing Assets/Resources/Icon/CMS_contents/check box_active 1.png using Guid(f07f3f18e4dedba47a0a45ecb64234dc) Importer(815301076,1909f56bfc062723c751e8b465ee728b)  -> (artifact id: '2ce6baf425399541385fbf79aedc5287') in 0.020704 seconds 
========================================================================
Received Import Request.
  Time since last request: 82.236131 seconds.
  path: Assets/UI Toolkit/tableRowContents.uxml
  artifactKey: Guid(007a224a4df8c9048b8c25abd296dee6) Importer(815301076,1909f56bfc062723c751e8b465ee728b)
Start importing Assets/UI Toolkit/tableRowContents.uxml using Guid(007a224a4df8c9048b8c25abd296dee6) Importer(815301076,1909f56bfc062723c751e8b465ee728b)  -> (artifact id: '25b282a1892e6f93b24385b3001e9e08') in 0.015547 seconds 
========================================================================
Received Import Request.
  Time since last request: 57.627863 seconds.
  path: Assets/UI Toolkit/CMS_contentsBox.uxml
  artifactKey: Guid(1f6eb493bb83a2942ba304a98e880c04) Importer(815301076,1909f56bfc062723c751e8b465ee728b)
Start importing Assets/UI Toolkit/CMS_contentsBox.uxml using Guid(1f6eb493bb83a2942ba304a98e880c04) Importer(815301076,1909f56bfc062723c751e8b465ee728b)  -> (artifact id: '4014360e422fb87a51b024ca30f72555') in 0.007358 seconds 
========================================================================
Received Import Request.
  Time since last request: 99.934714 seconds.
  path: Assets/UI Toolkit/CMS_contentsBox.uxml
  artifactKey: Guid(1f6eb493bb83a2942ba304a98e880c04) Importer(815301076,1909f56bfc062723c751e8b465ee728b)
Start importing Assets/UI Toolkit/CMS_contentsBox.uxml using Guid(1f6eb493bb83a2942ba304a98e880c04) Importer(815301076,1909f56bfc062723c751e8b465ee728b)  -> (artifact id: 'f96d82eadeb089d6089d305cb8fe7b9f') in 0.008905 seconds 
========================================================================
Received Prepare
Refreshing native plugins compatible for Editor in 2.85 ms, found 3 plugins.
Preloading 0 native plugins for Editor in 0.00 ms.
Unloading 19 Unused Serialized files (Serialized files now loaded: 0)
Unloading 19 unused Assets / (21.9 KB). Loaded Objects now: 4603.
Memory consumption went from 69.1 MB to 69.1 MB.
Total: 5.343300 ms (FindLiveObjects: 0.304500 ms CreateObjectMapping: 0.148200 ms MarkObjects: 4.865400 ms  DeleteObjects: 0.024700 ms)

AssetImportParameters requested are different than current active one (requested -> active):
  custom:video-decoder-ogg-theora: a1e56fd34408186e4bbccfd4996cb3dc -> 
  custom:container-muxer-webm: aa71ff27fc2769a1b78a27578f13a17b -> 
  custom:container-demuxer-webm: 4f35f7cbe854078d1ac9338744f61a02 -> 
  custom:video-encoder-webm-vp8: eb34c28f22e8b96e1ab97ce403110664 -> 
  custom:audio-encoder-webm-vorbis: bf7c407c2cedff20999df2af8eb42d56 -> 
  custom:framework-win-MediaFoundation: 216162199b28c13a410421893ffa2e32 -> 
  custom:container-demuxer-ogg: 62fdf1f143b41e24485cea50d1cbac27 -> 
  custom:video-decoder-webm-vp8: 9c59270c3fd7afecdb556c50c9e8de78 -> 
  custom:audio-decoder-ogg-vorbis: bf7c407c2cedff20999df2af8eb42d56 -> 
========================================================================
Received Import Request.
  Time since last request: 117.618551 seconds.
  path: Assets/UI Toolkit/CMS_contentsBox.uxml
  artifactKey: Guid(1f6eb493bb83a2942ba304a98e880c04) Importer(815301076,1909f56bfc062723c751e8b465ee728b)
Start importing Assets/UI Toolkit/CMS_contentsBox.uxml using Guid(1f6eb493bb83a2942ba304a98e880c04) Importer(815301076,1909f56bfc062723c751e8b465ee728b)  -> (artifact id: '3c33bcbe7127b54b1e75b4fd3c56ee82') in 0.033681 seconds 
========================================================================
Received Prepare
Refreshing native plugins compatible for Editor in 2.71 ms, found 3 plugins.
Preloading 0 native plugins for Editor in 0.00 ms.
Unloading 19 Unused Serialized files (Serialized files now loaded: 0)
Unloading 19 unused Assets / (21.9 KB). Loaded Objects now: 4603.
Memory consumption went from 69.1 MB to 69.1 MB.
Total: 4.000900 ms (FindLiveObjects: 0.767700 ms CreateObjectMapping: 0.208900 ms MarkObjects: 2.996000 ms  DeleteObjects: 0.024300 ms)

AssetImportParameters requested are different than current active one (requested -> active):
  custom:video-decoder-ogg-theora: a1e56fd34408186e4bbccfd4996cb3dc -> 
  custom:container-muxer-webm: aa71ff27fc2769a1b78a27578f13a17b -> 
  custom:container-demuxer-webm: 4f35f7cbe854078d1ac9338744f61a02 -> 
  custom:video-encoder-webm-vp8: eb34c28f22e8b96e1ab97ce403110664 -> 
  custom:audio-encoder-webm-vorbis: bf7c407c2cedff20999df2af8eb42d56 -> 
  custom:framework-win-MediaFoundation: 216162199b28c13a410421893ffa2e32 -> 
  custom:container-demuxer-ogg: 62fdf1f143b41e24485cea50d1cbac27 -> 
  custom:video-decoder-webm-vp8: 9c59270c3fd7afecdb556c50c9e8de78 -> 
  custom:audio-decoder-ogg-vorbis: bf7c407c2cedff20999df2af8eb42d56 -> 
========================================================================
Received Import Request.
  Time since last request: 18.915609 seconds.
  path: Assets/UI Toolkit/CMS_contentsBox.uxml
  artifactKey: Guid(1f6eb493bb83a2942ba304a98e880c04) Importer(815301076,1909f56bfc062723c751e8b465ee728b)
Start importing Assets/UI Toolkit/CMS_contentsBox.uxml using Guid(1f6eb493bb83a2942ba304a98e880c04) Importer(815301076,1909f56bfc062723c751e8b465ee728b)  -> (artifact id: '55d5452eb811a48a1c321e80b8f877fb') in 0.009052 seconds 
========================================================================
Received Import Request.
  Time since last request: 163.446295 seconds.
  path: Assets/UI Toolkit/CMS_contentsBox.uxml
  artifactKey: Guid(1f6eb493bb83a2942ba304a98e880c04) Importer(815301076,1909f56bfc062723c751e8b465ee728b)
Start importing Assets/UI Toolkit/CMS_contentsBox.uxml using Guid(1f6eb493bb83a2942ba304a98e880c04) Importer(815301076,1909f56bfc062723c751e8b465ee728b)  -> (artifact id: '49635ad5d4549e21854b68b1e07c3849') in 0.009467 seconds 
========================================================================
Received Import Request.
  Time since last request: 8.485016 seconds.
  path: Assets/UI Toolkit/CMS_contentsBox.uxml
  artifactKey: Guid(1f6eb493bb83a2942ba304a98e880c04) Importer(815301076,1909f56bfc062723c751e8b465ee728b)
Start importing Assets/UI Toolkit/CMS_contentsBox.uxml using Guid(1f6eb493bb83a2942ba304a98e880c04) Importer(815301076,1909f56bfc062723c751e8b465ee728b)  -> (artifact id: 'f6f383fd8b4b2fe28a50cb40f358b368') in 0.009961 seconds 
========================================================================
Received Prepare
Refreshing native plugins compatible for Editor in 4.57 ms, found 3 plugins.
Preloading 0 native plugins for Editor in 0.00 ms.
Unloading 19 Unused Serialized files (Serialized files now loaded: 0)
Unloading 19 unused Assets / (21.9 KB). Loaded Objects now: 4603.
Memory consumption went from 69.1 MB to 69.1 MB.
Total: 5.283900 ms (FindLiveObjects: 0.384500 ms CreateObjectMapping: 0.134600 ms MarkObjects: 4.714200 ms  DeleteObjects: 0.046100 ms)

AssetImportParameters requested are different than current active one (requested -> active):
  custom:video-decoder-ogg-theora: a1e56fd34408186e4bbccfd4996cb3dc -> 
  custom:container-muxer-webm: aa71ff27fc2769a1b78a27578f13a17b -> 
  custom:container-demuxer-webm: 4f35f7cbe854078d1ac9338744f61a02 -> 
  custom:video-encoder-webm-vp8: eb34c28f22e8b96e1ab97ce403110664 -> 
  custom:audio-encoder-webm-vorbis: bf7c407c2cedff20999df2af8eb42d56 -> 
  custom:framework-win-MediaFoundation: 216162199b28c13a410421893ffa2e32 -> 
  custom:container-demuxer-ogg: 62fdf1f143b41e24485cea50d1cbac27 -> 
  custom:video-decoder-webm-vp8: 9c59270c3fd7afecdb556c50c9e8de78 -> 
  custom:audio-decoder-ogg-vorbis: bf7c407c2cedff20999df2af8eb42d56 -> 
