Using pre-set license
Built from '2021.3/staging' branch; Version is '2021.3.24f1 (cf10dcf7010d) revision 13570268'; Using compiler version '192829333'; Build Type 'Release'
OS: 'Windows 11  (10.0.22621) 64bit Professional' Language: 'ko' Physical Memory: 65240 MB
BatchMode: 1, IsHumanControllingUs: 0, StartBugReporterOnCrash: 0, Is64bit: 1, IsPro: 1

COMMAND LINE ARGUMENTS:
C:\Program Files\Unity\Hub\Editor\2021.3.24f1\Editor\Unity.exe
-adb2
-batchMode
-noUpm
-name
AssetImportWorker5
-projectPath
C:/Users/pksoy/Desktop/unity/meta0829.1/metamap.v.5/META_MAP
-logFile
Logs/AssetImportWorker5.log
-srvPort
53136
Successfully changed project path to: C:/Users/pksoy/Desktop/unity/meta0829.1/metamap.v.5/META_MAP
C:/Users/pksoy/Desktop/unity/meta0829.1/metamap.v.5/META_MAP
[UnityMemory] Configuration Parameters - Can be set up in boot.config
    "memorysetup-bucket-allocator-granularity=16"
    "memorysetup-bucket-allocator-bucket-count=8"
    "memorysetup-bucket-allocator-block-size=33554432"
    "memorysetup-bucket-allocator-block-count=8"
    "memorysetup-main-allocator-block-size=16777216"
    "memorysetup-thread-allocator-block-size=16777216"
    "memorysetup-gfx-main-allocator-block-size=16777216"
    "memorysetup-gfx-thread-allocator-block-size=16777216"
    "memorysetup-cache-allocator-block-size=4194304"
    "memorysetup-typetree-allocator-block-size=2097152"
    "memorysetup-profiler-bucket-allocator-granularity=16"
    "memorysetup-profiler-bucket-allocator-bucket-count=8"
    "memorysetup-profiler-bucket-allocator-block-size=33554432"
    "memorysetup-profiler-bucket-allocator-block-count=8"
    "memorysetup-profiler-allocator-block-size=16777216"
    "memorysetup-profiler-editor-allocator-block-size=1048576"
    "memorysetup-temp-allocator-size-main=16777216"
    "memorysetup-job-temp-allocator-block-size=2097152"
    "memorysetup-job-temp-allocator-block-size-background=1048576"
    "memorysetup-job-temp-allocator-reduction-small-platforms=262144"
    "memorysetup-temp-allocator-size-background-worker=32768"
    "memorysetup-temp-allocator-size-job-worker=262144"
    "memorysetup-temp-allocator-size-preload-manager=33554432"
    "memorysetup-temp-allocator-size-nav-mesh-worker=65536"
    "memorysetup-temp-allocator-size-audio-worker=65536"
    "memorysetup-temp-allocator-size-cloud-worker=32768"
    "memorysetup-temp-allocator-size-gi-baking-worker=262144"
    "memorysetup-temp-allocator-size-gfx=262144"
Player connection [3728] Host "[IP] 192.168.1.99 [Port] 0 [Flags] 2 [Guid] 1393424310 [EditorId] 1393424310 [Version] 1048832 [Id] WindowsEditor(7,DESKTOP-M7KDN41) [Debug] 1 [PackageName] WindowsEditor [ProjectName] Editor" joined multi-casting on [225.0.0.222:54997]...

Player connection [3728] Host "[IP] 192.168.1.99 [Port] 0 [Flags] 2 [Guid] 1393424310 [EditorId] 1393424310 [Version] 1048832 [Id] WindowsEditor(7,DESKTOP-M7KDN41) [Debug] 1 [PackageName] WindowsEditor [ProjectName] Editor" joined alternative multi-casting on [225.0.0.222:34997]...

Refreshing native plugins compatible for Editor in 68.91 ms, found 3 plugins.
Preloading 0 native plugins for Editor in 0.00 ms.
Initialize engine version: 2021.3.24f1 (cf10dcf7010d)
[Subsystems] Discovering subsystems at path C:/Program Files/Unity/Hub/Editor/2021.3.24f1/Editor/Data/Resources/UnitySubsystems
[Subsystems] Discovering subsystems at path C:/Users/pksoy/Desktop/unity/meta0829.1/metamap.v.5/META_MAP/Assets
GfxDevice: creating device client; threaded=0; jobified=0
Direct3D:
    Version:  Direct3D 11.0 [level 11.1]
    Renderer: NVIDIA GeForce RTX 3060 Laptop GPU (ID=0x2520)
    Vendor:   NVIDIA
    VRAM:     6023 MB
    Driver:   30.0.15.1165
Initialize mono
Mono path[0] = 'C:/Program Files/Unity/Hub/Editor/2021.3.24f1/Editor/Data/Managed'
Mono path[1] = 'C:/Program Files/Unity/Hub/Editor/2021.3.24f1/Editor/Data/MonoBleedingEdge/lib/mono/unityjit-win32'
Mono config path = 'C:/Program Files/Unity/Hub/Editor/2021.3.24f1/Editor/Data/MonoBleedingEdge/etc'
Using monoOptions --debugger-agent=transport=dt_socket,embedding=1,server=y,suspend=n,address=127.0.0.1:56640
Begin MonoManager ReloadAssembly
Registering precompiled unity dll's ...
Register platform support module: C:/Program Files/Unity/Hub/Editor/2021.3.24f1/Editor/Data/PlaybackEngines/WebGLSupport/UnityEditor.WebGL.Extensions.dll
Register platform support module: C:/Program Files/Unity/Hub/Editor/2021.3.24f1/Editor/Data/PlaybackEngines/AndroidPlayer/UnityEditor.Android.Extensions.dll
Register platform support module: C:/Program Files/Unity/Hub/Editor/2021.3.24f1/Editor/Data/PlaybackEngines/WindowsStandaloneSupport/UnityEditor.WindowsStandalone.Extensions.dll
Register platform support module: C:/Program Files/Unity/Hub/Editor/2021.3.24f1/Editor/Data/PlaybackEngines/LinuxStandaloneSupport/UnityEditor.LinuxStandalone.Extensions.dll
Registered in 0.003753 seconds.
Native extension for LinuxStandalone target not found
Native extension for WindowsStandalone target not found
Native extension for Android target not found
Android Extension - Scanning For ADB Devices 214 ms
Native extension for WebGL target not found
Refreshing native plugins compatible for Editor in 58.80 ms, found 3 plugins.
Preloading 0 native plugins for Editor in 0.00 ms.
Mono: successfully reloaded assembly
- Completed reload, in  0.717 seconds
Domain Reload Profiling:
	ReloadAssembly (718ms)
		BeginReloadAssembly (61ms)
			ExecutionOrderSort (0ms)
			DisableScriptedObjects (0ms)
			BackupInstance (0ms)
			ReleaseScriptingObjects (0ms)
			CreateAndSetChildDomain (1ms)
		EndReloadAssembly (582ms)
			LoadAssemblies (60ms)
			RebuildTransferFunctionScriptingTraits (0ms)
			SetupTypeCache (87ms)
			ReleaseScriptCaches (0ms)
			RebuildScriptCaches (24ms)
			SetupLoadedEditorAssemblies (430ms)
				LogAssemblyErrors (0ms)
				InitializePlatformSupportModulesInManaged (273ms)
				SetLoadedEditorAssemblies (0ms)
				RefreshPlugins (59ms)
				BeforeProcessingInitializeOnLoad (1ms)
				ProcessInitializeOnLoadAttributes (67ms)
				ProcessInitializeOnLoadMethodAttributes (30ms)
				AfterProcessingInitializeOnLoad (0ms)
				EditorAssembliesLoaded (0ms)
			ExecutionOrderSort2 (0ms)
			AwakeInstancesAfterBackupRestoration (0ms)
Platform modules already initialized, skipping
Registering precompiled user dll's ...
Registered in 0.003178 seconds.
Begin MonoManager ReloadAssembly
Symbol file LoadedFromMemory doesn't match image C:\Users\pksoy\Desktop\unity\meta0829.1\metamap.v.5\META_MAP\Library\PackageCache\com.unity.visualscripting@1.8.0\Editor\VisualScripting.Core\Dependencies\YamlDotNet\Unity.VisualScripting.YamlDotNet.dll
Symbol file LoadedFromMemory doesn't match image C:\Users\pksoy\Desktop\unity\meta0829.1\metamap.v.5\META_MAP\Library\PackageCache\com.unity.visualscripting@1.8.0\Editor\VisualScripting.Core\Dependencies\DotNetZip\Unity.VisualScripting.IonicZip.dll
Native extension for LinuxStandalone target not found
Native extension for WindowsStandalone target not found
Native extension for Android target not found
Native extension for WebGL target not found
Refreshing native plugins compatible for Editor in 0.51 ms, found 3 plugins.
Preloading 0 native plugins for Editor in 0.00 ms.
Mono: successfully reloaded assembly
- Completed reload, in  0.756 seconds
Domain Reload Profiling:
	ReloadAssembly (757ms)
		BeginReloadAssembly (76ms)
			ExecutionOrderSort (0ms)
			DisableScriptedObjects (4ms)
			BackupInstance (0ms)
			ReleaseScriptingObjects (0ms)
			CreateAndSetChildDomain (14ms)
		EndReloadAssembly (612ms)
			LoadAssemblies (62ms)
			RebuildTransferFunctionScriptingTraits (0ms)
			SetupTypeCache (203ms)
			ReleaseScriptCaches (0ms)
			RebuildScriptCaches (38ms)
			SetupLoadedEditorAssemblies (282ms)
				LogAssemblyErrors (0ms)
				InitializePlatformSupportModulesInManaged (15ms)
				SetLoadedEditorAssemblies (0ms)
				RefreshPlugins (1ms)
				BeforeProcessingInitializeOnLoad (59ms)
				ProcessInitializeOnLoadAttributes (189ms)
				ProcessInitializeOnLoadMethodAttributes (15ms)
				AfterProcessingInitializeOnLoad (4ms)
				EditorAssembliesLoaded (0ms)
			ExecutionOrderSort2 (0ms)
			AwakeInstancesAfterBackupRestoration (5ms)
Platform modules already initialized, skipping
========================================================================
Worker process is ready to serve import requests
Launched and connected shader compiler UnityShaderCompiler.exe after 0.03 seconds
Refreshing native plugins compatible for Editor in 0.89 ms, found 3 plugins.
Preloading 0 native plugins for Editor in 0.00 ms.
Unloading 4158 Unused Serialized files (Serialized files now loaded: 0)
Unloading 26 unused Assets / (56.6 KB). Loaded Objects now: 4634.
Memory consumption went from 157.1 MB to 157.0 MB.
Total: 3.880000 ms (FindLiveObjects: 0.324300 ms CreateObjectMapping: 0.247500 ms MarkObjects: 3.207100 ms  DeleteObjects: 0.100000 ms)

AssetImportParameters requested are different than current active one (requested -> active):
  custom:video-decoder-ogg-theora: a1e56fd34408186e4bbccfd4996cb3dc -> 
  custom:container-muxer-webm: aa71ff27fc2769a1b78a27578f13a17b -> 
  custom:container-demuxer-webm: 4f35f7cbe854078d1ac9338744f61a02 -> 
  custom:video-encoder-webm-vp8: eb34c28f22e8b96e1ab97ce403110664 -> 
  custom:audio-encoder-webm-vorbis: bf7c407c2cedff20999df2af8eb42d56 -> 
  custom:framework-win-MediaFoundation: 216162199b28c13a410421893ffa2e32 -> 
  custom:container-demuxer-ogg: 62fdf1f143b41e24485cea50d1cbac27 -> 
  custom:video-decoder-webm-vp8: 9c59270c3fd7afecdb556c50c9e8de78 -> 
  custom:audio-decoder-ogg-vorbis: bf7c407c2cedff20999df2af8eb42d56 -> 
========================================================================
Received Import Request.
  Time since last request: 1635303.264542 seconds.
  path: Assets/Resources/VirtualSeoulScene/NodeulIsland.Textures/Materials/05#GLB.mat
  artifactKey: Guid(b007dc4920a0e534886a7d4d4a6344ff) Importer(815301076,1909f56bfc062723c751e8b465ee728b)
Start importing Assets/Resources/VirtualSeoulScene/NodeulIsland.Textures/Materials/05#GLB.mat using Guid(b007dc4920a0e534886a7d4d4a6344ff) Importer(815301076,1909f56bfc062723c751e8b465ee728b)  -> (artifact id: 'cc3d6dcff0afcc1e5d697f896b195242') in 0.256323 seconds 
========================================================================
Received Import Request.
  Time since last request: 0.865019 seconds.
  path: Assets/Resources/VirtualSeoulScene/Seoul_Botanic_Park.Textures/Materials/06#GLB.mat
  artifactKey: Guid(35e11f787b803a14b92645ac8e82ec5b) Importer(815301076,1909f56bfc062723c751e8b465ee728b)
Start importing Assets/Resources/VirtualSeoulScene/Seoul_Botanic_Park.Textures/Materials/06#GLB.mat using Guid(35e11f787b803a14b92645ac8e82ec5b) Importer(815301076,1909f56bfc062723c751e8b465ee728b)  -> (artifact id: '8e810f1af8decbde3fc50dc431b38fd0') in 0.029666 seconds 
========================================================================
Received Import Request.
  Time since last request: 0.000034 seconds.
  path: Assets/Resources/VirtualSeoulScene/Seoul_Theater.Textures/Materials/07#GLB.mat
  artifactKey: Guid(d5307c749903140459c33936fbc06ddf) Importer(815301076,1909f56bfc062723c751e8b465ee728b)
Start importing Assets/Resources/VirtualSeoulScene/Seoul_Theater.Textures/Materials/07#GLB.mat using Guid(d5307c749903140459c33936fbc06ddf) Importer(815301076,1909f56bfc062723c751e8b465ee728b)  -> (artifact id: 'de1905f57aa03357b1b83f7a33bb9c34') in 0.028361 seconds 
========================================================================
Received Import Request.
  Time since last request: 0.000019 seconds.
  path: Assets/Resources/VirtualSeoulScene/WorkShop_Room.Textures/Materials/06#GLB.mat
  artifactKey: Guid(d2b6ed2f95313f042836986fa58c3ce3) Importer(815301076,1909f56bfc062723c751e8b465ee728b)
Start importing Assets/Resources/VirtualSeoulScene/WorkShop_Room.Textures/Materials/06#GLB.mat using Guid(d2b6ed2f95313f042836986fa58c3ce3) Importer(815301076,1909f56bfc062723c751e8b465ee728b)  -> (artifact id: 'a1f163bb735500ecabd8094aff5e7a84') in 0.025067 seconds 
========================================================================
Received Import Request.
  Time since last request: 0.000025 seconds.
  path: Assets/Resources/VirtualSeoulScene/Business_Room.Textures/08#GLB.png
  artifactKey: Guid(0dfbae83750276249880b42a71978dd6) Importer(815301076,1909f56bfc062723c751e8b465ee728b)
Start importing Assets/Resources/VirtualSeoulScene/Business_Room.Textures/08#GLB.png using Guid(0dfbae83750276249880b42a71978dd6) Importer(815301076,1909f56bfc062723c751e8b465ee728b)  -> (artifact id: '313cc788d7bcd0081daa434c21dd3aa9') in 0.022962 seconds 
========================================================================
Received Import Request.
  Time since last request: 0.000020 seconds.
  path: Assets/Resources/VirtualSeoulScene/WorkShop_Room.Textures/Materials/08#GLB.mat
  artifactKey: Guid(77872ab643bf8314abaf7394f20f8e02) Importer(815301076,1909f56bfc062723c751e8b465ee728b)
Start importing Assets/Resources/VirtualSeoulScene/WorkShop_Room.Textures/Materials/08#GLB.mat using Guid(77872ab643bf8314abaf7394f20f8e02) Importer(815301076,1909f56bfc062723c751e8b465ee728b)  -> (artifact id: '59f6f5ff846af875bee692bd755aacaf') in 0.019142 seconds 
========================================================================
Received Import Request.
  Time since last request: 0.000017 seconds.
  path: Assets/Resources/VirtualSeoulScene/NodeulIsland.Textures/Materials/09#GLB.mat
  artifactKey: Guid(4fd333f9ceef7434db9c34214b5065be) Importer(815301076,1909f56bfc062723c751e8b465ee728b)
Start importing Assets/Resources/VirtualSeoulScene/NodeulIsland.Textures/Materials/09#GLB.mat using Guid(4fd333f9ceef7434db9c34214b5065be) Importer(815301076,1909f56bfc062723c751e8b465ee728b)  -> (artifact id: '0a65876b6c745321cae2d44038d69074') in 0.018033 seconds 
========================================================================
Received Import Request.
  Time since last request: 1.026684 seconds.
  path: Assets/Resources/Map/Main/FINAL MAP 02.fbx
  artifactKey: Guid(211495728e2ebfb479a399665da5c5cb) Importer(815301076,1909f56bfc062723c751e8b465ee728b)
Start importing Assets/Resources/Map/Main/FINAL MAP 02.fbx using Guid(211495728e2ebfb479a399665da5c5cb) Importer(815301076,1909f56bfc062723c751e8b465ee728b)  -> (artifact id: '7a54a00f8d2d8f1d75dab404b23a3aec') in 1.217157 seconds 
========================================================================
Received Import Request.
  Time since last request: 149.275099 seconds.
  path: Assets/Resources/Map/demoroom/blue texture.png
  artifactKey: Guid(ccd3cad38ec8c844e87035539fbcae4e) Importer(815301076,1909f56bfc062723c751e8b465ee728b)
Start importing Assets/Resources/Map/demoroom/blue texture.png using Guid(ccd3cad38ec8c844e87035539fbcae4e) Importer(815301076,1909f56bfc062723c751e8b465ee728b)  -> (artifact id: '99e274ba5e3777b0cb30c4517ce625b7') in 0.011449 seconds 
========================================================================
Received Import Request.
  Time since last request: 0.003576 seconds.
  path: Assets/Resources/Map/demoroom/BODY02.png
  artifactKey: Guid(ab1e067ac1a2dec4cb8ad90bb4b26a10) Importer(815301076,1909f56bfc062723c751e8b465ee728b)
Start importing Assets/Resources/Map/demoroom/BODY02.png using Guid(ab1e067ac1a2dec4cb8ad90bb4b26a10) Importer(815301076,1909f56bfc062723c751e8b465ee728b)  -> (artifact id: '3a019978280c222d0aade16c139bba83') in 0.016076 seconds 
========================================================================
Received Import Request.
  Time since last request: 0.000029 seconds.
  path: Assets/Resources/Map/demoroom/IOT03.mat
  artifactKey: Guid(f35273da65107d54883cdda8468abaa9) Importer(815301076,1909f56bfc062723c751e8b465ee728b)
Start importing Assets/Resources/Map/demoroom/IOT03.mat using Guid(f35273da65107d54883cdda8468abaa9) Importer(815301076,1909f56bfc062723c751e8b465ee728b)  -> (artifact id: '750dd9212289aa04e17c372de6502836') in 0.025674 seconds 
========================================================================
Received Import Request.
  Time since last request: 0.000018 seconds.
  path: Assets/Resources/Map/demoroom/RI05.mat
  artifactKey: Guid(901212ab3f3039c42bac2f9afa807613) Importer(815301076,1909f56bfc062723c751e8b465ee728b)
Start importing Assets/Resources/Map/demoroom/RI05.mat using Guid(901212ab3f3039c42bac2f9afa807613) Importer(815301076,1909f56bfc062723c751e8b465ee728b)  -> (artifact id: '3b7a5f88e9c34f6249ae7b871cab2019') in 0.019469 seconds 
========================================================================
Received Import Request.
  Time since last request: 0.000015 seconds.
  path: Assets/Resources/Map/demoroom/RI03.mat
  artifactKey: Guid(43f3ff632c65a974088c1b02f3276108) Importer(815301076,1909f56bfc062723c751e8b465ee728b)
Start importing Assets/Resources/Map/demoroom/RI03.mat using Guid(43f3ff632c65a974088c1b02f3276108) Importer(815301076,1909f56bfc062723c751e8b465ee728b)  -> (artifact id: '2c98477a96aca4278f19c241ecdd0291') in 0.020117 seconds 
========================================================================
Received Import Request.
  Time since last request: 0.000019 seconds.
  path: Assets/Resources/Map/demoroom/KK.png
  artifactKey: Guid(8350bf4dc7cb496438157d307de624c8) Importer(815301076,1909f56bfc062723c751e8b465ee728b)
Start importing Assets/Resources/Map/demoroom/KK.png using Guid(8350bf4dc7cb496438157d307de624c8) Importer(815301076,1909f56bfc062723c751e8b465ee728b)  -> (artifact id: '8a1ff4f00d4efcc1a5926de275998800') in 0.015896 seconds 
========================================================================
Received Import Request.
  Time since last request: 0.000046 seconds.
  path: Assets/Resources/Map/demoroom/RI05.png
  artifactKey: Guid(7e8fd6a6f0c22bd499a7dcbd43420226) Importer(815301076,1909f56bfc062723c751e8b465ee728b)
Start importing Assets/Resources/Map/demoroom/RI05.png using Guid(7e8fd6a6f0c22bd499a7dcbd43420226) Importer(815301076,1909f56bfc062723c751e8b465ee728b)  -> (artifact id: 'ae18fb760b487dc45731092f503e110c') in 0.017793 seconds 
========================================================================
Received Import Request.
  Time since last request: 0.000030 seconds.
  path: Assets/Resources/Map/demoroom/DESK01.png
  artifactKey: Guid(112423275688b3b4fa96368c3f6a9569) Importer(815301076,1909f56bfc062723c751e8b465ee728b)
Start importing Assets/Resources/Map/demoroom/DESK01.png using Guid(112423275688b3b4fa96368c3f6a9569) Importer(815301076,1909f56bfc062723c751e8b465ee728b)  -> (artifact id: 'c8a9495b2f45dcca3b1a90c7a23ce2a9') in 0.007591 seconds 
========================================================================
Received Import Request.
  Time since last request: 0.000016 seconds.
  path: Assets/Resources/Map/demoroom/RI03.png
  artifactKey: Guid(ff159c4c9f9fa97458adec7a827ac2f9) Importer(815301076,1909f56bfc062723c751e8b465ee728b)
Start importing Assets/Resources/Map/demoroom/RI03.png using Guid(ff159c4c9f9fa97458adec7a827ac2f9) Importer(815301076,1909f56bfc062723c751e8b465ee728b)  -> (artifact id: '34380e37b92c2fbdf03b492e438fc676') in 0.016117 seconds 
========================================================================
Received Import Request.
  Time since last request: 0.000025 seconds.
  path: Assets/Resources/Map/demoroom/D02.mat
  artifactKey: Guid(64ab588808509ab479f07c9427b4a5ab) Importer(815301076,1909f56bfc062723c751e8b465ee728b)
Start importing Assets/Resources/Map/demoroom/D02.mat using Guid(64ab588808509ab479f07c9427b4a5ab) Importer(815301076,1909f56bfc062723c751e8b465ee728b)  -> (artifact id: '3826764d198cc1d176d839a14e76fe52') in 0.020562 seconds 
========================================================================
Received Import Request.
  Time since last request: 0.000029 seconds.
  path: Assets/Resources/Map/demoroom/K04.mat
  artifactKey: Guid(2b71a42b5a9429f4aa5373a7a1a483ff) Importer(815301076,1909f56bfc062723c751e8b465ee728b)
Start importing Assets/Resources/Map/demoroom/K04.mat using Guid(2b71a42b5a9429f4aa5373a7a1a483ff) Importer(815301076,1909f56bfc062723c751e8b465ee728b)  -> (artifact id: 'f050a11e15e0bf063299a509991726cd') in 0.016622 seconds 
========================================================================
Received Import Request.
  Time since last request: 0.000022 seconds.
  path: Assets/Resources/Map/demoroom/IOT02.mat
  artifactKey: Guid(6227263c60f1b224fb71f18f4e397947) Importer(815301076,1909f56bfc062723c751e8b465ee728b)
Start importing Assets/Resources/Map/demoroom/IOT02.mat using Guid(6227263c60f1b224fb71f18f4e397947) Importer(815301076,1909f56bfc062723c751e8b465ee728b)  -> (artifact id: '226eebe4d8b059fe1658ec077474b1c7') in 0.022903 seconds 
========================================================================
Received Import Request.
  Time since last request: 0.000020 seconds.
  path: Assets/Resources/Map/demoroom/MAIN.png
  artifactKey: Guid(53ba87fd0746d044d81818ed4b823caf) Importer(815301076,1909f56bfc062723c751e8b465ee728b)
Start importing Assets/Resources/Map/demoroom/MAIN.png using Guid(53ba87fd0746d044d81818ed4b823caf) Importer(815301076,1909f56bfc062723c751e8b465ee728b)  -> (artifact id: '36b29e8a3a19b84579d4af3ccc0db3c4') in 0.020846 seconds 
========================================================================
Received Import Request.
  Time since last request: 0.000015 seconds.
  path: Assets/Resources/Map/demoroom/RI02.mat
  artifactKey: Guid(0a6f30dee37e5c443b795ea603b080af) Importer(815301076,1909f56bfc062723c751e8b465ee728b)
Start importing Assets/Resources/Map/demoroom/RI02.mat using Guid(0a6f30dee37e5c443b795ea603b080af) Importer(815301076,1909f56bfc062723c751e8b465ee728b)  -> (artifact id: '858cebe3d74084507edbb723503eec7f') in 0.021209 seconds 
========================================================================
Received Import Request.
  Time since last request: 0.000018 seconds.
  path: Assets/Resources/Map/demoroom/IOT02.png
  artifactKey: Guid(d8274a3d59d65de44b5efac79e7d7bec) Importer(815301076,1909f56bfc062723c751e8b465ee728b)
Start importing Assets/Resources/Map/demoroom/IOT02.png using Guid(d8274a3d59d65de44b5efac79e7d7bec) Importer(815301076,1909f56bfc062723c751e8b465ee728b)  -> (artifact id: 'bc113eac0b86f189932d9608f9d35797') in 0.005990 seconds 
========================================================================
Received Import Request.
  Time since last request: 0.000019 seconds.
  path: Assets/Resources/Map/demoroom/IOT03.png
  artifactKey: Guid(9f0ba58d13377ba46b2869de0ece8fb7) Importer(815301076,1909f56bfc062723c751e8b465ee728b)
Start importing Assets/Resources/Map/demoroom/IOT03.png using Guid(9f0ba58d13377ba46b2869de0ece8fb7) Importer(815301076,1909f56bfc062723c751e8b465ee728b)  -> (artifact id: 'e558f7b33b2509e0dd872b83c3db9287') in 0.005590 seconds 
========================================================================
Received Import Request.
  Time since last request: 0.000020 seconds.
  path: Assets/Resources/Map/demoroom/FLOOR CLOUD.mat
  artifactKey: Guid(83a78a1fdd009f74db562e8c5a3b034f) Importer(815301076,1909f56bfc062723c751e8b465ee728b)
Start importing Assets/Resources/Map/demoroom/FLOOR CLOUD.mat using Guid(83a78a1fdd009f74db562e8c5a3b034f) Importer(815301076,1909f56bfc062723c751e8b465ee728b)  -> (artifact id: 'f0a3688e725456db28d1f6a213f167f6') in 0.021264 seconds 
========================================================================
Received Import Request.
  Time since last request: 0.000079 seconds.
  path: Assets/Resources/Map/demoroom/RI04.mat
  artifactKey: Guid(d04d6863e00f3ce4bb52c2eb6c84a6f8) Importer(815301076,1909f56bfc062723c751e8b465ee728b)
Start importing Assets/Resources/Map/demoroom/RI04.mat using Guid(d04d6863e00f3ce4bb52c2eb6c84a6f8) Importer(815301076,1909f56bfc062723c751e8b465ee728b)  -> (artifact id: '6d8103e3e3a813656d81891315f0bc71') in 0.016564 seconds 
========================================================================
Received Import Request.
  Time since last request: 0.000019 seconds.
  path: Assets/Resources/Map/demoroom/KK.mat
  artifactKey: Guid(f832f2f2ac5a2c34aacef660fc34d18e) Importer(815301076,1909f56bfc062723c751e8b465ee728b)
Start importing Assets/Resources/Map/demoroom/KK.mat using Guid(f832f2f2ac5a2c34aacef660fc34d18e) Importer(815301076,1909f56bfc062723c751e8b465ee728b)  -> (artifact id: 'b4f51a2ebaad38a8ec5ac1a52e4478bb') in 0.021398 seconds 
========================================================================
Received Import Request.
  Time since last request: 0.000041 seconds.
  path: Assets/Resources/Map/demoroom/BODY02.mat
  artifactKey: Guid(c8f1105112178a540a0d3ce58879e3aa) Importer(815301076,1909f56bfc062723c751e8b465ee728b)
Start importing Assets/Resources/Map/demoroom/BODY02.mat using Guid(c8f1105112178a540a0d3ce58879e3aa) Importer(815301076,1909f56bfc062723c751e8b465ee728b)  -> (artifact id: 'be420073d3d4c452d064e1787501ba73') in 0.014339 seconds 
========================================================================
Received Import Request.
  Time since last request: 0.000022 seconds.
  path: Assets/Resources/Map/demoroom/IOT04.mat
  artifactKey: Guid(e0484a1f1498faf459d5aceacd3dafa9) Importer(815301076,1909f56bfc062723c751e8b465ee728b)
Start importing Assets/Resources/Map/demoroom/IOT04.mat using Guid(e0484a1f1498faf459d5aceacd3dafa9) Importer(815301076,1909f56bfc062723c751e8b465ee728b)  -> (artifact id: 'ab27ea63fda2b4e99c18cf0232748f5e') in 0.021133 seconds 
========================================================================
Received Import Request.
  Time since last request: 1.316797 seconds.
  path: Assets/Resources/Map/demoroom/상점알림_리스트보기1.png
  artifactKey: Guid(6721b481832fe554893bc2060f6328f3) Importer(815301076,1909f56bfc062723c751e8b465ee728b)
Start importing Assets/Resources/Map/demoroom/상점알림_리스트보기1.png using Guid(6721b481832fe554893bc2060f6328f3) Importer(815301076,1909f56bfc062723c751e8b465ee728b)  -> (artifact id: '6f76e4a2378977bed0c660409250eea6') in 0.021541 seconds 
========================================================================
Received Import Request.
  Time since last request: 0.000021 seconds.
  path: Assets/Resources/Map/demoroom/상점알림_리스트보기_모달.png
  artifactKey: Guid(8006bd140b6a4c94d97b848af1a6ea10) Importer(815301076,1909f56bfc062723c751e8b465ee728b)
Start importing Assets/Resources/Map/demoroom/상점알림_리스트보기_모달.png using Guid(8006bd140b6a4c94d97b848af1a6ea10) Importer(815301076,1909f56bfc062723c751e8b465ee728b)  -> (artifact id: '4e53b9e9aad30dacb5fb4fd0ed455920') in 0.005145 seconds 
========================================================================
Received Import Request.
  Time since last request: 0.000018 seconds.
  path: Assets/Resources/Map/demoroom/키오스크_스마트알림_미세먼지 수치.png
  artifactKey: Guid(a3b98fb80807a204c8cf297c80296bd0) Importer(815301076,1909f56bfc062723c751e8b465ee728b)
Start importing Assets/Resources/Map/demoroom/키오스크_스마트알림_미세먼지 수치.png using Guid(a3b98fb80807a204c8cf297c80296bd0) Importer(815301076,1909f56bfc062723c751e8b465ee728b)  -> (artifact id: '4dbe395e56bfd8b626857ee3a0683e25') in 0.022519 seconds 
========================================================================
Received Import Request.
  Time since last request: 25.132305 seconds.
  path: Assets/Resources/Map/demoroom/BODY02.png
  artifactKey: Guid(545d5081b4e5e8b429b917508788548c) Importer(815301076,1909f56bfc062723c751e8b465ee728b)
Start importing Assets/Resources/Map/demoroom/BODY02.png using Guid(545d5081b4e5e8b429b917508788548c) Importer(815301076,1909f56bfc062723c751e8b465ee728b)  -> (artifact id: 'a08509988432fa8448ef79fff79d7560') in 0.052783 seconds 
========================================================================
Received Import Request.
  Time since last request: 0.000024 seconds.
  path: Assets/Resources/Map/demoroom/IOT02.png
  artifactKey: Guid(0c078c3de87f3fc4e85b353c5d5cf307) Importer(815301076,1909f56bfc062723c751e8b465ee728b)
Start importing Assets/Resources/Map/demoroom/IOT02.png using Guid(0c078c3de87f3fc4e85b353c5d5cf307) Importer(815301076,1909f56bfc062723c751e8b465ee728b)  -> (artifact id: '1127fc0938376bc64a242e2dc019861a') in 0.011246 seconds 
========================================================================
Received Import Request.
  Time since last request: 0.000023 seconds.
  path: Assets/Resources/Map/demoroom/K05.mat
  artifactKey: Guid(6da03286896185647ac6390cb7f6e4fb) Importer(815301076,1909f56bfc062723c751e8b465ee728b)
Start importing Assets/Resources/Map/demoroom/K05.mat using Guid(6da03286896185647ac6390cb7f6e4fb) Importer(815301076,1909f56bfc062723c751e8b465ee728b)  -> (artifact id: 'f5b4515f59f5b04bc9d611706ccad08a') in 0.016540 seconds 
========================================================================
Received Import Request.
  Time since last request: 0.000052 seconds.
  path: Assets/Resources/Map/demoroom/RI03.mat
  artifactKey: Guid(43f3ff632c65a974088c1b02f3276108) Importer(815301076,1909f56bfc062723c751e8b465ee728b)
Start importing Assets/Resources/Map/demoroom/RI03.mat using Guid(43f3ff632c65a974088c1b02f3276108) Importer(815301076,1909f56bfc062723c751e8b465ee728b)  -> (artifact id: 'd566b2179061d21be76aac6ef7d266da') in 0.019205 seconds 
========================================================================
Received Import Request.
  Time since last request: 0.000022 seconds.
  path: Assets/Resources/Map/demoroom/Image_0.013.png
  artifactKey: Guid(48e13ab88772452419f54553e062fbf4) Importer(815301076,1909f56bfc062723c751e8b465ee728b)
Start importing Assets/Resources/Map/demoroom/Image_0.013.png using Guid(48e13ab88772452419f54553e062fbf4) Importer(815301076,1909f56bfc062723c751e8b465ee728b)  -> (artifact id: '5cc9bcfc59cc3a8510a3db1787163016') in 0.016619 seconds 
========================================================================
Received Import Request.
  Time since last request: 0.000023 seconds.
  path: Assets/Resources/Map/demoroom/DESK01.png
  artifactKey: Guid(7fcac08b24143a441aa52cbd2b48027a) Importer(815301076,1909f56bfc062723c751e8b465ee728b)
Start importing Assets/Resources/Map/demoroom/DESK01.png using Guid(7fcac08b24143a441aa52cbd2b48027a) Importer(815301076,1909f56bfc062723c751e8b465ee728b)  -> (artifact id: '2b1ebe613ef110eab158fcdf3dfb3be6') in 0.006188 seconds 
========================================================================
Received Import Request.
  Time since last request: 0.000029 seconds.
  path: Assets/Resources/Map/demoroom/K04.mat
  artifactKey: Guid(2b71a42b5a9429f4aa5373a7a1a483ff) Importer(815301076,1909f56bfc062723c751e8b465ee728b)
Start importing Assets/Resources/Map/demoroom/K04.mat using Guid(2b71a42b5a9429f4aa5373a7a1a483ff) Importer(815301076,1909f56bfc062723c751e8b465ee728b)  -> (artifact id: '727b937206592d47bd80b4bf2a0d7d8e') in 0.018285 seconds 
========================================================================
Received Import Request.
  Time since last request: 0.000023 seconds.
  path: Assets/Resources/Map/demoroom/RI02.mat
  artifactKey: Guid(0a6f30dee37e5c443b795ea603b080af) Importer(815301076,1909f56bfc062723c751e8b465ee728b)
Start importing Assets/Resources/Map/demoroom/RI02.mat using Guid(0a6f30dee37e5c443b795ea603b080af) Importer(815301076,1909f56bfc062723c751e8b465ee728b)  -> (artifact id: 'dd8f701fc1e769f228894c027f1bbed3') in 0.021186 seconds 
========================================================================
Received Import Request.
  Time since last request: 0.000024 seconds.
  path: Assets/Resources/Map/demoroom/RI02.png
  artifactKey: Guid(7ad543173503a7a4fbce88026210d0b7) Importer(815301076,1909f56bfc062723c751e8b465ee728b)
Start importing Assets/Resources/Map/demoroom/RI02.png using Guid(7ad543173503a7a4fbce88026210d0b7) Importer(815301076,1909f56bfc062723c751e8b465ee728b)  -> (artifact id: '3ad8bf97274675d654ffc6d163a787ad') in 0.018792 seconds 
========================================================================
Received Import Request.
  Time since last request: 0.000038 seconds.
  path: Assets/Resources/Map/demoroom/RI01.mat
  artifactKey: Guid(1979119f403fd72468d5d0504ddf6b9d) Importer(815301076,1909f56bfc062723c751e8b465ee728b)
Start importing Assets/Resources/Map/demoroom/RI01.mat using Guid(1979119f403fd72468d5d0504ddf6b9d) Importer(815301076,1909f56bfc062723c751e8b465ee728b)  -> (artifact id: 'e5ad720d176f1b2c55795c784715d961') in 0.018214 seconds 
Editor requested this worker to shutdown with reason: Scaling down because of idle timeout
AssetImportWorker is now disconnected from the server
Process exiting
Exiting without the bug reporter. Application will terminate with return code 0