Using pre-set license
Built from '2021.3/staging' branch; Version is '2021.3.24f1 (cf10dcf7010d) revision 13570268'; Using compiler version '192829333'; Build Type 'Release'
OS: 'Windows 11  (10.0.22621) 64bit Professional' Language: 'ko' Physical Memory: 65240 MB
BatchMode: 1, IsHumanControllingUs: 0, StartBugReporterOnCrash: 0, Is64bit: 1, IsPro: 1

COMMAND LINE ARGUMENTS:
C:\Program Files\Unity\Hub\Editor\2021.3.24f1\Editor\Unity.exe
-adb2
-batchMode
-noUpm
-name
AssetImportWorker5
-projectPath
C:/Users/Yerin/Desktop/gitlabUnity/metamap.v.5/metamap.v.5/META_MAP
-logFile
Logs/AssetImportWorker5.log
-srvPort
58845
Successfully changed project path to: C:/Users/Yerin/Desktop/gitlabUnity/metamap.v.5/metamap.v.5/META_MAP
C:/Users/Yerin/Desktop/gitlabUnity/metamap.v.5/metamap.v.5/META_MAP
[UnityMemory] Configuration Parameters - Can be set up in boot.config
    "memorysetup-bucket-allocator-granularity=16"
    "memorysetup-bucket-allocator-bucket-count=8"
    "memorysetup-bucket-allocator-block-size=33554432"
    "memorysetup-bucket-allocator-block-count=8"
    "memorysetup-main-allocator-block-size=16777216"
    "memorysetup-thread-allocator-block-size=16777216"
    "memorysetup-gfx-main-allocator-block-size=16777216"
    "memorysetup-gfx-thread-allocator-block-size=16777216"
    "memorysetup-cache-allocator-block-size=4194304"
    "memorysetup-typetree-allocator-block-size=2097152"
    "memorysetup-profiler-bucket-allocator-granularity=16"
    "memorysetup-profiler-bucket-allocator-bucket-count=8"
    "memorysetup-profiler-bucket-allocator-block-size=33554432"
    "memorysetup-profiler-bucket-allocator-block-count=8"
    "memorysetup-profiler-allocator-block-size=16777216"
    "memorysetup-profiler-editor-allocator-block-size=1048576"
    "memorysetup-temp-allocator-size-main=16777216"
    "memorysetup-job-temp-allocator-block-size=2097152"
    "memorysetup-job-temp-allocator-block-size-background=1048576"
    "memorysetup-job-temp-allocator-reduction-small-platforms=262144"
    "memorysetup-temp-allocator-size-background-worker=32768"
    "memorysetup-temp-allocator-size-job-worker=262144"
    "memorysetup-temp-allocator-size-preload-manager=33554432"
    "memorysetup-temp-allocator-size-nav-mesh-worker=65536"
    "memorysetup-temp-allocator-size-audio-worker=65536"
    "memorysetup-temp-allocator-size-cloud-worker=32768"
    "memorysetup-temp-allocator-size-gi-baking-worker=262144"
    "memorysetup-temp-allocator-size-gfx=262144"
Player connection [14700] Host "[IP] 192.168.1.5 [Port] 0 [Flags] 2 [Guid] 2839840937 [EditorId] 2839840937 [Version] 1048832 [Id] WindowsEditor(7,DESKTOP-HS1RBE5) [Debug] 1 [PackageName] WindowsEditor [ProjectName] Editor" joined multi-casting on [225.0.0.222:54997]...

Player connection [14700] Host "[IP] 192.168.1.5 [Port] 0 [Flags] 2 [Guid] 2839840937 [EditorId] 2839840937 [Version] 1048832 [Id] WindowsEditor(7,DESKTOP-HS1RBE5) [Debug] 1 [PackageName] WindowsEditor [ProjectName] Editor" joined alternative multi-casting on [225.0.0.222:34997]...

Refreshing native plugins compatible for Editor in 66.33 ms, found 3 plugins.
Preloading 0 native plugins for Editor in 0.00 ms.
Initialize engine version: 2021.3.24f1 (cf10dcf7010d)
[Subsystems] Discovering subsystems at path C:/Program Files/Unity/Hub/Editor/2021.3.24f1/Editor/Data/Resources/UnitySubsystems
[Subsystems] Discovering subsystems at path C:/Users/Yerin/Desktop/gitlabUnity/metamap.v.5/metamap.v.5/META_MAP/Assets
GfxDevice: creating device client; threaded=0; jobified=0
Direct3D:
    Version:  Direct3D 11.0 [level 11.1]
    Renderer: NVIDIA GeForce RTX 3060 Laptop GPU (ID=0x2520)
    Vendor:   NVIDIA
    VRAM:     6023 MB
    Driver:   30.0.15.1165
Initialize mono
Mono path[0] = 'C:/Program Files/Unity/Hub/Editor/2021.3.24f1/Editor/Data/Managed'
Mono path[1] = 'C:/Program Files/Unity/Hub/Editor/2021.3.24f1/Editor/Data/MonoBleedingEdge/lib/mono/unityjit-win32'
Mono config path = 'C:/Program Files/Unity/Hub/Editor/2021.3.24f1/Editor/Data/MonoBleedingEdge/etc'
Using monoOptions --debugger-agent=transport=dt_socket,embedding=1,server=y,suspend=n,address=127.0.0.1:56860
Begin MonoManager ReloadAssembly
Registering precompiled unity dll's ...
Register platform support module: C:/Program Files/Unity/Hub/Editor/2021.3.24f1/Editor/Data/PlaybackEngines/WebGLSupport/UnityEditor.WebGL.Extensions.dll
Register platform support module: C:/Program Files/Unity/Hub/Editor/2021.3.24f1/Editor/Data/PlaybackEngines/AndroidPlayer/UnityEditor.Android.Extensions.dll
Register platform support module: C:/Program Files/Unity/Hub/Editor/2021.3.24f1/Editor/Data/PlaybackEngines/WindowsStandaloneSupport/UnityEditor.WindowsStandalone.Extensions.dll
Register platform support module: C:/Program Files/Unity/Hub/Editor/2021.3.24f1/Editor/Data/PlaybackEngines/LinuxStandaloneSupport/UnityEditor.LinuxStandalone.Extensions.dll
Registered in 0.003870 seconds.
Native extension for LinuxStandalone target not found
Native extension for WindowsStandalone target not found
Native extension for Android target not found
Android Extension - Scanning For ADB Devices 196 ms
Native extension for WebGL target not found
Refreshing native plugins compatible for Editor in 74.72 ms, found 3 plugins.
Preloading 0 native plugins for Editor in 0.00 ms.
Mono: successfully reloaded assembly
- Completed reload, in  0.741 seconds
Domain Reload Profiling:
	ReloadAssembly (741ms)
		BeginReloadAssembly (62ms)
			ExecutionOrderSort (0ms)
			DisableScriptedObjects (0ms)
			BackupInstance (0ms)
			ReleaseScriptingObjects (0ms)
			CreateAndSetChildDomain (1ms)
		EndReloadAssembly (607ms)
			LoadAssemblies (61ms)
			RebuildTransferFunctionScriptingTraits (0ms)
			SetupTypeCache (85ms)
			ReleaseScriptCaches (0ms)
			RebuildScriptCaches (23ms)
			SetupLoadedEditorAssemblies (460ms)
				LogAssemblyErrors (0ms)
				InitializePlatformSupportModulesInManaged (254ms)
				SetLoadedEditorAssemblies (0ms)
				RefreshPlugins (75ms)
				BeforeProcessingInitializeOnLoad (2ms)
				ProcessInitializeOnLoadAttributes (90ms)
				ProcessInitializeOnLoadMethodAttributes (40ms)
				AfterProcessingInitializeOnLoad (0ms)
				EditorAssembliesLoaded (0ms)
			ExecutionOrderSort2 (0ms)
			AwakeInstancesAfterBackupRestoration (0ms)
Platform modules already initialized, skipping
Registering precompiled user dll's ...
Registered in 0.004896 seconds.
Begin MonoManager ReloadAssembly
Symbol file LoadedFromMemory doesn't match image C:\Users\Yerin\Desktop\gitlabUnity\metamap.v.5\metamap.v.5\META_MAP\Library\PackageCache\com.unity.visualscripting@1.8.0\Editor\VisualScripting.Core\Dependencies\YamlDotNet\Unity.VisualScripting.YamlDotNet.dll
Symbol file LoadedFromMemory doesn't match image C:\Users\Yerin\Desktop\gitlabUnity\metamap.v.5\metamap.v.5\META_MAP\Library\PackageCache\com.unity.visualscripting@1.8.0\Editor\VisualScripting.Core\Dependencies\DotNetZip\Unity.VisualScripting.IonicZip.dll
Native extension for LinuxStandalone target not found
Native extension for WindowsStandalone target not found
Native extension for Android target not found
Native extension for WebGL target not found
Refreshing native plugins compatible for Editor in 0.51 ms, found 3 plugins.
Preloading 0 native plugins for Editor in 0.00 ms.
Mono: successfully reloaded assembly
- Completed reload, in  0.953 seconds
Domain Reload Profiling:
	ReloadAssembly (954ms)
		BeginReloadAssembly (86ms)
			ExecutionOrderSort (0ms)
			DisableScriptedObjects (4ms)
			BackupInstance (0ms)
			ReleaseScriptingObjects (0ms)
			CreateAndSetChildDomain (16ms)
		EndReloadAssembly (792ms)
			LoadAssemblies (69ms)
			RebuildTransferFunctionScriptingTraits (0ms)
			SetupTypeCache (220ms)
			ReleaseScriptCaches (0ms)
			RebuildScriptCaches (48ms)
			SetupLoadedEditorAssemblies (431ms)
				LogAssemblyErrors (0ms)
				InitializePlatformSupportModulesInManaged (16ms)
				SetLoadedEditorAssemblies (0ms)
				RefreshPlugins (1ms)
				BeforeProcessingInitializeOnLoad (62ms)
				ProcessInitializeOnLoadAttributes (296ms)
				ProcessInitializeOnLoadMethodAttributes (52ms)
				AfterProcessingInitializeOnLoad (4ms)
				EditorAssembliesLoaded (0ms)
			ExecutionOrderSort2 (0ms)
			AwakeInstancesAfterBackupRestoration (4ms)
Platform modules already initialized, skipping
========================================================================
Worker process is ready to serve import requests
Launched and connected shader compiler UnityShaderCompiler.exe after 0.03 seconds
Refreshing native plugins compatible for Editor in 0.67 ms, found 3 plugins.
Preloading 0 native plugins for Editor in 0.00 ms.
Unloading 4125 Unused Serialized files (Serialized files now loaded: 0)
Unloading 26 unused Assets / (56.1 KB). Loaded Objects now: 4588.
Memory consumption went from 148.7 MB to 148.6 MB.
Total: 2.953600 ms (FindLiveObjects: 0.258700 ms CreateObjectMapping: 0.102500 ms MarkObjects: 2.517000 ms  DeleteObjects: 0.074400 ms)

AssetImportParameters requested are different than current active one (requested -> active):
  custom:video-decoder-ogg-theora: a1e56fd34408186e4bbccfd4996cb3dc -> 
  custom:container-muxer-webm: aa71ff27fc2769a1b78a27578f13a17b -> 
  custom:container-demuxer-webm: 4f35f7cbe854078d1ac9338744f61a02 -> 
  custom:video-encoder-webm-vp8: eb34c28f22e8b96e1ab97ce403110664 -> 
  custom:audio-encoder-webm-vorbis: bf7c407c2cedff20999df2af8eb42d56 -> 
  custom:framework-win-MediaFoundation: 216162199b28c13a410421893ffa2e32 -> 
  custom:container-demuxer-ogg: 62fdf1f143b41e24485cea50d1cbac27 -> 
  custom:video-decoder-webm-vp8: 9c59270c3fd7afecdb556c50c9e8de78 -> 
  custom:audio-decoder-ogg-vorbis: bf7c407c2cedff20999df2af8eb42d56 -> 
========================================================================
Received Import Request.
  Time since last request: 1921047.589699 seconds.
  path: Assets/Resources/VirtualSeoulScene/NodeulIsland.Textures/00#GLB.jpg
  artifactKey: Guid(e63b3e3c313e86246833b399c20a70b0) Importer(815301076,1909f56bfc062723c751e8b465ee728b)
Start importing Assets/Resources/VirtualSeoulScene/NodeulIsland.Textures/00#GLB.jpg using Guid(e63b3e3c313e86246833b399c20a70b0) Importer(815301076,1909f56bfc062723c751e8b465ee728b)  -> (artifact id: 'd32a5dd8c0770b5828bb8fc61429629e') in 0.060652 seconds 
========================================================================
Received Import Request.
  Time since last request: 0.000031 seconds.
  path: Assets/Resources/VirtualSeoulScene/WorkShop_Room.Textures/00#GLB.png
  artifactKey: Guid(afeba406ed41fb04ca5310e4c62199f4) Importer(815301076,1909f56bfc062723c751e8b465ee728b)
Start importing Assets/Resources/VirtualSeoulScene/WorkShop_Room.Textures/00#GLB.png using Guid(afeba406ed41fb04ca5310e4c62199f4) Importer(815301076,1909f56bfc062723c751e8b465ee728b)  -> (artifact id: '702b3966558509cf81e14d96078b4ebb') in 0.022910 seconds 
========================================================================
Received Import Request.
  Time since last request: 0.000027 seconds.
  path: Assets/Resources/VirtualSeoulScene/Conference_Room.Textures/00#GLB.png
  artifactKey: Guid(388cddd1c99b3d44fbff540dd8d5929c) Importer(815301076,1909f56bfc062723c751e8b465ee728b)
Start importing Assets/Resources/VirtualSeoulScene/Conference_Room.Textures/00#GLB.png using Guid(388cddd1c99b3d44fbff540dd8d5929c) Importer(815301076,1909f56bfc062723c751e8b465ee728b)  -> (artifact id: 'c9d99cd6a2380f081f437628b9e97377') in 0.019193 seconds 
========================================================================
Received Import Request.
  Time since last request: 1.249888 seconds.
  path: Assets/Resources/VirtualSeoulScene/Coex.Textures/01#GLB.jpg
  artifactKey: Guid(52f0d30d507ea5645ab32ef20adf0bfe) Importer(815301076,1909f56bfc062723c751e8b465ee728b)
Start importing Assets/Resources/VirtualSeoulScene/Coex.Textures/01#GLB.jpg using Guid(52f0d30d507ea5645ab32ef20adf0bfe) Importer(815301076,1909f56bfc062723c751e8b465ee728b)  -> (artifact id: 'e4c3bfd61a46821ad11a3300e8630625') in 0.021204 seconds 
========================================================================
Received Import Request.
  Time since last request: 0.027851 seconds.
  path: Assets/Resources/VirtualSeoulScene/NodeulIsland.Textures/01#GLB.jpg
  artifactKey: Guid(0b4285af9b0cb924386b530f3e18b84c) Importer(815301076,1909f56bfc062723c751e8b465ee728b)
Start importing Assets/Resources/VirtualSeoulScene/NodeulIsland.Textures/01#GLB.jpg using Guid(0b4285af9b0cb924386b530f3e18b84c) Importer(815301076,1909f56bfc062723c751e8b465ee728b)  -> (artifact id: '57c3251faf5e6d66eefdb7fec52ca0b9') in 0.012505 seconds 
========================================================================
Received Import Request.
  Time since last request: 0.000016 seconds.
  path: Assets/Resources/VirtualSeoulScene/N_Seoul_Tower.Textures/01#GLB.png
  artifactKey: Guid(fdd59fec9ee4ee74ea4858891776915c) Importer(815301076,1909f56bfc062723c751e8b465ee728b)
Start importing Assets/Resources/VirtualSeoulScene/N_Seoul_Tower.Textures/01#GLB.png using Guid(fdd59fec9ee4ee74ea4858891776915c) Importer(815301076,1909f56bfc062723c751e8b465ee728b)  -> (artifact id: 'c879c61d07837f50a8051f504372a422') in 0.015101 seconds 
========================================================================
Received Import Request.
  Time since last request: 0.013798 seconds.
  path: Assets/Resources/VirtualSeoulScene/Coex.Textures/02#GLB.jpg
  artifactKey: Guid(8cac25dd5992fcf43b0d7c3e5e959754) Importer(815301076,1909f56bfc062723c751e8b465ee728b)
Start importing Assets/Resources/VirtualSeoulScene/Coex.Textures/02#GLB.jpg using Guid(8cac25dd5992fcf43b0d7c3e5e959754) Importer(815301076,1909f56bfc062723c751e8b465ee728b)  -> (artifact id: 'a3ae2812e486435ab55bebcdb5c28e3f') in 0.016144 seconds 
========================================================================
Received Import Request.
  Time since last request: 0.267238 seconds.
  path: Assets/Resources/VirtualSeoulScene/Conference_Room.Textures/02#GLB.png
  artifactKey: Guid(51e757d33eeeed448b52033696388224) Importer(815301076,1909f56bfc062723c751e8b465ee728b)
Start importing Assets/Resources/VirtualSeoulScene/Conference_Room.Textures/02#GLB.png using Guid(51e757d33eeeed448b52033696388224) Importer(815301076,1909f56bfc062723c751e8b465ee728b)  -> (artifact id: 'eec82d71cd01ad26cb49d8ee17c85b1c') in 0.018951 seconds 
========================================================================
Received Import Request.
  Time since last request: 0.023106 seconds.
  path: Assets/Resources/VirtualSeoulScene/WorkShop_Room.Textures/02#GLB.jpg
  artifactKey: Guid(e117fb31bc062824dafa1ea57eacef67) Importer(815301076,1909f56bfc062723c751e8b465ee728b)
Start importing Assets/Resources/VirtualSeoulScene/WorkShop_Room.Textures/02#GLB.jpg using Guid(e117fb31bc062824dafa1ea57eacef67) Importer(815301076,1909f56bfc062723c751e8b465ee728b)  -> (artifact id: 'c60c557156aac6b26518d5715db5cbde') in 0.017623 seconds 
========================================================================
Received Import Request.
  Time since last request: 0.000015 seconds.
  path: Assets/Resources/VirtualSeoulScene/Coex.Textures/03#GLB.jpg
  artifactKey: Guid(e8c978ca709b068488abe204133f8841) Importer(815301076,1909f56bfc062723c751e8b465ee728b)
Start importing Assets/Resources/VirtualSeoulScene/Coex.Textures/03#GLB.jpg using Guid(e8c978ca709b068488abe204133f8841) Importer(815301076,1909f56bfc062723c751e8b465ee728b)  -> (artifact id: 'cbcf967b19cf12040686e67f2a0d4e8b') in 0.018610 seconds 
========================================================================
Received Import Request.
  Time since last request: 0.000020 seconds.
  path: Assets/Resources/VirtualSeoulScene/Business_Room.Textures/02#GLB.png
  artifactKey: Guid(4d29373ec4929b74e90b4127473f5d8b) Importer(815301076,1909f56bfc062723c751e8b465ee728b)
Start importing Assets/Resources/VirtualSeoulScene/Business_Room.Textures/02#GLB.png using Guid(4d29373ec4929b74e90b4127473f5d8b) Importer(815301076,1909f56bfc062723c751e8b465ee728b)  -> (artifact id: '12b56134ead1f8ac75af0f8e7c21da5c') in 0.016180 seconds 
========================================================================
Received Import Request.
  Time since last request: 0.000021 seconds.
  path: Assets/Resources/VirtualSeoulScene/Business_Room.Textures/03#GLB.png
  artifactKey: Guid(e98b17fd24833804e841549d1962ad9c) Importer(815301076,1909f56bfc062723c751e8b465ee728b)
Start importing Assets/Resources/VirtualSeoulScene/Business_Room.Textures/03#GLB.png using Guid(e98b17fd24833804e841549d1962ad9c) Importer(815301076,1909f56bfc062723c751e8b465ee728b)  -> (artifact id: '9c2fa4d1323bae9df2b9f3992b0c83bf') in 0.014414 seconds 
========================================================================
Received Import Request.
  Time since last request: 0.231987 seconds.
  path: Assets/Resources/VirtualSeoulScene/Conference_Room.Textures/03#GLB.png
  artifactKey: Guid(14f3c7c2dc8af3f429d1851be45d103a) Importer(815301076,1909f56bfc062723c751e8b465ee728b)
Start importing Assets/Resources/VirtualSeoulScene/Conference_Room.Textures/03#GLB.png using Guid(14f3c7c2dc8af3f429d1851be45d103a) Importer(815301076,1909f56bfc062723c751e8b465ee728b)  -> (artifact id: '50262bdfcd565a3196f84a5be2606dc1') in 0.019599 seconds 
========================================================================
Received Import Request.
  Time since last request: 0.010852 seconds.
  path: Assets/Resources/VirtualSeoulScene/WorkShop_Room.Textures/04#GLB.jpg
  artifactKey: Guid(66a2d507a0c022748acfc73d82d7de6d) Importer(815301076,1909f56bfc062723c751e8b465ee728b)
Start importing Assets/Resources/VirtualSeoulScene/WorkShop_Room.Textures/04#GLB.jpg using Guid(66a2d507a0c022748acfc73d82d7de6d) Importer(815301076,1909f56bfc062723c751e8b465ee728b)  -> (artifact id: '009d25d1fcc965916c6069642d8cb32f') in 0.018889 seconds 
========================================================================
Received Import Request.
  Time since last request: 0.000031 seconds.
  path: Assets/Resources/VirtualSeoulScene/Conference_Room.Textures/04#GLB.png
  artifactKey: Guid(8363438c2615fe24e8aac85c4abcdc26) Importer(815301076,1909f56bfc062723c751e8b465ee728b)
Start importing Assets/Resources/VirtualSeoulScene/Conference_Room.Textures/04#GLB.png using Guid(8363438c2615fe24e8aac85c4abcdc26) Importer(815301076,1909f56bfc062723c751e8b465ee728b)  -> (artifact id: '41b32b203df1af610116fd67bd9ce3a3') in 0.016381 seconds 
========================================================================
Received Import Request.
  Time since last request: 0.000026 seconds.
  path: Assets/Resources/VirtualSeoulScene/WorkShop_Room.Textures/05#GLB.jpg
  artifactKey: Guid(5b5403a40761ec948b942ae508502b1d) Importer(815301076,1909f56bfc062723c751e8b465ee728b)
Start importing Assets/Resources/VirtualSeoulScene/WorkShop_Room.Textures/05#GLB.jpg using Guid(5b5403a40761ec948b942ae508502b1d) Importer(815301076,1909f56bfc062723c751e8b465ee728b)  -> (artifact id: 'a1cc1ee21c625c7294a4d77fc7ce2c2f') in 0.015079 seconds 
========================================================================
Received Import Request.
  Time since last request: 0.000020 seconds.
  path: Assets/Resources/VirtualSeoulScene/Coex.Textures/05#GLB.jpg
  artifactKey: Guid(834186996ac051249af33dcfc83d5415) Importer(815301076,1909f56bfc062723c751e8b465ee728b)
Start importing Assets/Resources/VirtualSeoulScene/Coex.Textures/05#GLB.jpg using Guid(834186996ac051249af33dcfc83d5415) Importer(815301076,1909f56bfc062723c751e8b465ee728b)  -> (artifact id: '99b40376b8585d374f4cef6d348a6607') in 0.017608 seconds 
========================================================================
Received Import Request.
  Time since last request: 0.216371 seconds.
  path: Assets/Resources/VirtualSeoulScene/NodeulIsland.Textures/05#GLB.png
  artifactKey: Guid(f5ce18ad366424b4d9c7af0fc24a8d49) Importer(815301076,1909f56bfc062723c751e8b465ee728b)
Start importing Assets/Resources/VirtualSeoulScene/NodeulIsland.Textures/05#GLB.png using Guid(f5ce18ad366424b4d9c7af0fc24a8d49) Importer(815301076,1909f56bfc062723c751e8b465ee728b)  -> (artifact id: '53da23963300bfadf3ad5910663afeb8') in 0.008857 seconds 
========================================================================
Received Import Request.
  Time since last request: 0.000017 seconds.
  path: Assets/Resources/VirtualSeoulScene/Conference_Room.Textures/05#GLB.jpg
  artifactKey: Guid(cdfb97ef7c27c1e4185c10f835bbea9f) Importer(815301076,1909f56bfc062723c751e8b465ee728b)
Start importing Assets/Resources/VirtualSeoulScene/Conference_Room.Textures/05#GLB.jpg using Guid(cdfb97ef7c27c1e4185c10f835bbea9f) Importer(815301076,1909f56bfc062723c751e8b465ee728b)  -> (artifact id: 'b8a42739776fc962545a53f980fc57c4') in 0.017706 seconds 
========================================================================
Received Import Request.
  Time since last request: 0.006219 seconds.
  path: Assets/Resources/VirtualSeoulScene/Business_Room.Textures/06#GLB.jpg
  artifactKey: Guid(4f53e13e7e4bc34478b3ec32e668b1b8) Importer(815301076,1909f56bfc062723c751e8b465ee728b)
Start importing Assets/Resources/VirtualSeoulScene/Business_Room.Textures/06#GLB.jpg using Guid(4f53e13e7e4bc34478b3ec32e668b1b8) Importer(815301076,1909f56bfc062723c751e8b465ee728b)  -> (artifact id: '2f701124b462a4c06ee836f663a20741') in 0.019285 seconds 
========================================================================
Received Import Request.
  Time since last request: 0.000022 seconds.
  path: Assets/Resources/VirtualSeoulScene/Coex.Textures/06#GLB.png
  artifactKey: Guid(00491eb26ccf57b478a91e856525d191) Importer(815301076,1909f56bfc062723c751e8b465ee728b)
Start importing Assets/Resources/VirtualSeoulScene/Coex.Textures/06#GLB.png using Guid(00491eb26ccf57b478a91e856525d191) Importer(815301076,1909f56bfc062723c751e8b465ee728b)  -> (artifact id: 'f7e026df368d5282b905f45768146f80') in 0.015026 seconds 
========================================================================
Received Import Request.
  Time since last request: 0.000017 seconds.
  path: Assets/Resources/VirtualSeoulScene/WorkShop_Room.Textures/06#GLB.jpg
  artifactKey: Guid(ebcd7c9bb7484ab4e94fab123b793c10) Importer(815301076,1909f56bfc062723c751e8b465ee728b)
Start importing Assets/Resources/VirtualSeoulScene/WorkShop_Room.Textures/06#GLB.jpg using Guid(ebcd7c9bb7484ab4e94fab123b793c10) Importer(815301076,1909f56bfc062723c751e8b465ee728b)  -> (artifact id: '617668194e064717ff6bd4102e269e95') in 0.016193 seconds 
========================================================================
Received Import Request.
  Time since last request: 0.000019 seconds.
  path: Assets/Resources/VirtualSeoulScene/Seoul_Theater.Textures/07#GLB.jpg
  artifactKey: Guid(79c3990b21a28014184b7f7d81783c1e) Importer(815301076,1909f56bfc062723c751e8b465ee728b)
Start importing Assets/Resources/VirtualSeoulScene/Seoul_Theater.Textures/07#GLB.jpg using Guid(79c3990b21a28014184b7f7d81783c1e) Importer(815301076,1909f56bfc062723c751e8b465ee728b)  -> (artifact id: 'e7937f9a06eaec1789f163b0b4419b56') in 0.019871 seconds 
========================================================================
Received Import Request.
  Time since last request: 0.199254 seconds.
  path: Assets/Resources/VirtualSeoulScene/Seoul_Botanic_Park.Textures/07#GLB.png
  artifactKey: Guid(4c9b0bb46e243fd4392ad6a4f1faa92a) Importer(815301076,1909f56bfc062723c751e8b465ee728b)
Start importing Assets/Resources/VirtualSeoulScene/Seoul_Botanic_Park.Textures/07#GLB.png using Guid(4c9b0bb46e243fd4392ad6a4f1faa92a) Importer(815301076,1909f56bfc062723c751e8b465ee728b)  -> (artifact id: '6d88951092e218d23cdfdbde43ca9f26') in 0.020335 seconds 
========================================================================
Received Import Request.
  Time since last request: 0.000025 seconds.
  path: Assets/Resources/VirtualSeoulScene/Business_Room.Textures/08#GLB.png
  artifactKey: Guid(0dfbae83750276249880b42a71978dd6) Importer(815301076,1909f56bfc062723c751e8b465ee728b)
Start importing Assets/Resources/VirtualSeoulScene/Business_Room.Textures/08#GLB.png using Guid(0dfbae83750276249880b42a71978dd6) Importer(815301076,1909f56bfc062723c751e8b465ee728b)  -> (artifact id: '313cc788d7bcd0081daa434c21dd3aa9') in 0.018501 seconds 
========================================================================
Received Import Request.
  Time since last request: 0.000022 seconds.
  path: Assets/Resources/VirtualSeoulScene/Seoul_Theater.Textures/08#GLB.jpg
  artifactKey: Guid(eea7b9e5c10d08e44a224a388faa4d81) Importer(815301076,1909f56bfc062723c751e8b465ee728b)
Start importing Assets/Resources/VirtualSeoulScene/Seoul_Theater.Textures/08#GLB.jpg using Guid(eea7b9e5c10d08e44a224a388faa4d81) Importer(815301076,1909f56bfc062723c751e8b465ee728b)  -> (artifact id: '3e3b465e6f1bee10ee419db2b35122fb') in 0.017864 seconds 
========================================================================
Received Import Request.
  Time since last request: 0.226603 seconds.
  path: Assets/Resources/VirtualSeoulScene/Seoul_Theater.Textures/09#GLB.png
  artifactKey: Guid(d92c1b895a319f548a978d6487e86c80) Importer(815301076,1909f56bfc062723c751e8b465ee728b)
Start importing Assets/Resources/VirtualSeoulScene/Seoul_Theater.Textures/09#GLB.png using Guid(d92c1b895a319f548a978d6487e86c80) Importer(815301076,1909f56bfc062723c751e8b465ee728b)  -> (artifact id: 'c48e7675cae6fe0a1201e851a8fbfa54') in 0.013881 seconds 
========================================================================
Received Import Request.
  Time since last request: 0.018555 seconds.
  path: Assets/Resources/VirtualSeoulScene/Coex.Textures/10#GLB.png
  artifactKey: Guid(6897eb8425e92be41be4af957de62d20) Importer(815301076,1909f56bfc062723c751e8b465ee728b)
Start importing Assets/Resources/VirtualSeoulScene/Coex.Textures/10#GLB.png using Guid(6897eb8425e92be41be4af957de62d20) Importer(815301076,1909f56bfc062723c751e8b465ee728b)  -> (artifact id: 'd52e75df738c229cbde0f71ebe02d47d') in 0.018089 seconds 
========================================================================
Received Import Request.
  Time since last request: 0.000166 seconds.
  path: Assets/Resources/VirtualSeoulScene/WorkShop_Room.Textures/10#GLB.jpg
  artifactKey: Guid(57dc1af92d7d950479c8f7d37d1bcb87) Importer(815301076,1909f56bfc062723c751e8b465ee728b)
Start importing Assets/Resources/VirtualSeoulScene/WorkShop_Room.Textures/10#GLB.jpg using Guid(57dc1af92d7d950479c8f7d37d1bcb87) Importer(815301076,1909f56bfc062723c751e8b465ee728b)  -> (artifact id: '6c6f8fd5124fd394b5dccfca7af860ba') in 0.019035 seconds 
========================================================================
Received Import Request.
  Time since last request: 0.235935 seconds.
  path: Assets/Resources/VirtualSeoulScene/WorkShop_Room.Textures/11#GLB.jpg
  artifactKey: Guid(0a0e982549fe0444586cccf5df1ea873) Importer(815301076,1909f56bfc062723c751e8b465ee728b)
Start importing Assets/Resources/VirtualSeoulScene/WorkShop_Room.Textures/11#GLB.jpg using Guid(0a0e982549fe0444586cccf5df1ea873) Importer(815301076,1909f56bfc062723c751e8b465ee728b)  -> (artifact id: '8436a5d33d0575820036253c4c1446bb') in 0.018483 seconds 
========================================================================
Received Import Request.
  Time since last request: 0.017908 seconds.
  path: Assets/Resources/VirtualSeoulScene/Business_Room.Textures/11#GLB.png
  artifactKey: Guid(59935cee8bb9cdd47a8f019e90da3124) Importer(815301076,1909f56bfc062723c751e8b465ee728b)
Start importing Assets/Resources/VirtualSeoulScene/Business_Room.Textures/11#GLB.png using Guid(59935cee8bb9cdd47a8f019e90da3124) Importer(815301076,1909f56bfc062723c751e8b465ee728b)  -> (artifact id: '39df6a2fba1136f6b5dd66a8a68b3440') in 0.008456 seconds 
========================================================================
Received Import Request.
  Time since last request: 0.000834 seconds.
  path: Assets/Resources/VirtualSeoulScene/N_Seoul_Tower.Textures/13#GLB.jpg
  artifactKey: Guid(34c53d61c76489c44b4dd8fe0ee6d507) Importer(815301076,1909f56bfc062723c751e8b465ee728b)
Start importing Assets/Resources/VirtualSeoulScene/N_Seoul_Tower.Textures/13#GLB.jpg using Guid(34c53d61c76489c44b4dd8fe0ee6d507) Importer(815301076,1909f56bfc062723c751e8b465ee728b)  -> (artifact id: '6d35fe4ab8d78ecb3d80502965557d37') in 0.016272 seconds 
========================================================================
Received Import Request.
  Time since last request: 0.000030 seconds.
  path: Assets/Resources/VirtualSeoulScene/Seoul_Theater.Textures/12#GLB.jpg
  artifactKey: Guid(9e7d5688723472a499a4be8b6fedd4ba) Importer(815301076,1909f56bfc062723c751e8b465ee728b)
Start importing Assets/Resources/VirtualSeoulScene/Seoul_Theater.Textures/12#GLB.jpg using Guid(9e7d5688723472a499a4be8b6fedd4ba) Importer(815301076,1909f56bfc062723c751e8b465ee728b)  -> (artifact id: 'a3e6bb520d7ff0db46f9f5a05f1b737d') in 0.019526 seconds 
========================================================================
Received Import Request.
  Time since last request: 0.212384 seconds.
  path: Assets/Resources/VirtualSeoulScene/Coex.Textures/14#GLB.png
  artifactKey: Guid(df7f0d1ca1aa5a24d83b90b88ec78fb3) Importer(815301076,1909f56bfc062723c751e8b465ee728b)
Start importing Assets/Resources/VirtualSeoulScene/Coex.Textures/14#GLB.png using Guid(df7f0d1ca1aa5a24d83b90b88ec78fb3) Importer(815301076,1909f56bfc062723c751e8b465ee728b)  -> (artifact id: 'ac8314327a39785ac91884f415220205') in 0.022190 seconds 
========================================================================
Received Import Request.
  Time since last request: 0.025344 seconds.
  path: Assets/Resources/VirtualSeoulScene/N_Seoul_Tower.Textures/15#GLB.png
  artifactKey: Guid(bcf8531ee8b310d4e8014a7e006b16c6) Importer(815301076,1909f56bfc062723c751e8b465ee728b)
Start importing Assets/Resources/VirtualSeoulScene/N_Seoul_Tower.Textures/15#GLB.png using Guid(bcf8531ee8b310d4e8014a7e006b16c6) Importer(815301076,1909f56bfc062723c751e8b465ee728b)  -> (artifact id: '42f0170e1c683085dff52ae288c22b56') in 0.017244 seconds 
========================================================================
Received Import Request.
  Time since last request: 0.001408 seconds.
  path: Assets/Resources/VirtualSeoulScene/Coex.Textures/16#GLB.png
  artifactKey: Guid(e43a3417a0dba264682095eea5eb9948) Importer(815301076,1909f56bfc062723c751e8b465ee728b)
Start importing Assets/Resources/VirtualSeoulScene/Coex.Textures/16#GLB.png using Guid(e43a3417a0dba264682095eea5eb9948) Importer(815301076,1909f56bfc062723c751e8b465ee728b)  -> (artifact id: '8af9a3c7026f9171b59f4dd861e3ca33') in 0.006210 seconds 
========================================================================
Received Import Request.
  Time since last request: 0.205664 seconds.
  path: Assets/Resources/VirtualSeoulScene/Coex.Textures/17#GLB.png
  artifactKey: Guid(c9d0ec716fca8dd43bb54fa12ac9018b) Importer(815301076,1909f56bfc062723c751e8b465ee728b)
Start importing Assets/Resources/VirtualSeoulScene/Coex.Textures/17#GLB.png using Guid(c9d0ec716fca8dd43bb54fa12ac9018b) Importer(815301076,1909f56bfc062723c751e8b465ee728b)  -> (artifact id: '06693893ea80d79b6980bb3554765860') in 0.016608 seconds 
========================================================================
Received Import Request.
  Time since last request: 0.017432 seconds.
  path: Assets/Resources/VirtualSeoulScene/Seoul_Botanic_Park.Textures/18#GLB.png
  artifactKey: Guid(a4fa7597a1b72f54abdc1d3582310d85) Importer(815301076,1909f56bfc062723c751e8b465ee728b)
Start importing Assets/Resources/VirtualSeoulScene/Seoul_Botanic_Park.Textures/18#GLB.png using Guid(a4fa7597a1b72f54abdc1d3582310d85) Importer(815301076,1909f56bfc062723c751e8b465ee728b)  -> (artifact id: '5bf6332bdaada7933c6d0403e986e1e6') in 0.019169 seconds 
========================================================================
Received Import Request.
  Time since last request: 0.000020 seconds.
  path: Assets/Resources/VirtualSeoulScene/N_Seoul_Tower.Textures/20#GLB.png
  artifactKey: Guid(d957717df77265f46bbfe5ea81787def) Importer(815301076,1909f56bfc062723c751e8b465ee728b)
Start importing Assets/Resources/VirtualSeoulScene/N_Seoul_Tower.Textures/20#GLB.png using Guid(d957717df77265f46bbfe5ea81787def) Importer(815301076,1909f56bfc062723c751e8b465ee728b)  -> (artifact id: '3a832001e343c5b31fb1caa12619b3ea') in 0.020266 seconds 
========================================================================
Received Import Request.
  Time since last request: 0.216487 seconds.
  path: Assets/Resources/VirtualSeoulScene/Coex.Textures/22#GLB.png
  artifactKey: Guid(972ed4e07973ee74dbf4c52bd7a25c62) Importer(815301076,1909f56bfc062723c751e8b465ee728b)
Start importing Assets/Resources/VirtualSeoulScene/Coex.Textures/22#GLB.png using Guid(972ed4e07973ee74dbf4c52bd7a25c62) Importer(815301076,1909f56bfc062723c751e8b465ee728b)  -> (artifact id: '85b02f98b754b8d9a92f739241be83f3') in 0.018640 seconds 
========================================================================
Received Import Request.
  Time since last request: 0.022501 seconds.
  path: Assets/Resources/VirtualSeoulScene/N_Seoul_Tower.Textures/23#GLB.png
  artifactKey: Guid(9fa5e41b474e08d469c916955a00f8ba) Importer(815301076,1909f56bfc062723c751e8b465ee728b)
Start importing Assets/Resources/VirtualSeoulScene/N_Seoul_Tower.Textures/23#GLB.png using Guid(9fa5e41b474e08d469c916955a00f8ba) Importer(815301076,1909f56bfc062723c751e8b465ee728b)  -> (artifact id: '4babd0199e4ca864002b4a8b287fffdc') in 0.022958 seconds 
========================================================================
Received Import Request.
  Time since last request: 0.000018 seconds.
  path: Assets/Resources/VirtualSeoulScene/N_Seoul_Tower.Textures/24#GLB.png
  artifactKey: Guid(032663d03cc46d144acc403d6e0ac9c8) Importer(815301076,1909f56bfc062723c751e8b465ee728b)
Start importing Assets/Resources/VirtualSeoulScene/N_Seoul_Tower.Textures/24#GLB.png using Guid(032663d03cc46d144acc403d6e0ac9c8) Importer(815301076,1909f56bfc062723c751e8b465ee728b)  -> (artifact id: 'aec5f06f1fafbfbeaefd967a3b1e54d5') in 0.018667 seconds 
========================================================================
Received Import Request.
  Time since last request: 0.207602 seconds.
  path: Assets/Resources/VirtualSeoulScene/Seoul_Botanic_Park.Textures/27#GLB.jpg
  artifactKey: Guid(91e6ee234880b59469870ab7ea78efe0) Importer(815301076,1909f56bfc062723c751e8b465ee728b)
Start importing Assets/Resources/VirtualSeoulScene/Seoul_Botanic_Park.Textures/27#GLB.jpg using Guid(91e6ee234880b59469870ab7ea78efe0) Importer(815301076,1909f56bfc062723c751e8b465ee728b)  -> (artifact id: 'edcd1bc14f8221f0b4e27bb6f5ac2bf8') in 0.017986 seconds 
========================================================================
Received Import Request.
  Time since last request: 0.016834 seconds.
  path: Assets/Resources/VirtualSeoulScene/NodeulIsland.Textures/30#GLB.jpg
  artifactKey: Guid(8209da04e76bc98428baa43f105e60df) Importer(815301076,1909f56bfc062723c751e8b465ee728b)
Start importing Assets/Resources/VirtualSeoulScene/NodeulIsland.Textures/30#GLB.jpg using Guid(8209da04e76bc98428baa43f105e60df) Importer(815301076,1909f56bfc062723c751e8b465ee728b)  -> (artifact id: '15ac68feaccef0c030bfc8a18124b977') in 0.019268 seconds 
========================================================================
Received Import Request.
  Time since last request: 0.000018 seconds.
  path: Assets/Resources/VirtualSeoulScene/NodeulIsland.Textures/34#GLB.jpg
  artifactKey: Guid(64d05b94f359b434ab9dad8f43359ab4) Importer(815301076,1909f56bfc062723c751e8b465ee728b)
Start importing Assets/Resources/VirtualSeoulScene/NodeulIsland.Textures/34#GLB.jpg using Guid(64d05b94f359b434ab9dad8f43359ab4) Importer(815301076,1909f56bfc062723c751e8b465ee728b)  -> (artifact id: '11e3b8225977d69fbffb9a6c3e7a1788') in 0.015158 seconds 
Editor requested this worker to shutdown with reason: Scaling down because of idle timeout
AssetImportWorker is now disconnected from the server
Process exiting
Exiting without the bug reporter. Application will terminate with return code 0