Using pre-set license
Built from '2021.3/staging' branch; Version is '2021.3.24f1 (cf10dcf7010d) revision 13570268'; Using compiler version '192829333'; Build Type 'Release'
OS: 'Windows 11  (10.0.22621) 64bit Professional' Language: 'ko' Physical Memory: 65240 MB
BatchMode: 1, IsHumanControllingUs: 0, StartBugReporterOnCrash: 0, Is64bit: 1, IsPro: 1

COMMAND LINE ARGUMENTS:
C:\Program Files\Unity\Hub\Editor\2021.3.24f1\Editor\Unity.exe
-adb2
-batchMode
-noUpm
-name
AssetImportWorker1
-projectPath
C:/Users/Yerin/Desktop/gitlabUnity/metamap.v.5.2/metamap.v.5/META_MAP
-logFile
Logs/AssetImportWorker1.log
-srvPort
57827
Successfully changed project path to: C:/Users/Yerin/Desktop/gitlabUnity/metamap.v.5.2/metamap.v.5/META_MAP
C:/Users/Yerin/Desktop/gitlabUnity/metamap.v.5.2/metamap.v.5/META_MAP
[UnityMemory] Configuration Parameters - Can be set up in boot.config
    "memorysetup-bucket-allocator-granularity=16"
    "memorysetup-bucket-allocator-bucket-count=8"
    "memorysetup-bucket-allocator-block-size=33554432"
    "memorysetup-bucket-allocator-block-count=8"
    "memorysetup-main-allocator-block-size=16777216"
    "memorysetup-thread-allocator-block-size=16777216"
    "memorysetup-gfx-main-allocator-block-size=16777216"
    "memorysetup-gfx-thread-allocator-block-size=16777216"
    "memorysetup-cache-allocator-block-size=4194304"
    "memorysetup-typetree-allocator-block-size=2097152"
    "memorysetup-profiler-bucket-allocator-granularity=16"
    "memorysetup-profiler-bucket-allocator-bucket-count=8"
    "memorysetup-profiler-bucket-allocator-block-size=33554432"
    "memorysetup-profiler-bucket-allocator-block-count=8"
    "memorysetup-profiler-allocator-block-size=16777216"
    "memorysetup-profiler-editor-allocator-block-size=1048576"
    "memorysetup-temp-allocator-size-main=16777216"
    "memorysetup-job-temp-allocator-block-size=2097152"
    "memorysetup-job-temp-allocator-block-size-background=1048576"
    "memorysetup-job-temp-allocator-reduction-small-platforms=262144"
    "memorysetup-temp-allocator-size-background-worker=32768"
    "memorysetup-temp-allocator-size-job-worker=262144"
    "memorysetup-temp-allocator-size-preload-manager=33554432"
    "memorysetup-temp-allocator-size-nav-mesh-worker=65536"
    "memorysetup-temp-allocator-size-audio-worker=65536"
    "memorysetup-temp-allocator-size-cloud-worker=32768"
    "memorysetup-temp-allocator-size-gi-baking-worker=262144"
    "memorysetup-temp-allocator-size-gfx=262144"
Player connection [27120] Host "[IP] 192.168.1.5 [Port] 0 [Flags] 2 [Guid] 3590409805 [EditorId] 3590409805 [Version] 1048832 [Id] WindowsEditor(7,DESKTOP-HS1RBE5) [Debug] 1 [PackageName] WindowsEditor [ProjectName] Editor" joined multi-casting on [225.0.0.222:54997]...

Player connection [27120] Host "[IP] 192.168.1.5 [Port] 0 [Flags] 2 [Guid] 3590409805 [EditorId] 3590409805 [Version] 1048832 [Id] WindowsEditor(7,DESKTOP-HS1RBE5) [Debug] 1 [PackageName] WindowsEditor [ProjectName] Editor" joined alternative multi-casting on [225.0.0.222:34997]...

Refreshing native plugins compatible for Editor in 52.25 ms, found 3 plugins.
Preloading 0 native plugins for Editor in 0.00 ms.
Initialize engine version: 2021.3.24f1 (cf10dcf7010d)
[Subsystems] Discovering subsystems at path C:/Program Files/Unity/Hub/Editor/2021.3.24f1/Editor/Data/Resources/UnitySubsystems
[Subsystems] Discovering subsystems at path C:/Users/Yerin/Desktop/gitlabUnity/metamap.v.5.2/metamap.v.5/META_MAP/Assets
GfxDevice: creating device client; threaded=0; jobified=0
Direct3D:
    Version:  Direct3D 11.0 [level 11.1]
    Renderer: NVIDIA GeForce RTX 3060 Laptop GPU (ID=0x2520)
    Vendor:   NVIDIA
    VRAM:     6023 MB
    Driver:   30.0.15.1165
Initialize mono
Mono path[0] = 'C:/Program Files/Unity/Hub/Editor/2021.3.24f1/Editor/Data/Managed'
Mono path[1] = 'C:/Program Files/Unity/Hub/Editor/2021.3.24f1/Editor/Data/MonoBleedingEdge/lib/mono/unityjit-win32'
Mono config path = 'C:/Program Files/Unity/Hub/Editor/2021.3.24f1/Editor/Data/MonoBleedingEdge/etc'
Using monoOptions --debugger-agent=transport=dt_socket,embedding=1,server=y,suspend=n,address=127.0.0.1:56548
Begin MonoManager ReloadAssembly
Registering precompiled unity dll's ...
Register platform support module: C:/Program Files/Unity/Hub/Editor/2021.3.24f1/Editor/Data/PlaybackEngines/WebGLSupport/UnityEditor.WebGL.Extensions.dll
Register platform support module: C:/Program Files/Unity/Hub/Editor/2021.3.24f1/Editor/Data/PlaybackEngines/AndroidPlayer/UnityEditor.Android.Extensions.dll
Register platform support module: C:/Program Files/Unity/Hub/Editor/2021.3.24f1/Editor/Data/PlaybackEngines/WindowsStandaloneSupport/UnityEditor.WindowsStandalone.Extensions.dll
Register platform support module: C:/Program Files/Unity/Hub/Editor/2021.3.24f1/Editor/Data/PlaybackEngines/LinuxStandaloneSupport/UnityEditor.LinuxStandalone.Extensions.dll
Registered in 0.002943 seconds.
Native extension for LinuxStandalone target not found
Native extension for WindowsStandalone target not found
Native extension for Android target not found
Android Extension - Scanning For ADB Devices 159 ms
Native extension for WebGL target not found
Refreshing native plugins compatible for Editor in 58.15 ms, found 3 plugins.
Preloading 0 native plugins for Editor in 0.00 ms.
Mono: successfully reloaded assembly
- Completed reload, in  0.576 seconds
Domain Reload Profiling:
	ReloadAssembly (576ms)
		BeginReloadAssembly (52ms)
			ExecutionOrderSort (0ms)
			DisableScriptedObjects (0ms)
			BackupInstance (0ms)
			ReleaseScriptingObjects (0ms)
			CreateAndSetChildDomain (1ms)
		EndReloadAssembly (464ms)
			LoadAssemblies (51ms)
			RebuildTransferFunctionScriptingTraits (0ms)
			SetupTypeCache (68ms)
			ReleaseScriptCaches (0ms)
			RebuildScriptCaches (18ms)
			SetupLoadedEditorAssemblies (346ms)
				LogAssemblyErrors (0ms)
				InitializePlatformSupportModulesInManaged (205ms)
				SetLoadedEditorAssemblies (0ms)
				RefreshPlugins (58ms)
				BeforeProcessingInitializeOnLoad (1ms)
				ProcessInitializeOnLoadAttributes (54ms)
				ProcessInitializeOnLoadMethodAttributes (27ms)
				AfterProcessingInitializeOnLoad (0ms)
				EditorAssembliesLoaded (0ms)
			ExecutionOrderSort2 (0ms)
			AwakeInstancesAfterBackupRestoration (0ms)
Platform modules already initialized, skipping
Registering precompiled user dll's ...
Registered in 0.002976 seconds.
Begin MonoManager ReloadAssembly
Symbol file LoadedFromMemory doesn't match image C:\Users\Yerin\Desktop\gitlabUnity\metamap.v.5.2\metamap.v.5\META_MAP\Library\PackageCache\com.unity.visualscripting@1.8.0\Editor\VisualScripting.Core\Dependencies\YamlDotNet\Unity.VisualScripting.YamlDotNet.dll
Symbol file LoadedFromMemory doesn't match image C:\Users\Yerin\Desktop\gitlabUnity\metamap.v.5.2\metamap.v.5\META_MAP\Library\PackageCache\com.unity.visualscripting@1.8.0\Editor\VisualScripting.Core\Dependencies\DotNetZip\Unity.VisualScripting.IonicZip.dll
Native extension for LinuxStandalone target not found
Native extension for WindowsStandalone target not found
Native extension for Android target not found
Native extension for WebGL target not found
Refreshing native plugins compatible for Editor in 0.48 ms, found 3 plugins.
Preloading 0 native plugins for Editor in 0.00 ms.
Mono: successfully reloaded assembly
- Completed reload, in  0.812 seconds
Domain Reload Profiling:
	ReloadAssembly (813ms)
		BeginReloadAssembly (72ms)
			ExecutionOrderSort (0ms)
			DisableScriptedObjects (4ms)
			BackupInstance (0ms)
			ReleaseScriptingObjects (0ms)
			CreateAndSetChildDomain (13ms)
		EndReloadAssembly (675ms)
			LoadAssemblies (57ms)
			RebuildTransferFunctionScriptingTraits (0ms)
			SetupTypeCache (188ms)
			ReleaseScriptCaches (0ms)
			RebuildScriptCaches (35ms)
			SetupLoadedEditorAssemblies (373ms)
				LogAssemblyErrors (0ms)
				InitializePlatformSupportModulesInManaged (14ms)
				SetLoadedEditorAssemblies (0ms)
				RefreshPlugins (1ms)
				BeforeProcessingInitializeOnLoad (55ms)
				ProcessInitializeOnLoadAttributes (253ms)
				ProcessInitializeOnLoadMethodAttributes (48ms)
				AfterProcessingInitializeOnLoad (3ms)
				EditorAssembliesLoaded (0ms)
			ExecutionOrderSort2 (0ms)
			AwakeInstancesAfterBackupRestoration (3ms)
Platform modules already initialized, skipping
========================================================================
Worker process is ready to serve import requests
Launched and connected shader compiler UnityShaderCompiler.exe after 0.03 seconds
Refreshing native plugins compatible for Editor in 0.56 ms, found 3 plugins.
Preloading 0 native plugins for Editor in 0.00 ms.
Unloading 4134 Unused Serialized files (Serialized files now loaded: 0)
Unloading 26 unused Assets / (56.4 KB). Loaded Objects now: 4598.
Memory consumption went from 149.0 MB to 148.9 MB.
Total: 3.252000 ms (FindLiveObjects: 0.253000 ms CreateObjectMapping: 0.146500 ms MarkObjects: 2.787300 ms  DeleteObjects: 0.064400 ms)

AssetImportParameters requested are different than current active one (requested -> active):
  custom:video-decoder-ogg-theora: a1e56fd34408186e4bbccfd4996cb3dc -> 
  custom:container-muxer-webm: aa71ff27fc2769a1b78a27578f13a17b -> 
  custom:container-demuxer-webm: 4f35f7cbe854078d1ac9338744f61a02 -> 
  custom:video-encoder-webm-vp8: eb34c28f22e8b96e1ab97ce403110664 -> 
  custom:audio-encoder-webm-vorbis: bf7c407c2cedff20999df2af8eb42d56 -> 
  custom:framework-win-MediaFoundation: 216162199b28c13a410421893ffa2e32 -> 
  custom:container-demuxer-ogg: 62fdf1f143b41e24485cea50d1cbac27 -> 
  custom:video-decoder-webm-vp8: 9c59270c3fd7afecdb556c50c9e8de78 -> 
  custom:audio-decoder-ogg-vorbis: bf7c407c2cedff20999df2af8eb42d56 -> 
========================================================================
Received Import Request.
  Time since last request: 140919.155044 seconds.
  path: Assets/UI Toolkit/tableRowContents.uxml
  artifactKey: Guid(007a224a4df8c9048b8c25abd296dee6) Importer(815301076,1909f56bfc062723c751e8b465ee728b)
Start importing Assets/UI Toolkit/tableRowContents.uxml using Guid(007a224a4df8c9048b8c25abd296dee6) Importer(815301076,1909f56bfc062723c751e8b465ee728b)  -> (artifact id: '0da7ac59643cf12faf850722aac58101') in 0.023925 seconds 
========================================================================
Received Import Request.
  Time since last request: 0.000017 seconds.
  path: Assets/UI Toolkit
  artifactKey: Guid(79ed50a171a84e847b67081d82c7f330) Importer(815301076,1909f56bfc062723c751e8b465ee728b)
Start importing Assets/UI Toolkit using Guid(79ed50a171a84e847b67081d82c7f330) Importer(815301076,1909f56bfc062723c751e8b465ee728b)  -> (artifact id: '92395d581a3f4645e23300127cb53d54') in 0.001347 seconds 
========================================================================
Received Import Request.
  Time since last request: 0.000015 seconds.
  path: Assets/UI Toolkit/CMS_contentsBox.uxml
  artifactKey: Guid(1f6eb493bb83a2942ba304a98e880c04) Importer(815301076,1909f56bfc062723c751e8b465ee728b)
Start importing Assets/UI Toolkit/CMS_contentsBox.uxml using Guid(1f6eb493bb83a2942ba304a98e880c04) Importer(815301076,1909f56bfc062723c751e8b465ee728b)  -> (artifact id: 'bfab854aae82648e7b42e06d02963f5d') in 0.006530 seconds 
========================================================================
Received Import Request.
  Time since last request: 1.254857 seconds.
  path: Assets/UI Toolkit/sy/tablerow.uss
  artifactKey: Guid(b8e96b7176c156046b944bff4ea0eb42) Importer(815301076,1909f56bfc062723c751e8b465ee728b)
Start importing Assets/UI Toolkit/sy/tablerow.uss using Guid(b8e96b7176c156046b944bff4ea0eb42) Importer(815301076,1909f56bfc062723c751e8b465ee728b)  -> (artifact id: '3f205089412228e2b7961f12bad22451') in 0.021505 seconds 
========================================================================
Received Import Request.
  Time since last request: 0.000020 seconds.
  path: Assets/UI Toolkit/sy/ui_info_box.uxml
  artifactKey: Guid(18b24abf4433ef742935e8817a6286d0) Importer(815301076,1909f56bfc062723c751e8b465ee728b)
Start importing Assets/UI Toolkit/sy/ui_info_box.uxml using Guid(18b24abf4433ef742935e8817a6286d0) Importer(815301076,1909f56bfc062723c751e8b465ee728b)  -> (artifact id: '3285ad0911c06fcecab0116d6616b66d') in 0.013850 seconds 
========================================================================
Received Import Request.
  Time since last request: 1218.523508 seconds.
  path: Assets/Resources/Icon/Explane_icon/dot.png
  artifactKey: Guid(f7676f31a9fa973449d84b3eab6f8946) Importer(815301076,1909f56bfc062723c751e8b465ee728b)
Start importing Assets/Resources/Icon/Explane_icon/dot.png using Guid(f7676f31a9fa973449d84b3eab6f8946) Importer(815301076,1909f56bfc062723c751e8b465ee728b)  -> (artifact id: '11cd1f56ad186799f27ffac32e71750d') in 0.092332 seconds 
========================================================================
Received Import Request.
  Time since last request: 0.000027 seconds.
  path: Assets/Resources/Icon/Explane_icon/Group 7301 (1).png
  artifactKey: Guid(7000fee96adbc1f46bf61120fa3fed2b) Importer(815301076,1909f56bfc062723c751e8b465ee728b)
Start importing Assets/Resources/Icon/Explane_icon/Group 7301 (1).png using Guid(7000fee96adbc1f46bf61120fa3fed2b) Importer(815301076,1909f56bfc062723c751e8b465ee728b)  -> (artifact id: '0825d0cc623766220dbd8eedac74142e') in 0.074150 seconds 
========================================================================
Received Import Request.
  Time since last request: 0.000023 seconds.
  path: Assets/Resources/Icon/Explane_icon/enter_btn.png
  artifactKey: Guid(971025b2b0ee51a47aaa92abc5c92310) Importer(815301076,1909f56bfc062723c751e8b465ee728b)
Start importing Assets/Resources/Icon/Explane_icon/enter_btn.png using Guid(971025b2b0ee51a47aaa92abc5c92310) Importer(815301076,1909f56bfc062723c751e8b465ee728b)  -> (artifact id: '735d074ce75bebd591d0a55afb8aab48') in 0.023592 seconds 
========================================================================
Received Import Request.
  Time since last request: 0.000026 seconds.
  path: Assets/Resources/Icon/Explane_icon/info (6).png
  artifactKey: Guid(be7b4442798dc09449fac190ca854726) Importer(815301076,1909f56bfc062723c751e8b465ee728b)
Start importing Assets/Resources/Icon/Explane_icon/info (6).png using Guid(be7b4442798dc09449fac190ca854726) Importer(815301076,1909f56bfc062723c751e8b465ee728b)  -> (artifact id: '5144a8ed931ce52c91f77e468766dac9') in 0.119113 seconds 
========================================================================
Received Import Request.
  Time since last request: 0.000019 seconds.
  path: Assets/Resources/Icon/Explane_icon/theme_description (3).png
  artifactKey: Guid(a335cb087c96b714a90abe2f4e4f3d04) Importer(815301076,1909f56bfc062723c751e8b465ee728b)
Start importing Assets/Resources/Icon/Explane_icon/theme_description (3).png using Guid(a335cb087c96b714a90abe2f4e4f3d04) Importer(815301076,1909f56bfc062723c751e8b465ee728b)  -> (artifact id: '13527c153a5aeec03e34d12739ffaaba') in 0.025903 seconds 
========================================================================
Received Import Request.
  Time since last request: 0.000016 seconds.
  path: Assets/Resources/Icon/Explane_icon/Rectangle 1311.png
  artifactKey: Guid(ba2ea52e217f32c4e92861b373753521) Importer(815301076,1909f56bfc062723c751e8b465ee728b)
Start importing Assets/Resources/Icon/Explane_icon/Rectangle 1311.png using Guid(ba2ea52e217f32c4e92861b373753521) Importer(815301076,1909f56bfc062723c751e8b465ee728b)  -> (artifact id: 'dc1e41084434f1fb08d4df28846de05d') in 0.069723 seconds 
========================================================================
Received Import Request.
  Time since last request: 0.000019 seconds.
  path: Assets/Resources/Icon/Explane_icon/Group 7301.png
  artifactKey: Guid(ec88ae39aa1337146a598973b71fd443) Importer(815301076,1909f56bfc062723c751e8b465ee728b)
Start importing Assets/Resources/Icon/Explane_icon/Group 7301.png using Guid(ec88ae39aa1337146a598973b71fd443) Importer(815301076,1909f56bfc062723c751e8b465ee728b)  -> (artifact id: '8283bff873a79549fbe785076f61b52f') in 0.106420 seconds 
========================================================================
Received Import Request.
  Time since last request: 0.000030 seconds.
  path: Assets/Resources/Icon/Explane_icon/theme_description-1.png
  artifactKey: Guid(92278b656dfce5741883bd1d7fa69195) Importer(815301076,1909f56bfc062723c751e8b465ee728b)
Start importing Assets/Resources/Icon/Explane_icon/theme_description-1.png using Guid(92278b656dfce5741883bd1d7fa69195) Importer(815301076,1909f56bfc062723c751e8b465ee728b)  -> (artifact id: '84cbda3cbf7119a55b12e16568d69fea') in 0.024216 seconds 
========================================================================
Received Import Request.
  Time since last request: 0.000021 seconds.
  path: Assets/Resources/Icon/Explane_icon/theme_description (2).png
  artifactKey: Guid(dca0307af8e4b474a96fdad5c8a7cc43) Importer(815301076,1909f56bfc062723c751e8b465ee728b)
Start importing Assets/Resources/Icon/Explane_icon/theme_description (2).png using Guid(dca0307af8e4b474a96fdad5c8a7cc43) Importer(815301076,1909f56bfc062723c751e8b465ee728b)  -> (artifact id: '3bfb007691e945a4debab4cdc15784cb') in 0.020585 seconds 
========================================================================
Received Import Request.
  Time since last request: 0.000021 seconds.
  path: Assets/Resources/Icon/Explane_icon/Rectangle 1312.png
  artifactKey: Guid(0a09a6c8c49be214fb21fa04ed0343ec) Importer(815301076,1909f56bfc062723c751e8b465ee728b)
Start importing Assets/Resources/Icon/Explane_icon/Rectangle 1312.png using Guid(0a09a6c8c49be214fb21fa04ed0343ec) Importer(815301076,1909f56bfc062723c751e8b465ee728b)  -> (artifact id: '0808cff7e6436a5ca0d5945f846afb1d') in 0.120022 seconds 
Editor requested this worker to shutdown with reason: Scaling down because of idle timeout
AssetImportWorker is now disconnected from the server
Process exiting
Exiting without the bug reporter. Application will terminate with return code 0